This file contains any messages produced by compilers while
running configure, to aid debugging if configure makes a mistake.

It was created by vo-aacenc configure 0.1.2, which was
generated by GNU Autoconf 2.68.  Invocation command line was

  $ ./configure --prefix=/home/jun-young/workspace/Catch-Player/FFmpegLibrary/jni/vo-aacenc/../ffmpeg-build/armeabi-v7a-neon --host=arm-linux --disable-dependency-tracking --disable-shared --enable-static --with-pic --enable-neon

## --------- ##
## Platform. ##
## --------- ##

hostname = Developer
uname -m = x86_64
uname -r = 3.5.0-41-generic
uname -s = Linux
uname -v = #64~precise1-Ubuntu SMP Thu Sep 12 16:50:04 UTC 2013

/usr/bin/uname -p = unknown
/bin/uname -X     = unknown

/bin/arch              = unknown
/usr/bin/arch -k       = unknown
/usr/convex/getsysinfo = unknown
/usr/bin/hostinfo      = unknown
/bin/machine           = unknown
/usr/bin/oslevel       = unknown
/bin/universe          = unknown

PATH: /usr/local/sbin
PATH: /usr/local/bin
PATH: /usr/sbin
PATH: /usr/bin
PATH: /sbin
PATH: /bin
PATH: /home/jun-young/android-ndk-r9/
PATH: /home/jun-young/android-ndk-r9//toolchains/arm-linux-androideabi-4.4.3/prebuilt/linux-x86_64/bin/
PATH: /home/jun-young/android-ndk-r9//toolchains/arm-linux-androideabi-4.4.3/prebuilt/linux-x86_64/bin/
PATH: /home/jun-young/android-ndk-r9//toolchains/arm-linux-androideabi-4.4.3/prebuilt/linux-x86_64/bin/
PATH: /home/jun-young/android-ndk-r9//toolchains/arm-linux-androideabi-4.4.3/prebuilt/linux-x86_64/bin/
PATH: /home/jun-young/android-ndk-r9//toolchains/arm-linux-androideabi-4.4.3/prebuilt/linux-x86_64/bin/
PATH: /home/jun-young/android-ndk-r9//toolchains/x86-4.4.3/prebuilt/linux-x86_64/bin/
PATH: /home/jun-young/android-ndk-r9//toolchains/x86-4.4.3/prebuilt/linux-x86_64/bin/
PATH: /home/jun-young/android-ndk-r9//toolchains/x86-4.4.3/prebuilt/linux-x86_64/bin/
PATH: /home/jun-young/android-ndk-r9//toolchains/x86-4.4.3/prebuilt/linux-x86_64/bin/
PATH: /home/jun-young/android-ndk-r9//toolchains/x86-4.4.3/prebuilt/linux-x86_64/bin/
PATH: /home/jun-young/android-ndk-r9//toolchains/mipsel-linux-android-4.4.3/prebuilt/linux-x86_64/bin/
PATH: /home/jun-young/android-ndk-r9//toolchains/mipsel-linux-android-4.4.3/prebuilt/linux-x86_64/bin/
PATH: /home/jun-young/android-ndk-r9//toolchains/mipsel-linux-android-4.4.3/prebuilt/linux-x86_64/bin/
PATH: /home/jun-young/android-ndk-r9//toolchains/mipsel-linux-android-4.4.3/prebuilt/linux-x86_64/bin/
PATH: /home/jun-young/android-ndk-r9//toolchains/mipsel-linux-android-4.4.3/prebuilt/linux-x86_64/bin/
PATH: /home/jun-young/android-ndk-r9//toolchains/arm-linux-androideabi-4.4.3/prebuilt/linux-x86_64/bin/
PATH: /home/jun-young/android-ndk-r9//toolchains/arm-linux-androideabi-4.4.3/prebuilt/linux-x86_64/bin/
PATH: /home/jun-young/android-ndk-r9//toolchains/arm-linux-androideabi-4.4.3/prebuilt/linux-x86_64/bin/
PATH: /home/jun-young/android-ndk-r9//toolchains/arm-linux-androideabi-4.4.3/prebuilt/linux-x86_64/bin/
PATH: /home/jun-young/android-ndk-r9//toolchains/arm-linux-androideabi-4.4.3/prebuilt/linux-x86_64/bin/
PATH: /home/jun-young/android-ndk-r9//toolchains/arm-linux-androideabi-4.4.3/prebuilt/linux-x86_64/bin/
PATH: /home/jun-young/android-ndk-r9//toolchains/arm-linux-androideabi-4.4.3/prebuilt/linux-x86_64/bin/


## ----------- ##
## Core tests. ##
## ----------- ##

configure:2168: checking for a BSD-compatible install
configure:2236: result: /usr/bin/install -c
configure:2247: checking whether build environment is sane
configure:2297: result: yes
configure:2346: checking for arm-linux-strip
configure:2373: result: /home/jun-young/android-ndk-r9//toolchains/arm-linux-androideabi-4.4.3/prebuilt/linux-x86_64/bin/arm-linux-androideabi-strip
configure:2438: checking for a thread-safe mkdir -p
configure:2477: result: /bin/mkdir -p
configure:2490: checking for gawk
configure:2506: found /usr/bin/gawk
configure:2517: result: gawk
configure:2528: checking whether make sets $(MAKE)
configure:2550: result: yes
configure:2625: checking how to create a ustar tar archive
configure:2638: tar --version
tar (GNU tar) 1.26
Copyright (C) 2011 Free Software Foundation, Inc.
License GPLv3+: GNU GPL version 3 or later <http://gnu.org/licenses/gpl.html>.
This is free software: you are free to change and redistribute it.
There is NO WARRANTY, to the extent permitted by law.

Written by John Gilmore and Jay Fenlason.
configure:2641: $? = 0
configure:2681: tardir=conftest.dir && eval tar --format=ustar -chf - "$tardir" >conftest.tar
configure:2684: $? = 0
configure:2688: tar -xf - <conftest.tar
configure:2691: $? = 0
configure:2704: result: gnutar
configure:2722: checking whether make supports nested variables
configure:2739: result: yes
configure:2753: checking whether to enable maintainer-specific portions of Makefiles
configure:2762: result: no
configure:2781: checking build system type
configure:2795: result: x86_64-unknown-linux-gnu
configure:2815: checking host system type
configure:2828: result: arm-unknown-linux-gnu
configure:2912: checking for style of include used by make
configure:2940: result: GNU
configure:2971: checking for arm-linux-gcc
configure:2998: result: /home/jun-young/android-ndk-r9//toolchains/arm-linux-androideabi-4.4.3/prebuilt/linux-x86_64/bin/arm-linux-androideabi-gcc --sysroot=/home/jun-young/android-ndk-r9//platforms/android-9/arch-arm/
configure:3267: checking for C compiler version
configure:3276: /home/jun-young/android-ndk-r9//toolchains/arm-linux-androideabi-4.4.3/prebuilt/linux-x86_64/bin/arm-linux-androideabi-gcc --sysroot=/home/jun-young/android-ndk-r9//platforms/android-9/arch-arm/ --version >&5
arm-linux-androideabi-gcc (GCC) 4.4.3
Copyright (C) 2009 Free Software Foundation, Inc.
This is free software; see the source for copying conditions.  There is NO
warranty; not even for MERCHANTABILITY or FITNESS FOR A PARTICULAR PURPOSE.

configure:3287: $? = 0
configure:3276: /home/jun-young/android-ndk-r9//toolchains/arm-linux-androideabi-4.4.3/prebuilt/linux-x86_64/bin/arm-linux-androideabi-gcc --sysroot=/home/jun-young/android-ndk-r9//platforms/android-9/arch-arm/ -v >&5
Using built-in specs.
Target: arm-linux-androideabi
Configured with: /s/ndk-toolchain/src/build/../gcc/gcc-4.4.3/configure --prefix=/tmp/ndk-andrewhsieh/build/toolchain/prefix --target=arm-linux-androideabi --host=x86_64-linux-gnu --build=x86_64-linux-gnu --with-gnu-as --with-gnu-ld --enable-languages=c,c++ --with-gmp=/tmp/ndk-andrewhsieh/build/toolchain/temp-install --with-mpfr=/tmp/ndk-andrewhsieh/build/toolchain/temp-install --without-ppl --without-cloog --without-isl --disable-libssp --enable-threads --disable-nls --disable-libmudflap --disable-libgomp --disable-libstdc__-v3 --disable-sjlj-exceptions --disable-shared --disable-tls --disable-libitm --with-float=soft --with-fpu=vfp --with-arch=armv5te --enable-target-optspace --enable-initfini-array --disable-nls --prefix=/tmp/ndk-andrewhsieh/build/toolchain/prefix --with-sysroot=/tmp/ndk-andrewhsieh/build/toolchain/prefix/sysroot --with-binutils-version=2.19 --with-mpfr-version=3.1.1 --with-mpc-version=1.0.1 --with-gmp-version=5.0.5 --with-gcc-version=4.4.3 --with-gdb-version=7.3.x --with-python=/usr/local/google/home/andrewhsieh/mydroid/ndk/prebuilt/linux-x86_64/bin/python-config.sh --with-gxx-include-dir=/tmp/ndk-andrewhsieh/build/toolchain/prefix/include/c++/4.4.3 --with-bugurl=http://source.android.com/source/report-bugs.html --disable-bootstrap --disable-libquadmath --disable-plugin --enable-libgomp --disable-libsanitizer --with-arch=armv5te --program-transform-name='s&^&arm-linux-androideabi-&'
Thread model: posix
gcc version 4.4.3 (GCC) 
configure:3287: $? = 0
configure:3276: /home/jun-young/android-ndk-r9//toolchains/arm-linux-androideabi-4.4.3/prebuilt/linux-x86_64/bin/arm-linux-androideabi-gcc --sysroot=/home/jun-young/android-ndk-r9//platforms/android-9/arch-arm/ -V >&5
arm-linux-androideabi-gcc: '-V' must come at the start of the command line
configure:3287: $? = 1
configure:3276: /home/jun-young/android-ndk-r9//toolchains/arm-linux-androideabi-4.4.3/prebuilt/linux-x86_64/bin/arm-linux-androideabi-gcc --sysroot=/home/jun-young/android-ndk-r9//platforms/android-9/arch-arm/ -qversion >&5
arm-linux-androideabi-gcc: unrecognized option '-qversion'
arm-linux-androideabi-gcc: no input files
configure:3287: $? = 1
configure:3307: checking whether the C compiler works
configure:3329: /home/jun-young/android-ndk-r9//toolchains/arm-linux-androideabi-4.4.3/prebuilt/linux-x86_64/bin/arm-linux-androideabi-gcc --sysroot=/home/jun-young/android-ndk-r9//platforms/android-9/arch-arm/ -mfloat-abi=softfp -mfpu=neon -marm -march=armv7-a -mtune=cortex-a8 -mthumb -D__thumb__  -mfloat-abi=softfp -mfpu=neon -marm -march=armv7-a -mtune=cortex-a8 -mthumb -D__thumb__  -Wl,-rpath-link=/home/jun-young/android-ndk-r9//platforms/android-9/arch-arm//usr/lib -L/home/jun-young/android-ndk-r9//platforms/android-9/arch-arm//usr/lib -nostdlib -lc -lm -ldl -llog conftest.c  >&5
/home/jun-young/android-ndk-r9//toolchains/arm-linux-androideabi-4.4.3/prebuilt/linux-x86_64/bin/../lib/gcc/arm-linux-androideabi/4.4.3/../../../../arm-linux-androideabi/bin/ld: warning: cannot find entry symbol _start; defaulting to 00000000000081c8
configure:3333: $? = 0
configure:3381: result: yes
configure:3384: checking for C compiler default output file name
configure:3386: result: a.out
configure:3392: checking for suffix of executables
configure:3399: /home/jun-young/android-ndk-r9//toolchains/arm-linux-androideabi-4.4.3/prebuilt/linux-x86_64/bin/arm-linux-androideabi-gcc --sysroot=/home/jun-young/android-ndk-r9//platforms/android-9/arch-arm/ -o conftest -mfloat-abi=softfp -mfpu=neon -marm -march=armv7-a -mtune=cortex-a8 -mthumb -D__thumb__  -mfloat-abi=softfp -mfpu=neon -marm -march=armv7-a -mtune=cortex-a8 -mthumb -D__thumb__  -Wl,-rpath-link=/home/jun-young/android-ndk-r9//platforms/android-9/arch-arm//usr/lib -L/home/jun-young/android-ndk-r9//platforms/android-9/arch-arm//usr/lib -nostdlib -lc -lm -ldl -llog conftest.c  >&5
/home/jun-young/android-ndk-r9//toolchains/arm-linux-androideabi-4.4.3/prebuilt/linux-x86_64/bin/../lib/gcc/arm-linux-androideabi/4.4.3/../../../../arm-linux-androideabi/bin/ld: warning: cannot find entry symbol _start; defaulting to 00000000000081c8
configure:3403: $? = 0
configure:3425: result: 
configure:3447: checking whether we are cross compiling
configure:3455: /home/jun-young/android-ndk-r9//toolchains/arm-linux-androideabi-4.4.3/prebuilt/linux-x86_64/bin/arm-linux-androideabi-gcc --sysroot=/home/jun-young/android-ndk-r9//platforms/android-9/arch-arm/ -o conftest -mfloat-abi=softfp -mfpu=neon -marm -march=armv7-a -mtune=cortex-a8 -mthumb -D__thumb__  -mfloat-abi=softfp -mfpu=neon -marm -march=armv7-a -mtune=cortex-a8 -mthumb -D__thumb__  -Wl,-rpath-link=/home/jun-young/android-ndk-r9//platforms/android-9/arch-arm//usr/lib -L/home/jun-young/android-ndk-r9//platforms/android-9/arch-arm//usr/lib -nostdlib -lc -lm -ldl -llog conftest.c  >&5
/home/jun-young/android-ndk-r9//toolchains/arm-linux-androideabi-4.4.3/prebuilt/linux-x86_64/bin/../lib/gcc/arm-linux-androideabi/4.4.3/../../../../arm-linux-androideabi/bin/ld: warning: cannot find entry symbol _start; defaulting to 000000000000823c
configure:3459: $? = 0
configure:3466: ./conftest
./configure: line 3468: ./conftest: cannot execute binary file
configure:3470: $? = 126
configure:3485: result: yes
configure:3490: checking for suffix of object files
configure:3512: /home/jun-young/android-ndk-r9//toolchains/arm-linux-androideabi-4.4.3/prebuilt/linux-x86_64/bin/arm-linux-androideabi-gcc --sysroot=/home/jun-young/android-ndk-r9//platforms/android-9/arch-arm/ -c -mfloat-abi=softfp -mfpu=neon -marm -march=armv7-a -mtune=cortex-a8 -mthumb -D__thumb__  -mfloat-abi=softfp -mfpu=neon -marm -march=armv7-a -mtune=cortex-a8 -mthumb -D__thumb__  conftest.c >&5
configure:3516: $? = 0
configure:3537: result: o
configure:3541: checking whether we are using the GNU C compiler
configure:3560: /home/jun-young/android-ndk-r9//toolchains/arm-linux-androideabi-4.4.3/prebuilt/linux-x86_64/bin/arm-linux-androideabi-gcc --sysroot=/home/jun-young/android-ndk-r9//platforms/android-9/arch-arm/ -c -mfloat-abi=softfp -mfpu=neon -marm -march=armv7-a -mtune=cortex-a8 -mthumb -D__thumb__  -mfloat-abi=softfp -mfpu=neon -marm -march=armv7-a -mtune=cortex-a8 -mthumb -D__thumb__  conftest.c >&5
configure:3560: $? = 0
configure:3569: result: yes
configure:3578: checking whether /home/jun-young/android-ndk-r9//toolchains/arm-linux-androideabi-4.4.3/prebuilt/linux-x86_64/bin/arm-linux-androideabi-gcc --sysroot=/home/jun-young/android-ndk-r9//platforms/android-9/arch-arm/ accepts -g
configure:3598: /home/jun-young/android-ndk-r9//toolchains/arm-linux-androideabi-4.4.3/prebuilt/linux-x86_64/bin/arm-linux-androideabi-gcc --sysroot=/home/jun-young/android-ndk-r9//platforms/android-9/arch-arm/ -c -g -mfloat-abi=softfp -mfpu=neon -marm -march=armv7-a -mtune=cortex-a8 -mthumb -D__thumb__  conftest.c >&5
configure:3598: $? = 0
configure:3639: result: yes
configure:3656: checking for /home/jun-young/android-ndk-r9//toolchains/arm-linux-androideabi-4.4.3/prebuilt/linux-x86_64/bin/arm-linux-androideabi-gcc --sysroot=/home/jun-young/android-ndk-r9//platforms/android-9/arch-arm/ option to accept ISO C89
configure:3720: /home/jun-young/android-ndk-r9//toolchains/arm-linux-androideabi-4.4.3/prebuilt/linux-x86_64/bin/arm-linux-androideabi-gcc --sysroot=/home/jun-young/android-ndk-r9//platforms/android-9/arch-arm/  -c -mfloat-abi=softfp -mfpu=neon -marm -march=armv7-a -mtune=cortex-a8 -mthumb -D__thumb__  -mfloat-abi=softfp -mfpu=neon -marm -march=armv7-a -mtune=cortex-a8 -mthumb -D__thumb__  conftest.c >&5
configure:3720: $? = 0
configure:3733: result: none needed
configure:3755: checking dependency style of /home/jun-young/android-ndk-r9//toolchains/arm-linux-androideabi-4.4.3/prebuilt/linux-x86_64/bin/arm-linux-androideabi-gcc --sysroot=/home/jun-young/android-ndk-r9//platforms/android-9/arch-arm/
configure:3866: result: none
configure:3890: checking dependency style of /home/jun-young/android-ndk-r9//toolchains/arm-linux-androideabi-4.4.3/prebuilt/linux-x86_64/bin/arm-linux-androideabi-gcc --sysroot=/home/jun-young/android-ndk-r9//platforms/android-9/arch-arm/
configure:3999: result: none
configure:4014: checking for /home/jun-young/android-ndk-r9//toolchains/arm-linux-androideabi-4.4.3/prebuilt/linux-x86_64/bin/arm-linux-androideabi-gcc --sysroot=/home/jun-young/android-ndk-r9//platforms/android-9/arch-arm/ option to accept ISO C99
configure:4163: /home/jun-young/android-ndk-r9//toolchains/arm-linux-androideabi-4.4.3/prebuilt/linux-x86_64/bin/arm-linux-androideabi-gcc --sysroot=/home/jun-young/android-ndk-r9//platforms/android-9/arch-arm/  -c -mfloat-abi=softfp -mfpu=neon -marm -march=armv7-a -mtune=cortex-a8 -mthumb -D__thumb__  -mfloat-abi=softfp -mfpu=neon -marm -march=armv7-a -mtune=cortex-a8 -mthumb -D__thumb__  conftest.c >&5
conftest.c:61: error: expected ';', ',' or ')' before 'text'
conftest.c: In function 'main':
conftest.c:115: error: expected '=', ',', ';', 'asm' or '__attribute__' before 'newvar'
conftest.c:115: error: 'newvar' undeclared (first use in this function)
conftest.c:115: error: (Each undeclared identifier is reported only once
conftest.c:115: error: for each function it appears in.)
conftest.c:125: error: 'for' loop initial declarations are only allowed in C99 mode
conftest.c:125: note: use option -std=c99 or -std=gnu99 to compile your code
configure:4163: $? = 1
configure: failed program was:
| /* confdefs.h */
| #define PACKAGE_NAME "vo-aacenc"
| #define PACKAGE_TARNAME "vo-aacenc"
| #define PACKAGE_VERSION "0.1.2"
| #define PACKAGE_STRING "vo-aacenc 0.1.2"
| #define PACKAGE_BUGREPORT "http://sourceforge.net/projects/opencore-amr/"
| #define PACKAGE_URL ""
| #define PACKAGE "vo-aacenc"
| #define VERSION "0.1.2"
| /* end confdefs.h.  */
| #include <stdarg.h>
| #include <stdbool.h>
| #include <stdlib.h>
| #include <wchar.h>
| #include <stdio.h>
| 
| // Check varargs macros.  These examples are taken from C99 6.10.3.5.
| #define debug(...) fprintf (stderr, __VA_ARGS__)
| #define showlist(...) puts (#__VA_ARGS__)
| #define report(test,...) ((test) ? puts (#test) : printf (__VA_ARGS__))
| static void
| test_varargs_macros (void)
| {
|   int x = 1234;
|   int y = 5678;
|   debug ("Flag");
|   debug ("X = %d\n", x);
|   showlist (The first, second, and third items.);
|   report (x>y, "x is %d but y is %d", x, y);
| }
| 
| // Check long long types.
| #define BIG64 18446744073709551615ull
| #define BIG32 4294967295ul
| #define BIG_OK (BIG64 / BIG32 == 4294967297ull && BIG64 % BIG32 == 0)
| #if !BIG_OK
|   your preprocessor is broken;
| #endif
| #if BIG_OK
| #else
|   your preprocessor is broken;
| #endif
| static long long int bignum = -9223372036854775807LL;
| static unsigned long long int ubignum = BIG64;
| 
| struct incomplete_array
| {
|   int datasize;
|   double data[];
| };
| 
| struct named_init {
|   int number;
|   const wchar_t *name;
|   double average;
| };
| 
| typedef const char *ccp;
| 
| static inline int
| test_restrict (ccp restrict text)
| {
|   // See if C++-style comments work.
|   // Iterate through items via the restricted pointer.
|   // Also check for declarations in for loops.
|   for (unsigned int i = 0; *(text+i) != '\0'; ++i)
|     continue;
|   return 0;
| }
| 
| // Check varargs and va_copy.
| static void
| test_varargs (const char *format, ...)
| {
|   va_list args;
|   va_start (args, format);
|   va_list args_copy;
|   va_copy (args_copy, args);
| 
|   const char *str;
|   int number;
|   float fnumber;
| 
|   while (*format)
|     {
|       switch (*format++)
| 	{
| 	case 's': // string
| 	  str = va_arg (args_copy, const char *);
| 	  break;
| 	case 'd': // int
| 	  number = va_arg (args_copy, int);
| 	  break;
| 	case 'f': // float
| 	  fnumber = va_arg (args_copy, double);
| 	  break;
| 	default:
| 	  break;
| 	}
|     }
|   va_end (args_copy);
|   va_end (args);
| }
| 
| int
| main ()
| {
| 
|   // Check bool.
|   _Bool success = false;
| 
|   // Check restrict.
|   if (test_restrict ("String literal") == 0)
|     success = true;
|   char *restrict newvar = "Another string";
| 
|   // Check varargs.
|   test_varargs ("s, d' f .", "string", 65, 34.234);
|   test_varargs_macros ();
| 
|   // Check flexible array members.
|   struct incomplete_array *ia =
|     malloc (sizeof (struct incomplete_array) + (sizeof (double) * 10));
|   ia->datasize = 10;
|   for (int i = 0; i < ia->datasize; ++i)
|     ia->data[i] = i * 1.234;
| 
|   // Check named initializers.
|   struct named_init ni = {
|     .number = 34,
|     .name = L"Test wide string",
|     .average = 543.34343,
|   };
| 
|   ni.number = 58;
| 
|   int dynamic_array[ni.number];
|   dynamic_array[ni.number - 1] = 543;
| 
|   // work around unused variable warnings
|   return (!success || bignum == 0LL || ubignum == 0uLL || newvar[0] == 'x'
| 	  || dynamic_array[ni.number - 1] != 543);
| 
|   ;
|   return 0;
| }
configure:4163: /home/jun-young/android-ndk-r9//toolchains/arm-linux-androideabi-4.4.3/prebuilt/linux-x86_64/bin/arm-linux-androideabi-gcc --sysroot=/home/jun-young/android-ndk-r9//platforms/android-9/arch-arm/ -std=gnu99 -c -mfloat-abi=softfp -mfpu=neon -marm -march=armv7-a -mtune=cortex-a8 -mthumb -D__thumb__  -mfloat-abi=softfp -mfpu=neon -marm -march=armv7-a -mtune=cortex-a8 -mthumb -D__thumb__  conftest.c >&5
configure:4163: $? = 0
configure:4183: result: -std=gnu99
configure:4239: checking how to print strings
configure:4266: result: printf
configure:4287: checking for a sed that does not truncate output
configure:4351: result: /bin/sed
configure:4369: checking for grep that handles long lines and -e
configure:4427: result: /bin/grep
configure:4432: checking for egrep
configure:4494: result: /bin/grep -E
configure:4499: checking for fgrep
configure:4561: result: /bin/grep -F
configure:4596: checking for ld used by /home/jun-young/android-ndk-r9//toolchains/arm-linux-androideabi-4.4.3/prebuilt/linux-x86_64/bin/arm-linux-androideabi-gcc --sysroot=/home/jun-young/android-ndk-r9//platforms/android-9/arch-arm/ -std=gnu99
configure:4663: result: /home/jun-young/android-ndk-r9//toolchains/arm-linux-androideabi-4.4.3/prebuilt/linux-x86_64/arm-linux-androideabi/bin/ld
configure:4670: checking if the linker (/home/jun-young/android-ndk-r9//toolchains/arm-linux-androideabi-4.4.3/prebuilt/linux-x86_64/arm-linux-androideabi/bin/ld) is GNU ld
configure:4685: result: yes
configure:4697: checking for BSD- or MS-compatible name lister (nm)
configure:4746: result: /home/jun-young/android-ndk-r9//toolchains/arm-linux-androideabi-4.4.3/prebuilt/linux-x86_64/bin/arm-linux-androideabi-nm
configure:4876: checking the name lister (/home/jun-young/android-ndk-r9//toolchains/arm-linux-androideabi-4.4.3/prebuilt/linux-x86_64/bin/arm-linux-androideabi-nm) interface
configure:4883: /home/jun-young/android-ndk-r9//toolchains/arm-linux-androideabi-4.4.3/prebuilt/linux-x86_64/bin/arm-linux-androideabi-gcc --sysroot=/home/jun-young/android-ndk-r9//platforms/android-9/arch-arm/ -std=gnu99 -c -mfloat-abi=softfp -mfpu=neon -marm -march=armv7-a -mtune=cortex-a8 -mthumb -D__thumb__  -mfloat-abi=softfp -mfpu=neon -marm -march=armv7-a -mtune=cortex-a8 -mthumb -D__thumb__  conftest.c >&5
configure:4886: /home/jun-young/android-ndk-r9//toolchains/arm-linux-androideabi-4.4.3/prebuilt/linux-x86_64/bin/arm-linux-androideabi-nm "conftest.o"
configure:4889: output
00000000 B some_variable
configure:4896: result: BSD nm
configure:4899: checking whether ln -s works
configure:4903: result: yes
configure:4911: checking the maximum length of command line arguments
configure:5041: result: 1572864
configure:5058: checking whether the shell understands some XSI constructs
configure:5068: result: yes
configure:5072: checking whether the shell understands "+="
configure:5078: result: yes
configure:5113: checking how to convert x86_64-unknown-linux-gnu file names to arm-unknown-linux-gnu format
configure:5153: result: func_convert_file_noop
configure:5160: checking how to convert x86_64-unknown-linux-gnu file names to toolchain format
configure:5180: result: func_convert_file_noop
configure:5187: checking for /home/jun-young/android-ndk-r9//toolchains/arm-linux-androideabi-4.4.3/prebuilt/linux-x86_64/arm-linux-androideabi/bin/ld option to reload object files
configure:5194: result: -r
configure:5228: checking for arm-linux-objdump
configure:5258: result: no
configure:5268: checking for objdump
configure:5284: found /usr/bin/objdump
configure:5295: result: objdump
configure:5307: WARNING: using cross tools not prefixed with host triplet
configure:5327: checking how to recognize dependent libraries
configure:5529: result: pass_all
configure:5574: checking for arm-linux-dlltool
configure:5604: result: no
configure:5614: checking for dlltool
configure:5644: result: no
configure:5674: checking how to associate runtime and link libraries
configure:5701: result: printf %s\n
configure:5718: checking for arm-linux-ar
configure:5745: result: /home/jun-young/android-ndk-r9//toolchains/arm-linux-androideabi-4.4.3/prebuilt/linux-x86_64/bin/arm-linux-androideabi-ar
configure:5826: checking for archiver @FILE support
configure:5843: /home/jun-young/android-ndk-r9//toolchains/arm-linux-androideabi-4.4.3/prebuilt/linux-x86_64/bin/arm-linux-androideabi-gcc --sysroot=/home/jun-young/android-ndk-r9//platforms/android-9/arch-arm/ -std=gnu99 -c -mfloat-abi=softfp -mfpu=neon -marm -march=armv7-a -mtune=cortex-a8 -mthumb -D__thumb__  -mfloat-abi=softfp -mfpu=neon -marm -march=armv7-a -mtune=cortex-a8 -mthumb -D__thumb__  conftest.c >&5
configure:5843: $? = 0
configure:5846: /home/jun-young/android-ndk-r9//toolchains/arm-linux-androideabi-4.4.3/prebuilt/linux-x86_64/bin/arm-linux-androideabi-ar cru libconftest.a @conftest.lst >&5
configure:5849: $? = 0
configure:5854: /home/jun-young/android-ndk-r9//toolchains/arm-linux-androideabi-4.4.3/prebuilt/linux-x86_64/bin/arm-linux-androideabi-ar cru libconftest.a @conftest.lst >&5
/home/jun-young/android-ndk-r9//toolchains/arm-linux-androideabi-4.4.3/prebuilt/linux-x86_64/bin/arm-linux-androideabi-ar: conftest.o: No such file or directory
configure:5857: $? = 1
configure:5869: result: @
configure:5887: checking for arm-linux-strip
configure:5914: result: /home/jun-young/android-ndk-r9//toolchains/arm-linux-androideabi-4.4.3/prebuilt/linux-x86_64/bin/arm-linux-androideabi-strip
configure:5986: checking for arm-linux-ranlib
configure:6013: result: /home/jun-young/android-ndk-r9//toolchains/arm-linux-androideabi-4.4.3/prebuilt/linux-x86_64/bin/arm-linux-androideabi-ranlib
configure:6155: checking command to parse /home/jun-young/android-ndk-r9//toolchains/arm-linux-androideabi-4.4.3/prebuilt/linux-x86_64/bin/arm-linux-androideabi-nm output from /home/jun-young/android-ndk-r9//toolchains/arm-linux-androideabi-4.4.3/prebuilt/linux-x86_64/bin/arm-linux-androideabi-gcc --sysroot=/home/jun-young/android-ndk-r9//platforms/android-9/arch-arm/ -std=gnu99 object
configure:6275: /home/jun-young/android-ndk-r9//toolchains/arm-linux-androideabi-4.4.3/prebuilt/linux-x86_64/bin/arm-linux-androideabi-gcc --sysroot=/home/jun-young/android-ndk-r9//platforms/android-9/arch-arm/ -std=gnu99 -c -mfloat-abi=softfp -mfpu=neon -marm -march=armv7-a -mtune=cortex-a8 -mthumb -D__thumb__  -mfloat-abi=softfp -mfpu=neon -marm -march=armv7-a -mtune=cortex-a8 -mthumb -D__thumb__  conftest.c >&5
configure:6278: $? = 0
configure:6282: /home/jun-young/android-ndk-r9//toolchains/arm-linux-androideabi-4.4.3/prebuilt/linux-x86_64/bin/arm-linux-androideabi-nm conftest.o \| sed -n -e 's/^.*[ ]\([ABCDGIRSTW][ABCDGIRSTW]*\)[ ][ ]*\([_A-Za-z][_A-Za-z0-9]*\)$/\1 \2 \2/p' | sed '/ __gnu_lto/d' \> conftest.nm
configure:6285: $? = 0
configure:6351: /home/jun-young/android-ndk-r9//toolchains/arm-linux-androideabi-4.4.3/prebuilt/linux-x86_64/bin/arm-linux-androideabi-gcc --sysroot=/home/jun-young/android-ndk-r9//platforms/android-9/arch-arm/ -std=gnu99 -o conftest -mfloat-abi=softfp -mfpu=neon -marm -march=armv7-a -mtune=cortex-a8 -mthumb -D__thumb__  -mfloat-abi=softfp -mfpu=neon -marm -march=armv7-a -mtune=cortex-a8 -mthumb -D__thumb__  -Wl,-rpath-link=/home/jun-young/android-ndk-r9//platforms/android-9/arch-arm//usr/lib -L/home/jun-young/android-ndk-r9//platforms/android-9/arch-arm//usr/lib -nostdlib -lc -lm -ldl -llog conftest.c conftstm.o >&5
/home/jun-young/android-ndk-r9//toolchains/arm-linux-androideabi-4.4.3/prebuilt/linux-x86_64/bin/../lib/gcc/arm-linux-androideabi/4.4.3/../../../../arm-linux-androideabi/bin/ld: warning: cannot find entry symbol _start; defaulting to 00000000000081f0
configure:6354: $? = 0
configure:6392: result: ok
configure:6429: checking for sysroot
configure:6459: result: no
configure:6675: checking for arm-linux-mt
configure:6705: result: no
configure:6715: checking for mt
configure:6731: found /bin/mt
configure:6742: result: mt
configure:6765: checking if mt is a manifest tool
configure:6771: mt '-?'
configure:6779: result: no
configure:7421: checking how to run the C preprocessor
configure:7452: /home/jun-young/android-ndk-r9//toolchains/arm-linux-androideabi-4.4.3/prebuilt/linux-x86_64/bin/arm-linux-androideabi-gcc --sysroot=/home/jun-young/android-ndk-r9//platforms/android-9/arch-arm/ -std=gnu99 -E -mfloat-abi=softfp -mfpu=neon -marm -march=armv7-a -mtune=cortex-a8 -mthumb -D__thumb__  conftest.c
configure:7452: $? = 0
configure:7466: /home/jun-young/android-ndk-r9//toolchains/arm-linux-androideabi-4.4.3/prebuilt/linux-x86_64/bin/arm-linux-androideabi-gcc --sysroot=/home/jun-young/android-ndk-r9//platforms/android-9/arch-arm/ -std=gnu99 -E -mfloat-abi=softfp -mfpu=neon -marm -march=armv7-a -mtune=cortex-a8 -mthumb -D__thumb__  conftest.c
conftest.c:11:28: error: ac_nonexistent.h: No such file or directory
configure:7466: $? = 1
configure: failed program was:
| /* confdefs.h */
| #define PACKAGE_NAME "vo-aacenc"
| #define PACKAGE_TARNAME "vo-aacenc"
| #define PACKAGE_VERSION "0.1.2"
| #define PACKAGE_STRING "vo-aacenc 0.1.2"
| #define PACKAGE_BUGREPORT "http://sourceforge.net/projects/opencore-amr/"
| #define PACKAGE_URL ""
| #define PACKAGE "vo-aacenc"
| #define VERSION "0.1.2"
| /* end confdefs.h.  */
| #include <ac_nonexistent.h>
configure:7491: result: /home/jun-young/android-ndk-r9//toolchains/arm-linux-androideabi-4.4.3/prebuilt/linux-x86_64/bin/arm-linux-androideabi-gcc --sysroot=/home/jun-young/android-ndk-r9//platforms/android-9/arch-arm/ -std=gnu99 -E
configure:7511: /home/jun-young/android-ndk-r9//toolchains/arm-linux-androideabi-4.4.3/prebuilt/linux-x86_64/bin/arm-linux-androideabi-gcc --sysroot=/home/jun-young/android-ndk-r9//platforms/android-9/arch-arm/ -std=gnu99 -E -mfloat-abi=softfp -mfpu=neon -marm -march=armv7-a -mtune=cortex-a8 -mthumb -D__thumb__  conftest.c
configure:7511: $? = 0
configure:7525: /home/jun-young/android-ndk-r9//toolchains/arm-linux-androideabi-4.4.3/prebuilt/linux-x86_64/bin/arm-linux-androideabi-gcc --sysroot=/home/jun-young/android-ndk-r9//platforms/android-9/arch-arm/ -std=gnu99 -E -mfloat-abi=softfp -mfpu=neon -marm -march=armv7-a -mtune=cortex-a8 -mthumb -D__thumb__  conftest.c
conftest.c:11:28: error: ac_nonexistent.h: No such file or directory
configure:7525: $? = 1
configure: failed program was:
| /* confdefs.h */
| #define PACKAGE_NAME "vo-aacenc"
| #define PACKAGE_TARNAME "vo-aacenc"
| #define PACKAGE_VERSION "0.1.2"
| #define PACKAGE_STRING "vo-aacenc 0.1.2"
| #define PACKAGE_BUGREPORT "http://sourceforge.net/projects/opencore-amr/"
| #define PACKAGE_URL ""
| #define PACKAGE "vo-aacenc"
| #define VERSION "0.1.2"
| /* end confdefs.h.  */
| #include <ac_nonexistent.h>
configure:7554: checking for ANSI C header files
configure:7574: /home/jun-young/android-ndk-r9//toolchains/arm-linux-androideabi-4.4.3/prebuilt/linux-x86_64/bin/arm-linux-androideabi-gcc --sysroot=/home/jun-young/android-ndk-r9//platforms/android-9/arch-arm/ -std=gnu99 -c -mfloat-abi=softfp -mfpu=neon -marm -march=armv7-a -mtune=cortex-a8 -mthumb -D__thumb__  -mfloat-abi=softfp -mfpu=neon -marm -march=armv7-a -mtune=cortex-a8 -mthumb -D__thumb__  conftest.c >&5
configure:7574: $? = 0
configure:7658: result: yes
configure:7671: checking for sys/types.h
configure:7671: /home/jun-young/android-ndk-r9//toolchains/arm-linux-androideabi-4.4.3/prebuilt/linux-x86_64/bin/arm-linux-androideabi-gcc --sysroot=/home/jun-young/android-ndk-r9//platforms/android-9/arch-arm/ -std=gnu99 -c -mfloat-abi=softfp -mfpu=neon -marm -march=armv7-a -mtune=cortex-a8 -mthumb -D__thumb__  -mfloat-abi=softfp -mfpu=neon -marm -march=armv7-a -mtune=cortex-a8 -mthumb -D__thumb__  conftest.c >&5
configure:7671: $? = 0
configure:7671: result: yes
configure:7671: checking for sys/stat.h
configure:7671: /home/jun-young/android-ndk-r9//toolchains/arm-linux-androideabi-4.4.3/prebuilt/linux-x86_64/bin/arm-linux-androideabi-gcc --sysroot=/home/jun-young/android-ndk-r9//platforms/android-9/arch-arm/ -std=gnu99 -c -mfloat-abi=softfp -mfpu=neon -marm -march=armv7-a -mtune=cortex-a8 -mthumb -D__thumb__  -mfloat-abi=softfp -mfpu=neon -marm -march=armv7-a -mtune=cortex-a8 -mthumb -D__thumb__  conftest.c >&5
configure:7671: $? = 0
configure:7671: result: yes
configure:7671: checking for stdlib.h
configure:7671: /home/jun-young/android-ndk-r9//toolchains/arm-linux-androideabi-4.4.3/prebuilt/linux-x86_64/bin/arm-linux-androideabi-gcc --sysroot=/home/jun-young/android-ndk-r9//platforms/android-9/arch-arm/ -std=gnu99 -c -mfloat-abi=softfp -mfpu=neon -marm -march=armv7-a -mtune=cortex-a8 -mthumb -D__thumb__  -mfloat-abi=softfp -mfpu=neon -marm -march=armv7-a -mtune=cortex-a8 -mthumb -D__thumb__  conftest.c >&5
configure:7671: $? = 0
configure:7671: result: yes
configure:7671: checking for string.h
configure:7671: /home/jun-young/android-ndk-r9//toolchains/arm-linux-androideabi-4.4.3/prebuilt/linux-x86_64/bin/arm-linux-androideabi-gcc --sysroot=/home/jun-young/android-ndk-r9//platforms/android-9/arch-arm/ -std=gnu99 -c -mfloat-abi=softfp -mfpu=neon -marm -march=armv7-a -mtune=cortex-a8 -mthumb -D__thumb__  -mfloat-abi=softfp -mfpu=neon -marm -march=armv7-a -mtune=cortex-a8 -mthumb -D__thumb__  conftest.c >&5
configure:7671: $? = 0
configure:7671: result: yes
configure:7671: checking for memory.h
configure:7671: /home/jun-young/android-ndk-r9//toolchains/arm-linux-androideabi-4.4.3/prebuilt/linux-x86_64/bin/arm-linux-androideabi-gcc --sysroot=/home/jun-young/android-ndk-r9//platforms/android-9/arch-arm/ -std=gnu99 -c -mfloat-abi=softfp -mfpu=neon -marm -march=armv7-a -mtune=cortex-a8 -mthumb -D__thumb__  -mfloat-abi=softfp -mfpu=neon -marm -march=armv7-a -mtune=cortex-a8 -mthumb -D__thumb__  conftest.c >&5
configure:7671: $? = 0
configure:7671: result: yes
configure:7671: checking for strings.h
configure:7671: /home/jun-young/android-ndk-r9//toolchains/arm-linux-androideabi-4.4.3/prebuilt/linux-x86_64/bin/arm-linux-androideabi-gcc --sysroot=/home/jun-young/android-ndk-r9//platforms/android-9/arch-arm/ -std=gnu99 -c -mfloat-abi=softfp -mfpu=neon -marm -march=armv7-a -mtune=cortex-a8 -mthumb -D__thumb__  -mfloat-abi=softfp -mfpu=neon -marm -march=armv7-a -mtune=cortex-a8 -mthumb -D__thumb__  conftest.c >&5
configure:7671: $? = 0
configure:7671: result: yes
configure:7671: checking for inttypes.h
configure:7671: /home/jun-young/android-ndk-r9//toolchains/arm-linux-androideabi-4.4.3/prebuilt/linux-x86_64/bin/arm-linux-androideabi-gcc --sysroot=/home/jun-young/android-ndk-r9//platforms/android-9/arch-arm/ -std=gnu99 -c -mfloat-abi=softfp -mfpu=neon -marm -march=armv7-a -mtune=cortex-a8 -mthumb -D__thumb__  -mfloat-abi=softfp -mfpu=neon -marm -march=armv7-a -mtune=cortex-a8 -mthumb -D__thumb__  conftest.c >&5
configure:7671: $? = 0
configure:7671: result: yes
configure:7671: checking for stdint.h
configure:7671: /home/jun-young/android-ndk-r9//toolchains/arm-linux-androideabi-4.4.3/prebuilt/linux-x86_64/bin/arm-linux-androideabi-gcc --sysroot=/home/jun-young/android-ndk-r9//platforms/android-9/arch-arm/ -std=gnu99 -c -mfloat-abi=softfp -mfpu=neon -marm -march=armv7-a -mtune=cortex-a8 -mthumb -D__thumb__  -mfloat-abi=softfp -mfpu=neon -marm -march=armv7-a -mtune=cortex-a8 -mthumb -D__thumb__  conftest.c >&5
configure:7671: $? = 0
configure:7671: result: yes
configure:7671: checking for unistd.h
configure:7671: /home/jun-young/android-ndk-r9//toolchains/arm-linux-androideabi-4.4.3/prebuilt/linux-x86_64/bin/arm-linux-androideabi-gcc --sysroot=/home/jun-young/android-ndk-r9//platforms/android-9/arch-arm/ -std=gnu99 -c -mfloat-abi=softfp -mfpu=neon -marm -march=armv7-a -mtune=cortex-a8 -mthumb -D__thumb__  -mfloat-abi=softfp -mfpu=neon -marm -march=armv7-a -mtune=cortex-a8 -mthumb -D__thumb__  conftest.c >&5
configure:7671: $? = 0
configure:7671: result: yes
configure:7685: checking for dlfcn.h
configure:7685: /home/jun-young/android-ndk-r9//toolchains/arm-linux-androideabi-4.4.3/prebuilt/linux-x86_64/bin/arm-linux-androideabi-gcc --sysroot=/home/jun-young/android-ndk-r9//platforms/android-9/arch-arm/ -std=gnu99 -c -mfloat-abi=softfp -mfpu=neon -marm -march=armv7-a -mtune=cortex-a8 -mthumb -D__thumb__  -mfloat-abi=softfp -mfpu=neon -marm -march=armv7-a -mtune=cortex-a8 -mthumb -D__thumb__  conftest.c >&5
configure:7685: $? = 0
configure:7685: result: yes
configure:7891: checking for objdir
configure:7906: result: .libs
configure:8177: checking if /home/jun-young/android-ndk-r9//toolchains/arm-linux-androideabi-4.4.3/prebuilt/linux-x86_64/bin/arm-linux-androideabi-gcc --sysroot=/home/jun-young/android-ndk-r9//platforms/android-9/arch-arm/ -std=gnu99 supports -fno-rtti -fno-exceptions
configure:8195: /home/jun-young/android-ndk-r9//toolchains/arm-linux-androideabi-4.4.3/prebuilt/linux-x86_64/bin/arm-linux-androideabi-gcc --sysroot=/home/jun-young/android-ndk-r9//platforms/android-9/arch-arm/ -std=gnu99 -c -mfloat-abi=softfp -mfpu=neon -marm -march=armv7-a -mtune=cortex-a8 -mthumb -D__thumb__  -mfloat-abi=softfp -mfpu=neon -marm -march=armv7-a -mtune=cortex-a8 -mthumb -D__thumb__  -fno-rtti -fno-exceptions conftest.c >&5
cc1: warning: command line option "-fno-rtti" is valid for C++/ObjC++ but not for C
configure:8199: $? = 0
configure:8212: result: no
configure:8539: checking for /home/jun-young/android-ndk-r9//toolchains/arm-linux-androideabi-4.4.3/prebuilt/linux-x86_64/bin/arm-linux-androideabi-gcc --sysroot=/home/jun-young/android-ndk-r9//platforms/android-9/arch-arm/ -std=gnu99 option to produce PIC
configure:8546: result: -fPIC -DPIC
configure:8554: checking if /home/jun-young/android-ndk-r9//toolchains/arm-linux-androideabi-4.4.3/prebuilt/linux-x86_64/bin/arm-linux-androideabi-gcc --sysroot=/home/jun-young/android-ndk-r9//platforms/android-9/arch-arm/ -std=gnu99 PIC flag -fPIC -DPIC works
configure:8572: /home/jun-young/android-ndk-r9//toolchains/arm-linux-androideabi-4.4.3/prebuilt/linux-x86_64/bin/arm-linux-androideabi-gcc --sysroot=/home/jun-young/android-ndk-r9//platforms/android-9/arch-arm/ -std=gnu99 -c -mfloat-abi=softfp -mfpu=neon -marm -march=armv7-a -mtune=cortex-a8 -mthumb -D__thumb__  -mfloat-abi=softfp -mfpu=neon -marm -march=armv7-a -mtune=cortex-a8 -mthumb -D__thumb__  -fPIC -DPIC -DPIC conftest.c >&5
configure:8576: $? = 0
configure:8589: result: yes
configure:8618: checking if /home/jun-young/android-ndk-r9//toolchains/arm-linux-androideabi-4.4.3/prebuilt/linux-x86_64/bin/arm-linux-androideabi-gcc --sysroot=/home/jun-young/android-ndk-r9//platforms/android-9/arch-arm/ -std=gnu99 static flag -static works
configure:8646: result: no
configure:8661: checking if /home/jun-young/android-ndk-r9//toolchains/arm-linux-androideabi-4.4.3/prebuilt/linux-x86_64/bin/arm-linux-androideabi-gcc --sysroot=/home/jun-young/android-ndk-r9//platforms/android-9/arch-arm/ -std=gnu99 supports -c -o file.o
configure:8682: /home/jun-young/android-ndk-r9//toolchains/arm-linux-androideabi-4.4.3/prebuilt/linux-x86_64/bin/arm-linux-androideabi-gcc --sysroot=/home/jun-young/android-ndk-r9//platforms/android-9/arch-arm/ -std=gnu99 -c -mfloat-abi=softfp -mfpu=neon -marm -march=armv7-a -mtune=cortex-a8 -mthumb -D__thumb__  -mfloat-abi=softfp -mfpu=neon -marm -march=armv7-a -mtune=cortex-a8 -mthumb -D__thumb__  -o out/conftest2.o conftest.c >&5
configure:8686: $? = 0
configure:8708: result: yes
configure:8716: checking if /home/jun-young/android-ndk-r9//toolchains/arm-linux-androideabi-4.4.3/prebuilt/linux-x86_64/bin/arm-linux-androideabi-gcc --sysroot=/home/jun-young/android-ndk-r9//platforms/android-9/arch-arm/ -std=gnu99 supports -c -o file.o
configure:8763: result: yes
configure:8796: checking whether the /home/jun-young/android-ndk-r9//toolchains/arm-linux-androideabi-4.4.3/prebuilt/linux-x86_64/bin/arm-linux-androideabi-gcc --sysroot=/home/jun-young/android-ndk-r9//platforms/android-9/arch-arm/ -std=gnu99 linker (/home/jun-young/android-ndk-r9//toolchains/arm-linux-androideabi-4.4.3/prebuilt/linux-x86_64/arm-linux-androideabi/bin/ld) supports shared libraries
configure:9953: result: yes
configure:10193: checking dynamic linker characteristics
configure:10704: /home/jun-young/android-ndk-r9//toolchains/arm-linux-androideabi-4.4.3/prebuilt/linux-x86_64/bin/arm-linux-androideabi-gcc --sysroot=/home/jun-young/android-ndk-r9//platforms/android-9/arch-arm/ -std=gnu99 -o conftest -mfloat-abi=softfp -mfpu=neon -marm -march=armv7-a -mtune=cortex-a8 -mthumb -D__thumb__  -mfloat-abi=softfp -mfpu=neon -marm -march=armv7-a -mtune=cortex-a8 -mthumb -D__thumb__  -Wl,-rpath-link=/home/jun-young/android-ndk-r9//platforms/android-9/arch-arm//usr/lib -L/home/jun-young/android-ndk-r9//platforms/android-9/arch-arm//usr/lib -nostdlib -lc -lm -ldl -llog -Wl,-rpath -Wl,/foo conftest.c  >&5
/home/jun-young/android-ndk-r9//toolchains/arm-linux-androideabi-4.4.3/prebuilt/linux-x86_64/bin/../lib/gcc/arm-linux-androideabi/4.4.3/../../../../arm-linux-androideabi/bin/ld: warning: cannot find entry symbol _start; defaulting to 00000000000081d0
configure:10704: $? = 0
configure:10938: result: GNU/Linux ld.so
configure:11045: checking how to hardcode library paths into programs
configure:11070: result: immediate
configure:11610: checking whether stripping libraries is possible
configure:11615: result: yes
configure:11650: checking if libtool supports shared libraries
configure:11652: result: yes
configure:11655: checking whether to build shared libraries
configure:11676: result: no
configure:11679: checking whether to build static libraries
configure:11683: result: yes
configure:11880: creating ./config.status

## ---------------------- ##
## Running config.status. ##
## ---------------------- ##

This file was extended by vo-aacenc config.status 0.1.2, which was
generated by GNU Autoconf 2.68.  Invocation command line was

  CONFIG_FILES    = 
  CONFIG_HEADERS  = 
  CONFIG_LINKS    = 
  CONFIG_COMMANDS = 
  $ ./config.status 

on Developer

config.status:1113: creating Makefile
config.status:1113: creating vo-aacenc.pc
config.status:1113: creating config.h
config.status:1294: config.h is unchanged
config.status:1342: executing depfiles commands
config.status:1342: executing libtool commands
configure:14115: WARNING: unrecognized options: --enable-neon

## ---------------- ##
## Cache variables. ##
## ---------------- ##

ac_cv_build=x86_64-unknown-linux-gnu
ac_cv_c_compiler_gnu=yes
ac_cv_env_CCASFLAGS_set=
ac_cv_env_CCASFLAGS_value=
ac_cv_env_CCAS_set=
ac_cv_env_CCAS_value=
ac_cv_env_CC_set=set
ac_cv_env_CC_value='/home/jun-young/android-ndk-r9//toolchains/arm-linux-androideabi-4.4.3/prebuilt/linux-x86_64/bin/arm-linux-androideabi-gcc --sysroot=/home/jun-young/android-ndk-r9//platforms/android-9/arch-arm/'
ac_cv_env_CFLAGS_set=set
ac_cv_env_CFLAGS_value='-mfloat-abi=softfp -mfpu=neon -marm -march=armv7-a -mtune=cortex-a8 -mthumb -D__thumb__ '
ac_cv_env_CPPFLAGS_set=set
ac_cv_env_CPPFLAGS_value='-mfloat-abi=softfp -mfpu=neon -marm -march=armv7-a -mtune=cortex-a8 -mthumb -D__thumb__ '
ac_cv_env_CPP_set=
ac_cv_env_CPP_value=
ac_cv_env_LDFLAGS_set=set
ac_cv_env_LDFLAGS_value='-Wl,-rpath-link=/home/jun-young/android-ndk-r9//platforms/android-9/arch-arm//usr/lib -L/home/jun-young/android-ndk-r9//platforms/android-9/arch-arm//usr/lib -nostdlib -lc -lm -ldl -llog'
ac_cv_env_LIBS_set=
ac_cv_env_LIBS_value=
ac_cv_env_build_alias_set=
ac_cv_env_build_alias_value=
ac_cv_env_host_alias_set=set
ac_cv_env_host_alias_value=arm-linux
ac_cv_env_target_alias_set=
ac_cv_env_target_alias_value=
ac_cv_header_dlfcn_h=yes
ac_cv_header_inttypes_h=yes
ac_cv_header_memory_h=yes
ac_cv_header_stdc=yes
ac_cv_header_stdint_h=yes
ac_cv_header_stdlib_h=yes
ac_cv_header_string_h=yes
ac_cv_header_strings_h=yes
ac_cv_header_sys_stat_h=yes
ac_cv_header_sys_types_h=yes
ac_cv_header_unistd_h=yes
ac_cv_host=arm-unknown-linux-gnu
ac_cv_objext=o
ac_cv_path_EGREP='/bin/grep -E'
ac_cv_path_FGREP='/bin/grep -F'
ac_cv_path_GREP=/bin/grep
ac_cv_path_SED=/bin/sed
ac_cv_path_install='/usr/bin/install -c'
ac_cv_path_mkdir=/bin/mkdir
ac_cv_prog_AR=/home/jun-young/android-ndk-r9//toolchains/arm-linux-androideabi-4.4.3/prebuilt/linux-x86_64/bin/arm-linux-androideabi-ar
ac_cv_prog_AWK=gawk
ac_cv_prog_CC='/home/jun-young/android-ndk-r9//toolchains/arm-linux-androideabi-4.4.3/prebuilt/linux-x86_64/bin/arm-linux-androideabi-gcc --sysroot=/home/jun-young/android-ndk-r9//platforms/android-9/arch-arm/'
ac_cv_prog_CPP='/home/jun-young/android-ndk-r9//toolchains/arm-linux-androideabi-4.4.3/prebuilt/linux-x86_64/bin/arm-linux-androideabi-gcc --sysroot=/home/jun-young/android-ndk-r9//platforms/android-9/arch-arm/ -std=gnu99 -E'
ac_cv_prog_RANLIB=/home/jun-young/android-ndk-r9//toolchains/arm-linux-androideabi-4.4.3/prebuilt/linux-x86_64/bin/arm-linux-androideabi-ranlib
ac_cv_prog_STRIP=/home/jun-young/android-ndk-r9//toolchains/arm-linux-androideabi-4.4.3/prebuilt/linux-x86_64/bin/arm-linux-androideabi-strip
ac_cv_prog_ac_ct_MANIFEST_TOOL=mt
ac_cv_prog_ac_ct_OBJDUMP=objdump
ac_cv_prog_cc_c89=
ac_cv_prog_cc_c99=-std=gnu99
ac_cv_prog_cc_g=yes
ac_cv_prog_make_make_set=yes
am_cv_CCAS_dependencies_compiler_type=none
am_cv_CC_dependencies_compiler_type=none
am_cv_make_support_nested_variables=yes
am_cv_prog_tar_ustar=gnutar
lt_cv_ar_at_file=@
lt_cv_deplibs_check_method=pass_all
lt_cv_file_magic_cmd='$MAGIC_CMD'
lt_cv_file_magic_test_file=
lt_cv_ld_reload_flag=-r
lt_cv_nm_interface='BSD nm'
lt_cv_objdir=.libs
lt_cv_path_LD=/home/jun-young/android-ndk-r9//toolchains/arm-linux-androideabi-4.4.3/prebuilt/linux-x86_64/arm-linux-androideabi/bin/ld
lt_cv_path_NM=/home/jun-young/android-ndk-r9//toolchains/arm-linux-androideabi-4.4.3/prebuilt/linux-x86_64/bin/arm-linux-androideabi-nm
lt_cv_path_mainfest_tool=no
lt_cv_prog_compiler_c_o=yes
lt_cv_prog_compiler_pic='-fPIC -DPIC'
lt_cv_prog_compiler_pic_works=yes
lt_cv_prog_compiler_rtti_exceptions=no
lt_cv_prog_compiler_static_works=no
lt_cv_prog_gnu_ld=yes
lt_cv_sharedlib_from_linklib_cmd='printf %s\n'
lt_cv_shlibpath_overrides_runpath=no
lt_cv_sys_global_symbol_pipe='sed -n -e '\''s/^.*[	 ]\([ABCDGIRSTW][ABCDGIRSTW]*\)[	 ][	 ]*\([_A-Za-z][_A-Za-z0-9]*\)$/\1 \2 \2/p'\'' | sed '\''/ __gnu_lto/d'\'''
lt_cv_sys_global_symbol_to_c_name_address='sed -n -e '\''s/^: \([^ ]*\)[ ]*$/  {\"\1\", (void *) 0},/p'\'' -e '\''s/^[ABCDGIRSTW]* \([^ ]*\) \([^ ]*\)$/  {"\2", (void *) \&\2},/p'\'''
lt_cv_sys_global_symbol_to_c_name_address_lib_prefix='sed -n -e '\''s/^: \([^ ]*\)[ ]*$/  {\"\1\", (void *) 0},/p'\'' -e '\''s/^[ABCDGIRSTW]* \([^ ]*\) \(lib[^ ]*\)$/  {"\2", (void *) \&\2},/p'\'' -e '\''s/^[ABCDGIRSTW]* \([^ ]*\) \([^ ]*\)$/  {"lib\2", (void *) \&\2},/p'\'''
lt_cv_sys_global_symbol_to_cdecl='sed -n -e '\''s/^T .* \(.*\)$/extern int \1();/p'\'' -e '\''s/^[ABCDGIRSTW]* .* \(.*\)$/extern char \1;/p'\'''
lt_cv_sys_max_cmd_len=1572864
lt_cv_to_host_file_cmd=func_convert_file_noop
lt_cv_to_tool_file_cmd=func_convert_file_noop

## ----------------- ##
## Output variables. ##
## ----------------- ##

ACLOCAL='${SHELL} /home/jun-young/workspace/Catch-Player/FFmpegLibrary/jni/vo-aacenc/missing --run aclocal-1.11'
AMDEPBACKSLASH=''
AMDEP_FALSE=''
AMDEP_TRUE='#'
AMTAR='$${TAR-tar}'
AM_BACKSLASH='\'
AM_DEFAULT_V='$(AM_DEFAULT_VERBOSITY)'
AM_DEFAULT_VERBOSITY='0'
AM_V='$(V)'
AR='/home/jun-young/android-ndk-r9//toolchains/arm-linux-androideabi-4.4.3/prebuilt/linux-x86_64/bin/arm-linux-androideabi-ar'
ARMV5E_FALSE=''
ARMV5E_TRUE='#'
ARMV7NEON_FALSE=''
ARMV7NEON_TRUE='#'
AUTOCONF='${SHELL} /home/jun-young/workspace/Catch-Player/FFmpegLibrary/jni/vo-aacenc/missing --run autoconf'
AUTOHEADER='${SHELL} /home/jun-young/workspace/Catch-Player/FFmpegLibrary/jni/vo-aacenc/missing --run autoheader'
AUTOMAKE='${SHELL} /home/jun-young/workspace/Catch-Player/FFmpegLibrary/jni/vo-aacenc/missing --run automake-1.11'
AWK='gawk'
CC='/home/jun-young/android-ndk-r9//toolchains/arm-linux-androideabi-4.4.3/prebuilt/linux-x86_64/bin/arm-linux-androideabi-gcc --sysroot=/home/jun-young/android-ndk-r9//platforms/android-9/arch-arm/ -std=gnu99'
CCAS='/home/jun-young/android-ndk-r9//toolchains/arm-linux-androideabi-4.4.3/prebuilt/linux-x86_64/bin/arm-linux-androideabi-gcc --sysroot=/home/jun-young/android-ndk-r9//platforms/android-9/arch-arm/'
CCASDEPMODE='depmode=none'
CCASFLAGS='-mfloat-abi=softfp -mfpu=neon -marm -march=armv7-a -mtune=cortex-a8 -mthumb -D__thumb__ '
CCDEPMODE='depmode=none'
CFLAGS='-mfloat-abi=softfp -mfpu=neon -marm -march=armv7-a -mtune=cortex-a8 -mthumb -D__thumb__ '
CPP='/home/jun-young/android-ndk-r9//toolchains/arm-linux-androideabi-4.4.3/prebuilt/linux-x86_64/bin/arm-linux-androideabi-gcc --sysroot=/home/jun-young/android-ndk-r9//platforms/android-9/arch-arm/ -std=gnu99 -E'
CPPFLAGS='-mfloat-abi=softfp -mfpu=neon -marm -march=armv7-a -mtune=cortex-a8 -mthumb -D__thumb__ '
CYGPATH_W='echo'
DEFS='-DHAVE_CONFIG_H'
DEPDIR='.deps'
DLLTOOL='false'
DSYMUTIL=''
DUMPBIN=''
ECHO_C=''
ECHO_N='-n'
ECHO_T=''
EGREP='/bin/grep -E'
EXAMPLE_FALSE=''
EXAMPLE_TRUE='#'
EXEEXT=''
FGREP='/bin/grep -F'
GREP='/bin/grep'
INSTALL_DATA='${INSTALL} -m 644'
INSTALL_PROGRAM='${INSTALL}'
INSTALL_SCRIPT='${INSTALL}'
INSTALL_STRIP_PROGRAM='$(install_sh) -c -s'
LD='/home/jun-young/android-ndk-r9//toolchains/arm-linux-androideabi-4.4.3/prebuilt/linux-x86_64/arm-linux-androideabi/bin/ld'
LDFLAGS='-Wl,-rpath-link=/home/jun-young/android-ndk-r9//platforms/android-9/arch-arm//usr/lib -L/home/jun-young/android-ndk-r9//platforms/android-9/arch-arm//usr/lib -nostdlib -lc -lm -ldl -llog'
LIBOBJS=''
LIBS=''
LIBTOOL='$(SHELL) $(top_builddir)/libtool'
LIBTOOL_DEPS='./ltmain.sh'
LIPO=''
LN_S='ln -s'
LTLIBOBJS=''
MAINT='#'
MAINTAINER_MODE_FALSE=''
MAINTAINER_MODE_TRUE='#'
MAKEINFO='${SHELL} /home/jun-young/workspace/Catch-Player/FFmpegLibrary/jni/vo-aacenc/missing --run makeinfo'
MANIFEST_TOOL=':'
MKDIR_P='/bin/mkdir -p'
NM='/home/jun-young/android-ndk-r9//toolchains/arm-linux-androideabi-4.4.3/prebuilt/linux-x86_64/bin/arm-linux-androideabi-nm'
NMEDIT=''
OBJDUMP='objdump'
OBJEXT='o'
OTOOL64=''
OTOOL=''
PACKAGE='vo-aacenc'
PACKAGE_BUGREPORT='http://sourceforge.net/projects/opencore-amr/'
PACKAGE_NAME='vo-aacenc'
PACKAGE_STRING='vo-aacenc 0.1.2'
PACKAGE_TARNAME='vo-aacenc'
PACKAGE_URL=''
PACKAGE_VERSION='0.1.2'
PATH_SEPARATOR=':'
RANLIB='/home/jun-young/android-ndk-r9//toolchains/arm-linux-androideabi-4.4.3/prebuilt/linux-x86_64/bin/arm-linux-androideabi-ranlib'
SED='/bin/sed'
SET_MAKE=''
SHELL='/bin/bash'
STRIP='/home/jun-young/android-ndk-r9//toolchains/arm-linux-androideabi-4.4.3/prebuilt/linux-x86_64/bin/arm-linux-androideabi-strip'
VERSION='0.1.2'
VO_AACENC_VERSION='0:3:0'
ac_ct_AR=''
ac_ct_CC=''
ac_ct_DUMPBIN=''
am__EXEEXT_FALSE=''
am__EXEEXT_TRUE='#'
am__fastdepCCAS_FALSE=''
am__fastdepCCAS_TRUE='#'
am__fastdepCC_FALSE=''
am__fastdepCC_TRUE='#'
am__include='include'
am__isrc=''
am__leading_dot='.'
am__nodep=''
am__quote=''
am__tar='tar --format=ustar -chf - "$$tardir"'
am__untar='tar -xf -'
bindir='${exec_prefix}/bin'
build='x86_64-unknown-linux-gnu'
build_alias=''
build_cpu='x86_64'
build_os='linux-gnu'
build_vendor='unknown'
datadir='${datarootdir}'
datarootdir='${prefix}/share'
docdir='${datarootdir}/doc/${PACKAGE_TARNAME}'
dvidir='${docdir}'
exec_prefix='${prefix}'
host='arm-unknown-linux-gnu'
host_alias='arm-linux'
host_cpu='arm'
host_os='linux-gnu'
host_vendor='unknown'
htmldir='${docdir}'
includedir='${prefix}/include'
infodir='${datarootdir}/info'
install_sh='${SHELL} /home/jun-young/workspace/Catch-Player/FFmpegLibrary/jni/vo-aacenc/install-sh'
libdir='${exec_prefix}/lib'
libexecdir='${exec_prefix}/libexec'
localedir='${datarootdir}/locale'
localstatedir='${prefix}/var'
mandir='${datarootdir}/man'
mkdir_p='/bin/mkdir -p'
oldincludedir='/usr/include'
pdfdir='${docdir}'
prefix='/home/jun-young/workspace/Catch-Player/FFmpegLibrary/jni/vo-aacenc/../ffmpeg-build/armeabi-v7a-neon'
program_transform_name='s,x,x,'
psdir='${docdir}'
sbindir='${exec_prefix}/sbin'
sharedstatedir='${prefix}/com'
sysconfdir='${prefix}/etc'
target_alias=''

## ----------- ##
## confdefs.h. ##
## ----------- ##

/* confdefs.h */
#define PACKAGE_NAME "vo-aacenc"
#define PACKAGE_TARNAME "vo-aacenc"
#define PACKAGE_VERSION "0.1.2"
#define PACKAGE_STRING "vo-aacenc 0.1.2"
#define PACKAGE_BUGREPORT "http://sourceforge.net/projects/opencore-amr/"
#define PACKAGE_URL ""
#define PACKAGE "vo-aacenc"
#define VERSION "0.1.2"
#define STDC_HEADERS 1
#define HAVE_SYS_TYPES_H 1
#define HAVE_SYS_STAT_H 1
#define HAVE_STDLIB_H 1
#define HAVE_STRING_H 1
#define HAVE_MEMORY_H 1
#define HAVE_STRINGS_H 1
#define HAVE_INTTYPES_H 1
#define HAVE_STDINT_H 1
#define HAVE_UNISTD_H 1
#define HAVE_DLFCN_H 1
#define LT_OBJDIR ".libs/"

configure: exit 0
