This file contains any messages produced by compilers while
running configure, to aid debugging if configure makes a mistake.

It was created by GNU FriBidi configure 0.19.2, which was
generated by GNU Autoconf 2.68.  Invocation command line was

  $ ./configure --prefix=/home/jun-young/workspace/Catch-Player/FFmpegLibrary/jni/fribidi/../ffmpeg-build/armeabi-v7a-neon --host=arm-linux --disable-bin --disable-dependency-tracking --disable-shared --enable-static --with-pic --enable-neon

## --------- ##
## Platform. ##
## --------- ##

hostname = Developer
uname -m = x86_64
uname -r = 3.5.0-42-generic
uname -s = Linux
uname -v = #65~precise1-Ubuntu SMP Wed Oct 2 20:57:18 UTC 2013

/usr/bin/uname -p = unknown
/bin/uname -X     = unknown

/bin/arch              = unknown
/usr/bin/arch -k       = unknown
/usr/convex/getsysinfo = unknown
/usr/bin/hostinfo      = unknown
/bin/machine           = unknown
/usr/bin/oslevel       = unknown
/bin/universe          = unknown

PATH: /usr/local/sbin
PATH: /usr/local/bin
PATH: /usr/sbin
PATH: /usr/bin
PATH: /sbin
PATH: /bin
PATH: /home/jun-young/android-ndk-r9//toolchains/arm-linux-androideabi-4.4.3/prebuilt/linux-x86_64/bin/
PATH: /home/jun-young/android-ndk-r9//toolchains/arm-linux-androideabi-4.4.3/prebuilt/linux-x86_64/bin/
PATH: /home/jun-young/android-ndk-r9//toolchains/arm-linux-androideabi-4.4.3/prebuilt/linux-x86_64/bin/
PATH: /home/jun-young/android-ndk-r9//toolchains/arm-linux-androideabi-4.4.3/prebuilt/linux-x86_64/bin/
PATH: /home/jun-young/android-ndk-r9//toolchains/arm-linux-androideabi-4.4.3/prebuilt/linux-x86_64/bin/
PATH: /home/jun-young/android-ndk-r9//toolchains/x86-4.4.3/prebuilt/linux-x86_64/bin/
PATH: /home/jun-young/android-ndk-r9//toolchains/x86-4.4.3/prebuilt/linux-x86_64/bin/
PATH: /home/jun-young/android-ndk-r9//toolchains/x86-4.4.3/prebuilt/linux-x86_64/bin/
PATH: /home/jun-young/android-ndk-r9//toolchains/x86-4.4.3/prebuilt/linux-x86_64/bin/
PATH: /home/jun-young/android-ndk-r9//toolchains/x86-4.4.3/prebuilt/linux-x86_64/bin/
PATH: /home/jun-young/android-ndk-r9//toolchains/mipsel-linux-android-4.4.3/prebuilt/linux-x86_64/bin/
PATH: /home/jun-young/android-ndk-r9//toolchains/mipsel-linux-android-4.4.3/prebuilt/linux-x86_64/bin/
PATH: /home/jun-young/android-ndk-r9//toolchains/mipsel-linux-android-4.4.3/prebuilt/linux-x86_64/bin/
PATH: /home/jun-young/android-ndk-r9//toolchains/mipsel-linux-android-4.4.3/prebuilt/linux-x86_64/bin/
PATH: /home/jun-young/android-ndk-r9//toolchains/mipsel-linux-android-4.4.3/prebuilt/linux-x86_64/bin/
PATH: /home/jun-young/android-ndk-r9//toolchains/arm-linux-androideabi-4.4.3/prebuilt/linux-x86_64/bin/
PATH: /home/jun-young/android-ndk-r9//toolchains/arm-linux-androideabi-4.4.3/prebuilt/linux-x86_64/bin/
PATH: /home/jun-young/android-ndk-r9//toolchains/arm-linux-androideabi-4.4.3/prebuilt/linux-x86_64/bin/
PATH: /home/jun-young/android-ndk-r9//toolchains/arm-linux-androideabi-4.4.3/prebuilt/linux-x86_64/bin/
PATH: /home/jun-young/android-ndk-r9//toolchains/arm-linux-androideabi-4.4.3/prebuilt/linux-x86_64/bin/
PATH: /home/jun-young/android-ndk-r9//toolchains/arm-linux-androideabi-4.4.3/prebuilt/linux-x86_64/bin/
PATH: /home/jun-young/android-ndk-r9//toolchains/arm-linux-androideabi-4.4.3/prebuilt/linux-x86_64/bin/
PATH: /home/jun-young/android-ndk-r9//toolchains/arm-linux-androideabi-4.4.3/prebuilt/linux-x86_64/bin/


## ----------- ##
## Core tests. ##
## ----------- ##

configure:2466: checking for a BSD-compatible install
configure:2534: result: /usr/bin/install -c
configure:2545: checking whether build environment is sane
configure:2595: result: yes
configure:2644: checking for arm-linux-strip
configure:2671: result: /home/jun-young/android-ndk-r9//toolchains/arm-linux-androideabi-4.4.3/prebuilt/linux-x86_64/bin/arm-linux-androideabi-strip
configure:2736: checking for a thread-safe mkdir -p
configure:2775: result: /bin/mkdir -p
configure:2788: checking for gawk
configure:2804: found /usr/bin/gawk
configure:2815: result: gawk
configure:2826: checking whether make sets $(MAKE)
configure:2848: result: yes
configure:2961: checking for arm-linux-gcc
configure:2988: result: /home/jun-young/android-ndk-r9//toolchains/arm-linux-androideabi-4.4.3/prebuilt/linux-x86_64/bin/arm-linux-androideabi-gcc --sysroot=/home/jun-young/android-ndk-r9//platforms/android-9/arch-arm/
configure:3257: checking for C compiler version
configure:3266: /home/jun-young/android-ndk-r9//toolchains/arm-linux-androideabi-4.4.3/prebuilt/linux-x86_64/bin/arm-linux-androideabi-gcc --sysroot=/home/jun-young/android-ndk-r9//platforms/android-9/arch-arm/ --version >&5
arm-linux-androideabi-gcc (GCC) 4.4.3
Copyright (C) 2009 Free Software Foundation, Inc.
This is free software; see the source for copying conditions.  There is NO
warranty; not even for MERCHANTABILITY or FITNESS FOR A PARTICULAR PURPOSE.

configure:3277: $? = 0
configure:3266: /home/jun-young/android-ndk-r9//toolchains/arm-linux-androideabi-4.4.3/prebuilt/linux-x86_64/bin/arm-linux-androideabi-gcc --sysroot=/home/jun-young/android-ndk-r9//platforms/android-9/arch-arm/ -v >&5
Using built-in specs.
Target: arm-linux-androideabi
Configured with: /s/ndk-toolchain/src/build/../gcc/gcc-4.4.3/configure --prefix=/tmp/ndk-andrewhsieh/build/toolchain/prefix --target=arm-linux-androideabi --host=x86_64-linux-gnu --build=x86_64-linux-gnu --with-gnu-as --with-gnu-ld --enable-languages=c,c++ --with-gmp=/tmp/ndk-andrewhsieh/build/toolchain/temp-install --with-mpfr=/tmp/ndk-andrewhsieh/build/toolchain/temp-install --without-ppl --without-cloog --without-isl --disable-libssp --enable-threads --disable-nls --disable-libmudflap --disable-libgomp --disable-libstdc__-v3 --disable-sjlj-exceptions --disable-shared --disable-tls --disable-libitm --with-float=soft --with-fpu=vfp --with-arch=armv5te --enable-target-optspace --enable-initfini-array --disable-nls --prefix=/tmp/ndk-andrewhsieh/build/toolchain/prefix --with-sysroot=/tmp/ndk-andrewhsieh/build/toolchain/prefix/sysroot --with-binutils-version=2.19 --with-mpfr-version=3.1.1 --with-mpc-version=1.0.1 --with-gmp-version=5.0.5 --with-gcc-version=4.4.3 --with-gdb-version=7.3.x --with-python=/usr/local/google/home/andrewhsieh/mydroid/ndk/prebuilt/linux-x86_64/bin/python-config.sh --with-gxx-include-dir=/tmp/ndk-andrewhsieh/build/toolchain/prefix/include/c++/4.4.3 --with-bugurl=http://source.android.com/source/report-bugs.html --disable-bootstrap --disable-libquadmath --disable-plugin --enable-libgomp --disable-libsanitizer --with-arch=armv5te --program-transform-name='s&^&arm-linux-androideabi-&'
Thread model: posix
gcc version 4.4.3 (GCC) 
configure:3277: $? = 0
configure:3266: /home/jun-young/android-ndk-r9//toolchains/arm-linux-androideabi-4.4.3/prebuilt/linux-x86_64/bin/arm-linux-androideabi-gcc --sysroot=/home/jun-young/android-ndk-r9//platforms/android-9/arch-arm/ -V >&5
arm-linux-androideabi-gcc: '-V' must come at the start of the command line
configure:3277: $? = 1
configure:3266: /home/jun-young/android-ndk-r9//toolchains/arm-linux-androideabi-4.4.3/prebuilt/linux-x86_64/bin/arm-linux-androideabi-gcc --sysroot=/home/jun-young/android-ndk-r9//platforms/android-9/arch-arm/ -qversion >&5
arm-linux-androideabi-gcc: unrecognized option '-qversion'
arm-linux-androideabi-gcc: no input files
configure:3277: $? = 1
configure:3297: checking whether the C compiler works
configure:3319: /home/jun-young/android-ndk-r9//toolchains/arm-linux-androideabi-4.4.3/prebuilt/linux-x86_64/bin/arm-linux-androideabi-gcc --sysroot=/home/jun-young/android-ndk-r9//platforms/android-9/arch-arm/ -mfloat-abi=softfp -mfpu=neon -marm -march=armv7-a -mtune=cortex-a8 -mthumb -D__thumb__  -std=gnu99 -mfloat-abi=softfp -mfpu=neon -marm -march=armv7-a -mtune=cortex-a8 -mthumb -D__thumb__  -std=gnu99 -Wl,-rpath-link=/home/jun-young/android-ndk-r9//platforms/android-9/arch-arm//usr/lib -L/home/jun-young/android-ndk-r9//platforms/android-9/arch-arm//usr/lib -nostdlib -lc -lm -ldl -llog conftest.c  >&5
/home/jun-young/android-ndk-r9//toolchains/arm-linux-androideabi-4.4.3/prebuilt/linux-x86_64/bin/../lib/gcc/arm-linux-androideabi/4.4.3/../../../../arm-linux-androideabi/bin/ld: warning: cannot find entry symbol _start; defaulting to 00000000000081c8
configure:3323: $? = 0
configure:3371: result: yes
configure:3374: checking for C compiler default output file name
configure:3376: result: a.out
configure:3382: checking for suffix of executables
configure:3389: /home/jun-young/android-ndk-r9//toolchains/arm-linux-androideabi-4.4.3/prebuilt/linux-x86_64/bin/arm-linux-androideabi-gcc --sysroot=/home/jun-young/android-ndk-r9//platforms/android-9/arch-arm/ -o conftest -mfloat-abi=softfp -mfpu=neon -marm -march=armv7-a -mtune=cortex-a8 -mthumb -D__thumb__  -std=gnu99 -mfloat-abi=softfp -mfpu=neon -marm -march=armv7-a -mtune=cortex-a8 -mthumb -D__thumb__  -std=gnu99 -Wl,-rpath-link=/home/jun-young/android-ndk-r9//platforms/android-9/arch-arm//usr/lib -L/home/jun-young/android-ndk-r9//platforms/android-9/arch-arm//usr/lib -nostdlib -lc -lm -ldl -llog conftest.c  >&5
/home/jun-young/android-ndk-r9//toolchains/arm-linux-androideabi-4.4.3/prebuilt/linux-x86_64/bin/../lib/gcc/arm-linux-androideabi/4.4.3/../../../../arm-linux-androideabi/bin/ld: warning: cannot find entry symbol _start; defaulting to 00000000000081c8
configure:3393: $? = 0
configure:3415: result: 
configure:3437: checking whether we are cross compiling
configure:3445: /home/jun-young/android-ndk-r9//toolchains/arm-linux-androideabi-4.4.3/prebuilt/linux-x86_64/bin/arm-linux-androideabi-gcc --sysroot=/home/jun-young/android-ndk-r9//platforms/android-9/arch-arm/ -o conftest -mfloat-abi=softfp -mfpu=neon -marm -march=armv7-a -mtune=cortex-a8 -mthumb -D__thumb__  -std=gnu99 -mfloat-abi=softfp -mfpu=neon -marm -march=armv7-a -mtune=cortex-a8 -mthumb -D__thumb__  -std=gnu99 -Wl,-rpath-link=/home/jun-young/android-ndk-r9//platforms/android-9/arch-arm//usr/lib -L/home/jun-young/android-ndk-r9//platforms/android-9/arch-arm//usr/lib -nostdlib -lc -lm -ldl -llog conftest.c  >&5
/home/jun-young/android-ndk-r9//toolchains/arm-linux-androideabi-4.4.3/prebuilt/linux-x86_64/bin/../lib/gcc/arm-linux-androideabi/4.4.3/../../../../arm-linux-androideabi/bin/ld: warning: cannot find entry symbol _start; defaulting to 000000000000823c
configure:3449: $? = 0
configure:3456: ./conftest
./configure: line 3458: ./conftest: cannot execute binary file
configure:3460: $? = 126
configure:3475: result: yes
configure:3480: checking for suffix of object files
configure:3502: /home/jun-young/android-ndk-r9//toolchains/arm-linux-androideabi-4.4.3/prebuilt/linux-x86_64/bin/arm-linux-androideabi-gcc --sysroot=/home/jun-young/android-ndk-r9//platforms/android-9/arch-arm/ -c -mfloat-abi=softfp -mfpu=neon -marm -march=armv7-a -mtune=cortex-a8 -mthumb -D__thumb__  -std=gnu99 -mfloat-abi=softfp -mfpu=neon -marm -march=armv7-a -mtune=cortex-a8 -mthumb -D__thumb__  -std=gnu99 conftest.c >&5
configure:3506: $? = 0
configure:3527: result: o
configure:3531: checking whether we are using the GNU C compiler
configure:3550: /home/jun-young/android-ndk-r9//toolchains/arm-linux-androideabi-4.4.3/prebuilt/linux-x86_64/bin/arm-linux-androideabi-gcc --sysroot=/home/jun-young/android-ndk-r9//platforms/android-9/arch-arm/ -c -mfloat-abi=softfp -mfpu=neon -marm -march=armv7-a -mtune=cortex-a8 -mthumb -D__thumb__  -std=gnu99 -mfloat-abi=softfp -mfpu=neon -marm -march=armv7-a -mtune=cortex-a8 -mthumb -D__thumb__  -std=gnu99 conftest.c >&5
configure:3550: $? = 0
configure:3559: result: yes
configure:3568: checking whether /home/jun-young/android-ndk-r9//toolchains/arm-linux-androideabi-4.4.3/prebuilt/linux-x86_64/bin/arm-linux-androideabi-gcc --sysroot=/home/jun-young/android-ndk-r9//platforms/android-9/arch-arm/ accepts -g
configure:3588: /home/jun-young/android-ndk-r9//toolchains/arm-linux-androideabi-4.4.3/prebuilt/linux-x86_64/bin/arm-linux-androideabi-gcc --sysroot=/home/jun-young/android-ndk-r9//platforms/android-9/arch-arm/ -c -g -mfloat-abi=softfp -mfpu=neon -marm -march=armv7-a -mtune=cortex-a8 -mthumb -D__thumb__  -std=gnu99 conftest.c >&5
configure:3588: $? = 0
configure:3629: result: yes
configure:3646: checking for /home/jun-young/android-ndk-r9//toolchains/arm-linux-androideabi-4.4.3/prebuilt/linux-x86_64/bin/arm-linux-androideabi-gcc --sysroot=/home/jun-young/android-ndk-r9//platforms/android-9/arch-arm/ option to accept ISO C89
configure:3710: /home/jun-young/android-ndk-r9//toolchains/arm-linux-androideabi-4.4.3/prebuilt/linux-x86_64/bin/arm-linux-androideabi-gcc --sysroot=/home/jun-young/android-ndk-r9//platforms/android-9/arch-arm/  -c -mfloat-abi=softfp -mfpu=neon -marm -march=armv7-a -mtune=cortex-a8 -mthumb -D__thumb__  -std=gnu99 -mfloat-abi=softfp -mfpu=neon -marm -march=armv7-a -mtune=cortex-a8 -mthumb -D__thumb__  -std=gnu99 conftest.c >&5
configure:3710: $? = 0
configure:3723: result: none needed
configure:3754: checking for style of include used by make
configure:3782: result: GNU
configure:3808: checking dependency style of /home/jun-young/android-ndk-r9//toolchains/arm-linux-androideabi-4.4.3/prebuilt/linux-x86_64/bin/arm-linux-androideabi-gcc --sysroot=/home/jun-young/android-ndk-r9//platforms/android-9/arch-arm/
configure:3919: result: none
configure:3939: checking build system type
configure:3953: result: x86_64-unknown-linux-gnu
configure:3973: checking host system type
configure:3986: result: arm-unknown-linux-gnu
configure:4355: checking how to print strings
configure:4382: result: printf
configure:4403: checking for a sed that does not truncate output
configure:4467: result: /bin/sed
configure:4485: checking for grep that handles long lines and -e
configure:4543: result: /bin/grep
configure:4548: checking for egrep
configure:4610: result: /bin/grep -E
configure:4615: checking for fgrep
configure:4677: result: /bin/grep -F
configure:4712: checking for ld used by /home/jun-young/android-ndk-r9//toolchains/arm-linux-androideabi-4.4.3/prebuilt/linux-x86_64/bin/arm-linux-androideabi-gcc --sysroot=/home/jun-young/android-ndk-r9//platforms/android-9/arch-arm/
configure:4779: result: /home/jun-young/android-ndk-r9//toolchains/arm-linux-androideabi-4.4.3/prebuilt/linux-x86_64/arm-linux-androideabi/bin/ld
configure:4786: checking if the linker (/home/jun-young/android-ndk-r9//toolchains/arm-linux-androideabi-4.4.3/prebuilt/linux-x86_64/arm-linux-androideabi/bin/ld) is GNU ld
configure:4801: result: yes
configure:4813: checking for BSD- or MS-compatible name lister (nm)
configure:4862: result: /home/jun-young/android-ndk-r9//toolchains/arm-linux-androideabi-4.4.3/prebuilt/linux-x86_64/bin/arm-linux-androideabi-nm
configure:4992: checking the name lister (/home/jun-young/android-ndk-r9//toolchains/arm-linux-androideabi-4.4.3/prebuilt/linux-x86_64/bin/arm-linux-androideabi-nm) interface
configure:4999: /home/jun-young/android-ndk-r9//toolchains/arm-linux-androideabi-4.4.3/prebuilt/linux-x86_64/bin/arm-linux-androideabi-gcc --sysroot=/home/jun-young/android-ndk-r9//platforms/android-9/arch-arm/ -c -mfloat-abi=softfp -mfpu=neon -marm -march=armv7-a -mtune=cortex-a8 -mthumb -D__thumb__  -std=gnu99 -mfloat-abi=softfp -mfpu=neon -marm -march=armv7-a -mtune=cortex-a8 -mthumb -D__thumb__  -std=gnu99 conftest.c >&5
configure:5002: /home/jun-young/android-ndk-r9//toolchains/arm-linux-androideabi-4.4.3/prebuilt/linux-x86_64/bin/arm-linux-androideabi-nm "conftest.o"
configure:5005: output
00000000 B some_variable
configure:5012: result: BSD nm
configure:5015: checking whether ln -s works
configure:5019: result: yes
configure:5027: checking the maximum length of command line arguments
configure:5157: result: 1572864
configure:5174: checking whether the shell understands some XSI constructs
configure:5184: result: yes
configure:5188: checking whether the shell understands "+="
configure:5194: result: yes
configure:5229: checking how to convert x86_64-unknown-linux-gnu file names to arm-unknown-linux-gnu format
configure:5269: result: func_convert_file_noop
configure:5276: checking how to convert x86_64-unknown-linux-gnu file names to toolchain format
configure:5296: result: func_convert_file_noop
configure:5303: checking for /home/jun-young/android-ndk-r9//toolchains/arm-linux-androideabi-4.4.3/prebuilt/linux-x86_64/arm-linux-androideabi/bin/ld option to reload object files
configure:5310: result: -r
configure:5344: checking for arm-linux-objdump
configure:5371: result: objdump
configure:5440: checking how to recognize dependent libraries
configure:5642: result: pass_all
configure:5687: checking for arm-linux-dlltool
configure:5714: result: dlltool
configure:5784: checking how to associate runtime and link libraries
configure:5811: result: printf %s\n
configure:5828: checking for arm-linux-ar
configure:5855: result: /home/jun-young/android-ndk-r9//toolchains/arm-linux-androideabi-4.4.3/prebuilt/linux-x86_64/bin/arm-linux-androideabi-ar
configure:5936: checking for archiver @FILE support
configure:5953: /home/jun-young/android-ndk-r9//toolchains/arm-linux-androideabi-4.4.3/prebuilt/linux-x86_64/bin/arm-linux-androideabi-gcc --sysroot=/home/jun-young/android-ndk-r9//platforms/android-9/arch-arm/ -c -mfloat-abi=softfp -mfpu=neon -marm -march=armv7-a -mtune=cortex-a8 -mthumb -D__thumb__  -std=gnu99 -mfloat-abi=softfp -mfpu=neon -marm -march=armv7-a -mtune=cortex-a8 -mthumb -D__thumb__  -std=gnu99 conftest.c >&5
configure:5953: $? = 0
configure:5956: /home/jun-young/android-ndk-r9//toolchains/arm-linux-androideabi-4.4.3/prebuilt/linux-x86_64/bin/arm-linux-androideabi-ar cru libconftest.a @conftest.lst >&5
configure:5959: $? = 0
configure:5964: /home/jun-young/android-ndk-r9//toolchains/arm-linux-androideabi-4.4.3/prebuilt/linux-x86_64/bin/arm-linux-androideabi-ar cru libconftest.a @conftest.lst >&5
/home/jun-young/android-ndk-r9//toolchains/arm-linux-androideabi-4.4.3/prebuilt/linux-x86_64/bin/arm-linux-androideabi-ar: conftest.o: No such file or directory
configure:5967: $? = 1
configure:5979: result: @
configure:5997: checking for arm-linux-strip
configure:6024: result: /home/jun-young/android-ndk-r9//toolchains/arm-linux-androideabi-4.4.3/prebuilt/linux-x86_64/bin/arm-linux-androideabi-strip
configure:6096: checking for arm-linux-ranlib
configure:6123: result: /home/jun-young/android-ndk-r9//toolchains/arm-linux-androideabi-4.4.3/prebuilt/linux-x86_64/bin/arm-linux-androideabi-ranlib
configure:6265: checking command to parse /home/jun-young/android-ndk-r9//toolchains/arm-linux-androideabi-4.4.3/prebuilt/linux-x86_64/bin/arm-linux-androideabi-nm output from /home/jun-young/android-ndk-r9//toolchains/arm-linux-androideabi-4.4.3/prebuilt/linux-x86_64/bin/arm-linux-androideabi-gcc --sysroot=/home/jun-young/android-ndk-r9//platforms/android-9/arch-arm/ object
configure:6385: /home/jun-young/android-ndk-r9//toolchains/arm-linux-androideabi-4.4.3/prebuilt/linux-x86_64/bin/arm-linux-androideabi-gcc --sysroot=/home/jun-young/android-ndk-r9//platforms/android-9/arch-arm/ -c -mfloat-abi=softfp -mfpu=neon -marm -march=armv7-a -mtune=cortex-a8 -mthumb -D__thumb__  -std=gnu99 -mfloat-abi=softfp -mfpu=neon -marm -march=armv7-a -mtune=cortex-a8 -mthumb -D__thumb__  -std=gnu99 conftest.c >&5
configure:6388: $? = 0
configure:6392: /home/jun-young/android-ndk-r9//toolchains/arm-linux-androideabi-4.4.3/prebuilt/linux-x86_64/bin/arm-linux-androideabi-nm conftest.o \| sed -n -e 's/^.*[ ]\([ABCDGIRSTW][ABCDGIRSTW]*\)[ ][ ]*\([_A-Za-z][_A-Za-z0-9]*\)$/\1 \2 \2/p' | sed '/ __gnu_lto/d' \> conftest.nm
configure:6395: $? = 0
configure:6461: /home/jun-young/android-ndk-r9//toolchains/arm-linux-androideabi-4.4.3/prebuilt/linux-x86_64/bin/arm-linux-androideabi-gcc --sysroot=/home/jun-young/android-ndk-r9//platforms/android-9/arch-arm/ -o conftest -mfloat-abi=softfp -mfpu=neon -marm -march=armv7-a -mtune=cortex-a8 -mthumb -D__thumb__  -std=gnu99 -mfloat-abi=softfp -mfpu=neon -marm -march=armv7-a -mtune=cortex-a8 -mthumb -D__thumb__  -std=gnu99 -Wl,-rpath-link=/home/jun-young/android-ndk-r9//platforms/android-9/arch-arm//usr/lib -L/home/jun-young/android-ndk-r9//platforms/android-9/arch-arm//usr/lib -nostdlib -lc -lm -ldl -llog conftest.c conftstm.o >&5
/home/jun-young/android-ndk-r9//toolchains/arm-linux-androideabi-4.4.3/prebuilt/linux-x86_64/bin/../lib/gcc/arm-linux-androideabi/4.4.3/../../../../arm-linux-androideabi/bin/ld: warning: cannot find entry symbol _start; defaulting to 00000000000081f0
configure:6464: $? = 0
configure:6502: result: ok
configure:6539: checking for sysroot
configure:6569: result: no
configure:6785: checking for arm-linux-mt
configure:6815: result: no
configure:6825: checking for mt
configure:6841: found /bin/mt
configure:6852: result: mt
configure:6864: WARNING: using cross tools not prefixed with host triplet
configure:6875: checking if mt is a manifest tool
configure:6881: mt '-?'
configure:6889: result: no
configure:7531: checking how to run the C preprocessor
configure:7562: /home/jun-young/android-ndk-r9//toolchains/arm-linux-androideabi-4.4.3/prebuilt/linux-x86_64/bin/arm-linux-androideabi-gcc --sysroot=/home/jun-young/android-ndk-r9//platforms/android-9/arch-arm/ -E -mfloat-abi=softfp -mfpu=neon -marm -march=armv7-a -mtune=cortex-a8 -mthumb -D__thumb__  -std=gnu99 conftest.c
configure:7562: $? = 0
configure:7576: /home/jun-young/android-ndk-r9//toolchains/arm-linux-androideabi-4.4.3/prebuilt/linux-x86_64/bin/arm-linux-androideabi-gcc --sysroot=/home/jun-young/android-ndk-r9//platforms/android-9/arch-arm/ -E -mfloat-abi=softfp -mfpu=neon -marm -march=armv7-a -mtune=cortex-a8 -mthumb -D__thumb__  -std=gnu99 conftest.c
conftest.c:11:28: error: ac_nonexistent.h: No such file or directory
configure:7576: $? = 1
configure: failed program was:
| /* confdefs.h */
| #define PACKAGE_NAME "GNU FriBidi"
| #define PACKAGE_TARNAME "fribidi"
| #define PACKAGE_VERSION "0.19.2"
| #define PACKAGE_STRING "GNU FriBidi 0.19.2"
| #define PACKAGE_BUGREPORT "http://fribidi.org/bug"
| #define PACKAGE_URL "http://www.gnu.org/software/fribidi/"
| #define PACKAGE "fribidi"
| #define VERSION "0.19.2"
| /* end confdefs.h.  */
| #include <ac_nonexistent.h>
configure:7601: result: /home/jun-young/android-ndk-r9//toolchains/arm-linux-androideabi-4.4.3/prebuilt/linux-x86_64/bin/arm-linux-androideabi-gcc --sysroot=/home/jun-young/android-ndk-r9//platforms/android-9/arch-arm/ -E
configure:7621: /home/jun-young/android-ndk-r9//toolchains/arm-linux-androideabi-4.4.3/prebuilt/linux-x86_64/bin/arm-linux-androideabi-gcc --sysroot=/home/jun-young/android-ndk-r9//platforms/android-9/arch-arm/ -E -mfloat-abi=softfp -mfpu=neon -marm -march=armv7-a -mtune=cortex-a8 -mthumb -D__thumb__  -std=gnu99 conftest.c
configure:7621: $? = 0
configure:7635: /home/jun-young/android-ndk-r9//toolchains/arm-linux-androideabi-4.4.3/prebuilt/linux-x86_64/bin/arm-linux-androideabi-gcc --sysroot=/home/jun-young/android-ndk-r9//platforms/android-9/arch-arm/ -E -mfloat-abi=softfp -mfpu=neon -marm -march=armv7-a -mtune=cortex-a8 -mthumb -D__thumb__  -std=gnu99 conftest.c
conftest.c:11:28: error: ac_nonexistent.h: No such file or directory
configure:7635: $? = 1
configure: failed program was:
| /* confdefs.h */
| #define PACKAGE_NAME "GNU FriBidi"
| #define PACKAGE_TARNAME "fribidi"
| #define PACKAGE_VERSION "0.19.2"
| #define PACKAGE_STRING "GNU FriBidi 0.19.2"
| #define PACKAGE_BUGREPORT "http://fribidi.org/bug"
| #define PACKAGE_URL "http://www.gnu.org/software/fribidi/"
| #define PACKAGE "fribidi"
| #define VERSION "0.19.2"
| /* end confdefs.h.  */
| #include <ac_nonexistent.h>
configure:7664: checking for ANSI C header files
configure:7684: /home/jun-young/android-ndk-r9//toolchains/arm-linux-androideabi-4.4.3/prebuilt/linux-x86_64/bin/arm-linux-androideabi-gcc --sysroot=/home/jun-young/android-ndk-r9//platforms/android-9/arch-arm/ -c -mfloat-abi=softfp -mfpu=neon -marm -march=armv7-a -mtune=cortex-a8 -mthumb -D__thumb__  -std=gnu99 -mfloat-abi=softfp -mfpu=neon -marm -march=armv7-a -mtune=cortex-a8 -mthumb -D__thumb__  -std=gnu99 conftest.c >&5
configure:7684: $? = 0
configure:7768: result: yes
configure:7781: checking for sys/types.h
configure:7781: /home/jun-young/android-ndk-r9//toolchains/arm-linux-androideabi-4.4.3/prebuilt/linux-x86_64/bin/arm-linux-androideabi-gcc --sysroot=/home/jun-young/android-ndk-r9//platforms/android-9/arch-arm/ -c -mfloat-abi=softfp -mfpu=neon -marm -march=armv7-a -mtune=cortex-a8 -mthumb -D__thumb__  -std=gnu99 -mfloat-abi=softfp -mfpu=neon -marm -march=armv7-a -mtune=cortex-a8 -mthumb -D__thumb__  -std=gnu99 conftest.c >&5
configure:7781: $? = 0
configure:7781: result: yes
configure:7781: checking for sys/stat.h
configure:7781: /home/jun-young/android-ndk-r9//toolchains/arm-linux-androideabi-4.4.3/prebuilt/linux-x86_64/bin/arm-linux-androideabi-gcc --sysroot=/home/jun-young/android-ndk-r9//platforms/android-9/arch-arm/ -c -mfloat-abi=softfp -mfpu=neon -marm -march=armv7-a -mtune=cortex-a8 -mthumb -D__thumb__  -std=gnu99 -mfloat-abi=softfp -mfpu=neon -marm -march=armv7-a -mtune=cortex-a8 -mthumb -D__thumb__  -std=gnu99 conftest.c >&5
configure:7781: $? = 0
configure:7781: result: yes
configure:7781: checking for stdlib.h
configure:7781: /home/jun-young/android-ndk-r9//toolchains/arm-linux-androideabi-4.4.3/prebuilt/linux-x86_64/bin/arm-linux-androideabi-gcc --sysroot=/home/jun-young/android-ndk-r9//platforms/android-9/arch-arm/ -c -mfloat-abi=softfp -mfpu=neon -marm -march=armv7-a -mtune=cortex-a8 -mthumb -D__thumb__  -std=gnu99 -mfloat-abi=softfp -mfpu=neon -marm -march=armv7-a -mtune=cortex-a8 -mthumb -D__thumb__  -std=gnu99 conftest.c >&5
configure:7781: $? = 0
configure:7781: result: yes
configure:7781: checking for string.h
configure:7781: /home/jun-young/android-ndk-r9//toolchains/arm-linux-androideabi-4.4.3/prebuilt/linux-x86_64/bin/arm-linux-androideabi-gcc --sysroot=/home/jun-young/android-ndk-r9//platforms/android-9/arch-arm/ -c -mfloat-abi=softfp -mfpu=neon -marm -march=armv7-a -mtune=cortex-a8 -mthumb -D__thumb__  -std=gnu99 -mfloat-abi=softfp -mfpu=neon -marm -march=armv7-a -mtune=cortex-a8 -mthumb -D__thumb__  -std=gnu99 conftest.c >&5
configure:7781: $? = 0
configure:7781: result: yes
configure:7781: checking for memory.h
configure:7781: /home/jun-young/android-ndk-r9//toolchains/arm-linux-androideabi-4.4.3/prebuilt/linux-x86_64/bin/arm-linux-androideabi-gcc --sysroot=/home/jun-young/android-ndk-r9//platforms/android-9/arch-arm/ -c -mfloat-abi=softfp -mfpu=neon -marm -march=armv7-a -mtune=cortex-a8 -mthumb -D__thumb__  -std=gnu99 -mfloat-abi=softfp -mfpu=neon -marm -march=armv7-a -mtune=cortex-a8 -mthumb -D__thumb__  -std=gnu99 conftest.c >&5
configure:7781: $? = 0
configure:7781: result: yes
configure:7781: checking for strings.h
configure:7781: /home/jun-young/android-ndk-r9//toolchains/arm-linux-androideabi-4.4.3/prebuilt/linux-x86_64/bin/arm-linux-androideabi-gcc --sysroot=/home/jun-young/android-ndk-r9//platforms/android-9/arch-arm/ -c -mfloat-abi=softfp -mfpu=neon -marm -march=armv7-a -mtune=cortex-a8 -mthumb -D__thumb__  -std=gnu99 -mfloat-abi=softfp -mfpu=neon -marm -march=armv7-a -mtune=cortex-a8 -mthumb -D__thumb__  -std=gnu99 conftest.c >&5
configure:7781: $? = 0
configure:7781: result: yes
configure:7781: checking for inttypes.h
configure:7781: /home/jun-young/android-ndk-r9//toolchains/arm-linux-androideabi-4.4.3/prebuilt/linux-x86_64/bin/arm-linux-androideabi-gcc --sysroot=/home/jun-young/android-ndk-r9//platforms/android-9/arch-arm/ -c -mfloat-abi=softfp -mfpu=neon -marm -march=armv7-a -mtune=cortex-a8 -mthumb -D__thumb__  -std=gnu99 -mfloat-abi=softfp -mfpu=neon -marm -march=armv7-a -mtune=cortex-a8 -mthumb -D__thumb__  -std=gnu99 conftest.c >&5
configure:7781: $? = 0
configure:7781: result: yes
configure:7781: checking for stdint.h
configure:7781: /home/jun-young/android-ndk-r9//toolchains/arm-linux-androideabi-4.4.3/prebuilt/linux-x86_64/bin/arm-linux-androideabi-gcc --sysroot=/home/jun-young/android-ndk-r9//platforms/android-9/arch-arm/ -c -mfloat-abi=softfp -mfpu=neon -marm -march=armv7-a -mtune=cortex-a8 -mthumb -D__thumb__  -std=gnu99 -mfloat-abi=softfp -mfpu=neon -marm -march=armv7-a -mtune=cortex-a8 -mthumb -D__thumb__  -std=gnu99 conftest.c >&5
configure:7781: $? = 0
configure:7781: result: yes
configure:7781: checking for unistd.h
configure:7781: /home/jun-young/android-ndk-r9//toolchains/arm-linux-androideabi-4.4.3/prebuilt/linux-x86_64/bin/arm-linux-androideabi-gcc --sysroot=/home/jun-young/android-ndk-r9//platforms/android-9/arch-arm/ -c -mfloat-abi=softfp -mfpu=neon -marm -march=armv7-a -mtune=cortex-a8 -mthumb -D__thumb__  -std=gnu99 -mfloat-abi=softfp -mfpu=neon -marm -march=armv7-a -mtune=cortex-a8 -mthumb -D__thumb__  -std=gnu99 conftest.c >&5
configure:7781: $? = 0
configure:7781: result: yes
configure:7795: checking for dlfcn.h
configure:7795: /home/jun-young/android-ndk-r9//toolchains/arm-linux-androideabi-4.4.3/prebuilt/linux-x86_64/bin/arm-linux-androideabi-gcc --sysroot=/home/jun-young/android-ndk-r9//platforms/android-9/arch-arm/ -c -mfloat-abi=softfp -mfpu=neon -marm -march=armv7-a -mtune=cortex-a8 -mthumb -D__thumb__  -std=gnu99 -mfloat-abi=softfp -mfpu=neon -marm -march=armv7-a -mtune=cortex-a8 -mthumb -D__thumb__  -std=gnu99 conftest.c >&5
configure:7795: $? = 0
configure:7795: result: yes
configure:7999: checking for objdir
configure:8014: result: .libs
configure:8281: checking if /home/jun-young/android-ndk-r9//toolchains/arm-linux-androideabi-4.4.3/prebuilt/linux-x86_64/bin/arm-linux-androideabi-gcc --sysroot=/home/jun-young/android-ndk-r9//platforms/android-9/arch-arm/ supports -fno-rtti -fno-exceptions
configure:8299: /home/jun-young/android-ndk-r9//toolchains/arm-linux-androideabi-4.4.3/prebuilt/linux-x86_64/bin/arm-linux-androideabi-gcc --sysroot=/home/jun-young/android-ndk-r9//platforms/android-9/arch-arm/ -c -mfloat-abi=softfp -mfpu=neon -marm -march=armv7-a -mtune=cortex-a8 -mthumb -D__thumb__  -std=gnu99 -mfloat-abi=softfp -mfpu=neon -marm -march=armv7-a -mtune=cortex-a8 -mthumb -D__thumb__  -std=gnu99 -fno-rtti -fno-exceptions conftest.c >&5
cc1: warning: command line option "-fno-rtti" is valid for C++/ObjC++ but not for C
configure:8303: $? = 0
configure:8316: result: no
configure:8643: checking for /home/jun-young/android-ndk-r9//toolchains/arm-linux-androideabi-4.4.3/prebuilt/linux-x86_64/bin/arm-linux-androideabi-gcc --sysroot=/home/jun-young/android-ndk-r9//platforms/android-9/arch-arm/ option to produce PIC
configure:8650: result: -fPIC -DPIC
configure:8658: checking if /home/jun-young/android-ndk-r9//toolchains/arm-linux-androideabi-4.4.3/prebuilt/linux-x86_64/bin/arm-linux-androideabi-gcc --sysroot=/home/jun-young/android-ndk-r9//platforms/android-9/arch-arm/ PIC flag -fPIC -DPIC works
configure:8676: /home/jun-young/android-ndk-r9//toolchains/arm-linux-androideabi-4.4.3/prebuilt/linux-x86_64/bin/arm-linux-androideabi-gcc --sysroot=/home/jun-young/android-ndk-r9//platforms/android-9/arch-arm/ -c -mfloat-abi=softfp -mfpu=neon -marm -march=armv7-a -mtune=cortex-a8 -mthumb -D__thumb__  -std=gnu99 -mfloat-abi=softfp -mfpu=neon -marm -march=armv7-a -mtune=cortex-a8 -mthumb -D__thumb__  -std=gnu99 -fPIC -DPIC -DPIC conftest.c >&5
configure:8680: $? = 0
configure:8693: result: yes
configure:8722: checking if /home/jun-young/android-ndk-r9//toolchains/arm-linux-androideabi-4.4.3/prebuilt/linux-x86_64/bin/arm-linux-androideabi-gcc --sysroot=/home/jun-young/android-ndk-r9//platforms/android-9/arch-arm/ static flag -static works
configure:8750: result: no
configure:8765: checking if /home/jun-young/android-ndk-r9//toolchains/arm-linux-androideabi-4.4.3/prebuilt/linux-x86_64/bin/arm-linux-androideabi-gcc --sysroot=/home/jun-young/android-ndk-r9//platforms/android-9/arch-arm/ supports -c -o file.o
configure:8786: /home/jun-young/android-ndk-r9//toolchains/arm-linux-androideabi-4.4.3/prebuilt/linux-x86_64/bin/arm-linux-androideabi-gcc --sysroot=/home/jun-young/android-ndk-r9//platforms/android-9/arch-arm/ -c -mfloat-abi=softfp -mfpu=neon -marm -march=armv7-a -mtune=cortex-a8 -mthumb -D__thumb__  -std=gnu99 -mfloat-abi=softfp -mfpu=neon -marm -march=armv7-a -mtune=cortex-a8 -mthumb -D__thumb__  -std=gnu99 -o out/conftest2.o conftest.c >&5
configure:8790: $? = 0
configure:8812: result: yes
configure:8820: checking if /home/jun-young/android-ndk-r9//toolchains/arm-linux-androideabi-4.4.3/prebuilt/linux-x86_64/bin/arm-linux-androideabi-gcc --sysroot=/home/jun-young/android-ndk-r9//platforms/android-9/arch-arm/ supports -c -o file.o
configure:8867: result: yes
configure:8900: checking whether the /home/jun-young/android-ndk-r9//toolchains/arm-linux-androideabi-4.4.3/prebuilt/linux-x86_64/bin/arm-linux-androideabi-gcc --sysroot=/home/jun-young/android-ndk-r9//platforms/android-9/arch-arm/ linker (/home/jun-young/android-ndk-r9//toolchains/arm-linux-androideabi-4.4.3/prebuilt/linux-x86_64/arm-linux-androideabi/bin/ld) supports shared libraries
configure:10057: result: yes
configure:10297: checking dynamic linker characteristics
configure:10808: /home/jun-young/android-ndk-r9//toolchains/arm-linux-androideabi-4.4.3/prebuilt/linux-x86_64/bin/arm-linux-androideabi-gcc --sysroot=/home/jun-young/android-ndk-r9//platforms/android-9/arch-arm/ -o conftest -mfloat-abi=softfp -mfpu=neon -marm -march=armv7-a -mtune=cortex-a8 -mthumb -D__thumb__  -std=gnu99 -mfloat-abi=softfp -mfpu=neon -marm -march=armv7-a -mtune=cortex-a8 -mthumb -D__thumb__  -std=gnu99 -Wl,-rpath-link=/home/jun-young/android-ndk-r9//platforms/android-9/arch-arm//usr/lib -L/home/jun-young/android-ndk-r9//platforms/android-9/arch-arm//usr/lib -nostdlib -lc -lm -ldl -llog -Wl,-rpath -Wl,/foo conftest.c  >&5
/home/jun-young/android-ndk-r9//toolchains/arm-linux-androideabi-4.4.3/prebuilt/linux-x86_64/bin/../lib/gcc/arm-linux-androideabi/4.4.3/../../../../arm-linux-androideabi/bin/ld: warning: cannot find entry symbol _start; defaulting to 00000000000081d0
configure:10808: $? = 0
configure:11042: result: GNU/Linux ld.so
configure:11149: checking how to hardcode library paths into programs
configure:11174: result: immediate
configure:11714: checking whether stripping libraries is possible
configure:11719: result: yes
configure:11754: checking if libtool supports shared libraries
configure:11756: result: yes
configure:11759: checking whether to build shared libraries
configure:11780: result: no
configure:11783: checking whether to build static libraries
configure:11787: result: yes
configure:11824: checking for native Win32
configure:11830: result: no
configure:11840: checking for some Win32 platform
configure:11846: result: no
configure:11859: checking for ANSI C header files
configure:11963: result: yes
configure:11974: checking for stdlib.h
configure:11974: result: yes
configure:11974: checking for string.h
configure:11974: result: yes
configure:11974: checking for strings.h
configure:11974: result: yes
configure:11974: checking for inttypes.h
configure:11974: result: yes
configure:11974: checking wchar.h usability
configure:11974: /home/jun-young/android-ndk-r9//toolchains/arm-linux-androideabi-4.4.3/prebuilt/linux-x86_64/bin/arm-linux-androideabi-gcc --sysroot=/home/jun-young/android-ndk-r9//platforms/android-9/arch-arm/ -c -mfloat-abi=softfp -mfpu=neon -marm -march=armv7-a -mtune=cortex-a8 -mthumb -D__thumb__  -std=gnu99 -mfloat-abi=softfp -mfpu=neon -marm -march=armv7-a -mtune=cortex-a8 -mthumb -D__thumb__  -std=gnu99 conftest.c >&5
configure:11974: $? = 0
configure:11974: result: yes
configure:11974: checking wchar.h presence
configure:11974: /home/jun-young/android-ndk-r9//toolchains/arm-linux-androideabi-4.4.3/prebuilt/linux-x86_64/bin/arm-linux-androideabi-gcc --sysroot=/home/jun-young/android-ndk-r9//platforms/android-9/arch-arm/ -E -mfloat-abi=softfp -mfpu=neon -marm -march=armv7-a -mtune=cortex-a8 -mthumb -D__thumb__  -std=gnu99 conftest.c
configure:11974: $? = 0
configure:11974: result: yes
configure:11974: checking for wchar.h
configure:11974: result: yes
configure:11974: checking asm/page.h usability
configure:11974: /home/jun-young/android-ndk-r9//toolchains/arm-linux-androideabi-4.4.3/prebuilt/linux-x86_64/bin/arm-linux-androideabi-gcc --sysroot=/home/jun-young/android-ndk-r9//platforms/android-9/arch-arm/ -c -mfloat-abi=softfp -mfpu=neon -marm -march=armv7-a -mtune=cortex-a8 -mthumb -D__thumb__  -std=gnu99 -mfloat-abi=softfp -mfpu=neon -marm -march=armv7-a -mtune=cortex-a8 -mthumb -D__thumb__  -std=gnu99 conftest.c >&5
configure:11974: $? = 0
configure:11974: result: yes
configure:11974: checking asm/page.h presence
configure:11974: /home/jun-young/android-ndk-r9//toolchains/arm-linux-androideabi-4.4.3/prebuilt/linux-x86_64/bin/arm-linux-androideabi-gcc --sysroot=/home/jun-young/android-ndk-r9//platforms/android-9/arch-arm/ -E -mfloat-abi=softfp -mfpu=neon -marm -march=armv7-a -mtune=cortex-a8 -mthumb -D__thumb__  -std=gnu99 conftest.c
configure:11974: $? = 0
configure:11974: result: yes
configure:11974: checking for asm/page.h
configure:11974: result: yes
configure:11974: checking sys/times.h usability
configure:11974: /home/jun-young/android-ndk-r9//toolchains/arm-linux-androideabi-4.4.3/prebuilt/linux-x86_64/bin/arm-linux-androideabi-gcc --sysroot=/home/jun-young/android-ndk-r9//platforms/android-9/arch-arm/ -c -mfloat-abi=softfp -mfpu=neon -marm -march=armv7-a -mtune=cortex-a8 -mthumb -D__thumb__  -std=gnu99 -mfloat-abi=softfp -mfpu=neon -marm -march=armv7-a -mtune=cortex-a8 -mthumb -D__thumb__  -std=gnu99 conftest.c >&5
configure:11974: $? = 0
configure:11974: result: yes
configure:11974: checking sys/times.h presence
configure:11974: /home/jun-young/android-ndk-r9//toolchains/arm-linux-androideabi-4.4.3/prebuilt/linux-x86_64/bin/arm-linux-androideabi-gcc --sysroot=/home/jun-young/android-ndk-r9//platforms/android-9/arch-arm/ -E -mfloat-abi=softfp -mfpu=neon -marm -march=armv7-a -mtune=cortex-a8 -mthumb -D__thumb__  -std=gnu99 conftest.c
configure:11974: $? = 0
configure:11974: result: yes
configure:11974: checking for sys/times.h
configure:11974: result: yes
configure:11986: checking for an ANSI C-conforming const
configure:12051: /home/jun-young/android-ndk-r9//toolchains/arm-linux-androideabi-4.4.3/prebuilt/linux-x86_64/bin/arm-linux-androideabi-gcc --sysroot=/home/jun-young/android-ndk-r9//platforms/android-9/arch-arm/ -c -mfloat-abi=softfp -mfpu=neon -marm -march=armv7-a -mtune=cortex-a8 -mthumb -D__thumb__  -std=gnu99 -mfloat-abi=softfp -mfpu=neon -marm -march=armv7-a -mtune=cortex-a8 -mthumb -D__thumb__  -std=gnu99 conftest.c >&5
configure:12051: $? = 0
configure:12058: result: yes
configure:12066: checking for preprocessor stringizing operator
configure:12086: result: yes
configure:12098: checking size of int
configure:12103: /home/jun-young/android-ndk-r9//toolchains/arm-linux-androideabi-4.4.3/prebuilt/linux-x86_64/bin/arm-linux-androideabi-gcc --sysroot=/home/jun-young/android-ndk-r9//platforms/android-9/arch-arm/ -c -mfloat-abi=softfp -mfpu=neon -marm -march=armv7-a -mtune=cortex-a8 -mthumb -D__thumb__  -std=gnu99 -mfloat-abi=softfp -mfpu=neon -marm -march=armv7-a -mtune=cortex-a8 -mthumb -D__thumb__  -std=gnu99 conftest.c >&5
configure:12103: $? = 0
configure:12103: /home/jun-young/android-ndk-r9//toolchains/arm-linux-androideabi-4.4.3/prebuilt/linux-x86_64/bin/arm-linux-androideabi-gcc --sysroot=/home/jun-young/android-ndk-r9//platforms/android-9/arch-arm/ -c -mfloat-abi=softfp -mfpu=neon -marm -march=armv7-a -mtune=cortex-a8 -mthumb -D__thumb__  -std=gnu99 -mfloat-abi=softfp -mfpu=neon -marm -march=armv7-a -mtune=cortex-a8 -mthumb -D__thumb__  -std=gnu99 conftest.c >&5
conftest.c: In function 'main':
conftest.c:68: error: size of array 'test_array' is negative
configure:12103: $? = 1
configure: failed program was:
| /* confdefs.h */
| #define PACKAGE_NAME "GNU FriBidi"
| #define PACKAGE_TARNAME "fribidi"
| #define PACKAGE_VERSION "0.19.2"
| #define PACKAGE_STRING "GNU FriBidi 0.19.2"
| #define PACKAGE_BUGREPORT "http://fribidi.org/bug"
| #define PACKAGE_URL "http://www.gnu.org/software/fribidi/"
| #define PACKAGE "fribidi"
| #define VERSION "0.19.2"
| #define STDC_HEADERS 1
| #define HAVE_SYS_TYPES_H 1
| #define HAVE_SYS_STAT_H 1
| #define HAVE_STDLIB_H 1
| #define HAVE_STRING_H 1
| #define HAVE_MEMORY_H 1
| #define HAVE_STRINGS_H 1
| #define HAVE_INTTYPES_H 1
| #define HAVE_STDINT_H 1
| #define HAVE_UNISTD_H 1
| #define HAVE_DLFCN_H 1
| #define LT_OBJDIR ".libs/"
| #define STDC_HEADERS 1
| #define HAVE_STDLIB_H 1
| #define HAVE_STRING_H 1
| #define HAVE_STRINGS_H 1
| #define HAVE_INTTYPES_H 1
| #define HAVE_WCHAR_H 1
| #define HAVE_ASM_PAGE_H 1
| #define HAVE_SYS_TIMES_H 1
| #define HAVE_STRINGIZE 1
| /* end confdefs.h.  */
| #include <stdio.h>
| #ifdef HAVE_SYS_TYPES_H
| # include <sys/types.h>
| #endif
| #ifdef HAVE_SYS_STAT_H
| # include <sys/stat.h>
| #endif
| #ifdef STDC_HEADERS
| # include <stdlib.h>
| # include <stddef.h>
| #else
| # ifdef HAVE_STDLIB_H
| #  include <stdlib.h>
| # endif
| #endif
| #ifdef HAVE_STRING_H
| # if !defined STDC_HEADERS && defined HAVE_MEMORY_H
| #  include <memory.h>
| # endif
| # include <string.h>
| #endif
| #ifdef HAVE_STRINGS_H
| # include <strings.h>
| #endif
| #ifdef HAVE_INTTYPES_H
| # include <inttypes.h>
| #endif
| #ifdef HAVE_STDINT_H
| # include <stdint.h>
| #endif
| #ifdef HAVE_UNISTD_H
| # include <unistd.h>
| #endif
| int
| main ()
| {
| static int test_array [1 - 2 * !(((long int) (sizeof (int))) <= 0)];
| test_array [0] = 0
| 
|   ;
|   return 0;
| }
configure:12103: /home/jun-young/android-ndk-r9//toolchains/arm-linux-androideabi-4.4.3/prebuilt/linux-x86_64/bin/arm-linux-androideabi-gcc --sysroot=/home/jun-young/android-ndk-r9//platforms/android-9/arch-arm/ -c -mfloat-abi=softfp -mfpu=neon -marm -march=armv7-a -mtune=cortex-a8 -mthumb -D__thumb__  -std=gnu99 -mfloat-abi=softfp -mfpu=neon -marm -march=armv7-a -mtune=cortex-a8 -mthumb -D__thumb__  -std=gnu99 conftest.c >&5
conftest.c: In function 'main':
conftest.c:68: error: size of array 'test_array' is negative
configure:12103: $? = 1
configure: failed program was:
| /* confdefs.h */
| #define PACKAGE_NAME "GNU FriBidi"
| #define PACKAGE_TARNAME "fribidi"
| #define PACKAGE_VERSION "0.19.2"
| #define PACKAGE_STRING "GNU FriBidi 0.19.2"
| #define PACKAGE_BUGREPORT "http://fribidi.org/bug"
| #define PACKAGE_URL "http://www.gnu.org/software/fribidi/"
| #define PACKAGE "fribidi"
| #define VERSION "0.19.2"
| #define STDC_HEADERS 1
| #define HAVE_SYS_TYPES_H 1
| #define HAVE_SYS_STAT_H 1
| #define HAVE_STDLIB_H 1
| #define HAVE_STRING_H 1
| #define HAVE_MEMORY_H 1
| #define HAVE_STRINGS_H 1
| #define HAVE_INTTYPES_H 1
| #define HAVE_STDINT_H 1
| #define HAVE_UNISTD_H 1
| #define HAVE_DLFCN_H 1
| #define LT_OBJDIR ".libs/"
| #define STDC_HEADERS 1
| #define HAVE_STDLIB_H 1
| #define HAVE_STRING_H 1
| #define HAVE_STRINGS_H 1
| #define HAVE_INTTYPES_H 1
| #define HAVE_WCHAR_H 1
| #define HAVE_ASM_PAGE_H 1
| #define HAVE_SYS_TIMES_H 1
| #define HAVE_STRINGIZE 1
| /* end confdefs.h.  */
| #include <stdio.h>
| #ifdef HAVE_SYS_TYPES_H
| # include <sys/types.h>
| #endif
| #ifdef HAVE_SYS_STAT_H
| # include <sys/stat.h>
| #endif
| #ifdef STDC_HEADERS
| # include <stdlib.h>
| # include <stddef.h>
| #else
| # ifdef HAVE_STDLIB_H
| #  include <stdlib.h>
| # endif
| #endif
| #ifdef HAVE_STRING_H
| # if !defined STDC_HEADERS && defined HAVE_MEMORY_H
| #  include <memory.h>
| # endif
| # include <string.h>
| #endif
| #ifdef HAVE_STRINGS_H
| # include <strings.h>
| #endif
| #ifdef HAVE_INTTYPES_H
| # include <inttypes.h>
| #endif
| #ifdef HAVE_STDINT_H
| # include <stdint.h>
| #endif
| #ifdef HAVE_UNISTD_H
| # include <unistd.h>
| #endif
| int
| main ()
| {
| static int test_array [1 - 2 * !(((long int) (sizeof (int))) <= 1)];
| test_array [0] = 0
| 
|   ;
|   return 0;
| }
configure:12103: /home/jun-young/android-ndk-r9//toolchains/arm-linux-androideabi-4.4.3/prebuilt/linux-x86_64/bin/arm-linux-androideabi-gcc --sysroot=/home/jun-young/android-ndk-r9//platforms/android-9/arch-arm/ -c -mfloat-abi=softfp -mfpu=neon -marm -march=armv7-a -mtune=cortex-a8 -mthumb -D__thumb__  -std=gnu99 -mfloat-abi=softfp -mfpu=neon -marm -march=armv7-a -mtune=cortex-a8 -mthumb -D__thumb__  -std=gnu99 conftest.c >&5
conftest.c: In function 'main':
conftest.c:68: error: size of array 'test_array' is negative
configure:12103: $? = 1
configure: failed program was:
| /* confdefs.h */
| #define PACKAGE_NAME "GNU FriBidi"
| #define PACKAGE_TARNAME "fribidi"
| #define PACKAGE_VERSION "0.19.2"
| #define PACKAGE_STRING "GNU FriBidi 0.19.2"
| #define PACKAGE_BUGREPORT "http://fribidi.org/bug"
| #define PACKAGE_URL "http://www.gnu.org/software/fribidi/"
| #define PACKAGE "fribidi"
| #define VERSION "0.19.2"
| #define STDC_HEADERS 1
| #define HAVE_SYS_TYPES_H 1
| #define HAVE_SYS_STAT_H 1
| #define HAVE_STDLIB_H 1
| #define HAVE_STRING_H 1
| #define HAVE_MEMORY_H 1
| #define HAVE_STRINGS_H 1
| #define HAVE_INTTYPES_H 1
| #define HAVE_STDINT_H 1
| #define HAVE_UNISTD_H 1
| #define HAVE_DLFCN_H 1
| #define LT_OBJDIR ".libs/"
| #define STDC_HEADERS 1
| #define HAVE_STDLIB_H 1
| #define HAVE_STRING_H 1
| #define HAVE_STRINGS_H 1
| #define HAVE_INTTYPES_H 1
| #define HAVE_WCHAR_H 1
| #define HAVE_ASM_PAGE_H 1
| #define HAVE_SYS_TIMES_H 1
| #define HAVE_STRINGIZE 1
| /* end confdefs.h.  */
| #include <stdio.h>
| #ifdef HAVE_SYS_TYPES_H
| # include <sys/types.h>
| #endif
| #ifdef HAVE_SYS_STAT_H
| # include <sys/stat.h>
| #endif
| #ifdef STDC_HEADERS
| # include <stdlib.h>
| # include <stddef.h>
| #else
| # ifdef HAVE_STDLIB_H
| #  include <stdlib.h>
| # endif
| #endif
| #ifdef HAVE_STRING_H
| # if !defined STDC_HEADERS && defined HAVE_MEMORY_H
| #  include <memory.h>
| # endif
| # include <string.h>
| #endif
| #ifdef HAVE_STRINGS_H
| # include <strings.h>
| #endif
| #ifdef HAVE_INTTYPES_H
| # include <inttypes.h>
| #endif
| #ifdef HAVE_STDINT_H
| # include <stdint.h>
| #endif
| #ifdef HAVE_UNISTD_H
| # include <unistd.h>
| #endif
| int
| main ()
| {
| static int test_array [1 - 2 * !(((long int) (sizeof (int))) <= 3)];
| test_array [0] = 0
| 
|   ;
|   return 0;
| }
configure:12103: /home/jun-young/android-ndk-r9//toolchains/arm-linux-androideabi-4.4.3/prebuilt/linux-x86_64/bin/arm-linux-androideabi-gcc --sysroot=/home/jun-young/android-ndk-r9//platforms/android-9/arch-arm/ -c -mfloat-abi=softfp -mfpu=neon -marm -march=armv7-a -mtune=cortex-a8 -mthumb -D__thumb__  -std=gnu99 -mfloat-abi=softfp -mfpu=neon -marm -march=armv7-a -mtune=cortex-a8 -mthumb -D__thumb__  -std=gnu99 conftest.c >&5
configure:12103: $? = 0
configure:12103: /home/jun-young/android-ndk-r9//toolchains/arm-linux-androideabi-4.4.3/prebuilt/linux-x86_64/bin/arm-linux-androideabi-gcc --sysroot=/home/jun-young/android-ndk-r9//platforms/android-9/arch-arm/ -c -mfloat-abi=softfp -mfpu=neon -marm -march=armv7-a -mtune=cortex-a8 -mthumb -D__thumb__  -std=gnu99 -mfloat-abi=softfp -mfpu=neon -marm -march=armv7-a -mtune=cortex-a8 -mthumb -D__thumb__  -std=gnu99 conftest.c >&5
configure:12103: $? = 0
configure:12103: /home/jun-young/android-ndk-r9//toolchains/arm-linux-androideabi-4.4.3/prebuilt/linux-x86_64/bin/arm-linux-androideabi-gcc --sysroot=/home/jun-young/android-ndk-r9//platforms/android-9/arch-arm/ -c -mfloat-abi=softfp -mfpu=neon -marm -march=armv7-a -mtune=cortex-a8 -mthumb -D__thumb__  -std=gnu99 -mfloat-abi=softfp -mfpu=neon -marm -march=armv7-a -mtune=cortex-a8 -mthumb -D__thumb__  -std=gnu99 conftest.c >&5
configure:12103: $? = 0
configure:12117: result: 4
configure:12133: checking size of short
configure:12138: /home/jun-young/android-ndk-r9//toolchains/arm-linux-androideabi-4.4.3/prebuilt/linux-x86_64/bin/arm-linux-androideabi-gcc --sysroot=/home/jun-young/android-ndk-r9//platforms/android-9/arch-arm/ -c -mfloat-abi=softfp -mfpu=neon -marm -march=armv7-a -mtune=cortex-a8 -mthumb -D__thumb__  -std=gnu99 -mfloat-abi=softfp -mfpu=neon -marm -march=armv7-a -mtune=cortex-a8 -mthumb -D__thumb__  -std=gnu99 conftest.c >&5
configure:12138: $? = 0
configure:12138: /home/jun-young/android-ndk-r9//toolchains/arm-linux-androideabi-4.4.3/prebuilt/linux-x86_64/bin/arm-linux-androideabi-gcc --sysroot=/home/jun-young/android-ndk-r9//platforms/android-9/arch-arm/ -c -mfloat-abi=softfp -mfpu=neon -marm -march=armv7-a -mtune=cortex-a8 -mthumb -D__thumb__  -std=gnu99 -mfloat-abi=softfp -mfpu=neon -marm -march=armv7-a -mtune=cortex-a8 -mthumb -D__thumb__  -std=gnu99 conftest.c >&5
conftest.c: In function 'main':
conftest.c:69: error: size of array 'test_array' is negative
configure:12138: $? = 1
configure: failed program was:
| /* confdefs.h */
| #define PACKAGE_NAME "GNU FriBidi"
| #define PACKAGE_TARNAME "fribidi"
| #define PACKAGE_VERSION "0.19.2"
| #define PACKAGE_STRING "GNU FriBidi 0.19.2"
| #define PACKAGE_BUGREPORT "http://fribidi.org/bug"
| #define PACKAGE_URL "http://www.gnu.org/software/fribidi/"
| #define PACKAGE "fribidi"
| #define VERSION "0.19.2"
| #define STDC_HEADERS 1
| #define HAVE_SYS_TYPES_H 1
| #define HAVE_SYS_STAT_H 1
| #define HAVE_STDLIB_H 1
| #define HAVE_STRING_H 1
| #define HAVE_MEMORY_H 1
| #define HAVE_STRINGS_H 1
| #define HAVE_INTTYPES_H 1
| #define HAVE_STDINT_H 1
| #define HAVE_UNISTD_H 1
| #define HAVE_DLFCN_H 1
| #define LT_OBJDIR ".libs/"
| #define STDC_HEADERS 1
| #define HAVE_STDLIB_H 1
| #define HAVE_STRING_H 1
| #define HAVE_STRINGS_H 1
| #define HAVE_INTTYPES_H 1
| #define HAVE_WCHAR_H 1
| #define HAVE_ASM_PAGE_H 1
| #define HAVE_SYS_TIMES_H 1
| #define HAVE_STRINGIZE 1
| #define SIZEOF_INT 4
| /* end confdefs.h.  */
| #include <stdio.h>
| #ifdef HAVE_SYS_TYPES_H
| # include <sys/types.h>
| #endif
| #ifdef HAVE_SYS_STAT_H
| # include <sys/stat.h>
| #endif
| #ifdef STDC_HEADERS
| # include <stdlib.h>
| # include <stddef.h>
| #else
| # ifdef HAVE_STDLIB_H
| #  include <stdlib.h>
| # endif
| #endif
| #ifdef HAVE_STRING_H
| # if !defined STDC_HEADERS && defined HAVE_MEMORY_H
| #  include <memory.h>
| # endif
| # include <string.h>
| #endif
| #ifdef HAVE_STRINGS_H
| # include <strings.h>
| #endif
| #ifdef HAVE_INTTYPES_H
| # include <inttypes.h>
| #endif
| #ifdef HAVE_STDINT_H
| # include <stdint.h>
| #endif
| #ifdef HAVE_UNISTD_H
| # include <unistd.h>
| #endif
| int
| main ()
| {
| static int test_array [1 - 2 * !(((long int) (sizeof (short))) <= 0)];
| test_array [0] = 0
| 
|   ;
|   return 0;
| }
configure:12138: /home/jun-young/android-ndk-r9//toolchains/arm-linux-androideabi-4.4.3/prebuilt/linux-x86_64/bin/arm-linux-androideabi-gcc --sysroot=/home/jun-young/android-ndk-r9//platforms/android-9/arch-arm/ -c -mfloat-abi=softfp -mfpu=neon -marm -march=armv7-a -mtune=cortex-a8 -mthumb -D__thumb__  -std=gnu99 -mfloat-abi=softfp -mfpu=neon -marm -march=armv7-a -mtune=cortex-a8 -mthumb -D__thumb__  -std=gnu99 conftest.c >&5
conftest.c: In function 'main':
conftest.c:69: error: size of array 'test_array' is negative
configure:12138: $? = 1
configure: failed program was:
| /* confdefs.h */
| #define PACKAGE_NAME "GNU FriBidi"
| #define PACKAGE_TARNAME "fribidi"
| #define PACKAGE_VERSION "0.19.2"
| #define PACKAGE_STRING "GNU FriBidi 0.19.2"
| #define PACKAGE_BUGREPORT "http://fribidi.org/bug"
| #define PACKAGE_URL "http://www.gnu.org/software/fribidi/"
| #define PACKAGE "fribidi"
| #define VERSION "0.19.2"
| #define STDC_HEADERS 1
| #define HAVE_SYS_TYPES_H 1
| #define HAVE_SYS_STAT_H 1
| #define HAVE_STDLIB_H 1
| #define HAVE_STRING_H 1
| #define HAVE_MEMORY_H 1
| #define HAVE_STRINGS_H 1
| #define HAVE_INTTYPES_H 1
| #define HAVE_STDINT_H 1
| #define HAVE_UNISTD_H 1
| #define HAVE_DLFCN_H 1
| #define LT_OBJDIR ".libs/"
| #define STDC_HEADERS 1
| #define HAVE_STDLIB_H 1
| #define HAVE_STRING_H 1
| #define HAVE_STRINGS_H 1
| #define HAVE_INTTYPES_H 1
| #define HAVE_WCHAR_H 1
| #define HAVE_ASM_PAGE_H 1
| #define HAVE_SYS_TIMES_H 1
| #define HAVE_STRINGIZE 1
| #define SIZEOF_INT 4
| /* end confdefs.h.  */
| #include <stdio.h>
| #ifdef HAVE_SYS_TYPES_H
| # include <sys/types.h>
| #endif
| #ifdef HAVE_SYS_STAT_H
| # include <sys/stat.h>
| #endif
| #ifdef STDC_HEADERS
| # include <stdlib.h>
| # include <stddef.h>
| #else
| # ifdef HAVE_STDLIB_H
| #  include <stdlib.h>
| # endif
| #endif
| #ifdef HAVE_STRING_H
| # if !defined STDC_HEADERS && defined HAVE_MEMORY_H
| #  include <memory.h>
| # endif
| # include <string.h>
| #endif
| #ifdef HAVE_STRINGS_H
| # include <strings.h>
| #endif
| #ifdef HAVE_INTTYPES_H
| # include <inttypes.h>
| #endif
| #ifdef HAVE_STDINT_H
| # include <stdint.h>
| #endif
| #ifdef HAVE_UNISTD_H
| # include <unistd.h>
| #endif
| int
| main ()
| {
| static int test_array [1 - 2 * !(((long int) (sizeof (short))) <= 1)];
| test_array [0] = 0
| 
|   ;
|   return 0;
| }
configure:12138: /home/jun-young/android-ndk-r9//toolchains/arm-linux-androideabi-4.4.3/prebuilt/linux-x86_64/bin/arm-linux-androideabi-gcc --sysroot=/home/jun-young/android-ndk-r9//platforms/android-9/arch-arm/ -c -mfloat-abi=softfp -mfpu=neon -marm -march=armv7-a -mtune=cortex-a8 -mthumb -D__thumb__  -std=gnu99 -mfloat-abi=softfp -mfpu=neon -marm -march=armv7-a -mtune=cortex-a8 -mthumb -D__thumb__  -std=gnu99 conftest.c >&5
configure:12138: $? = 0
configure:12138: /home/jun-young/android-ndk-r9//toolchains/arm-linux-androideabi-4.4.3/prebuilt/linux-x86_64/bin/arm-linux-androideabi-gcc --sysroot=/home/jun-young/android-ndk-r9//platforms/android-9/arch-arm/ -c -mfloat-abi=softfp -mfpu=neon -marm -march=armv7-a -mtune=cortex-a8 -mthumb -D__thumb__  -std=gnu99 -mfloat-abi=softfp -mfpu=neon -marm -march=armv7-a -mtune=cortex-a8 -mthumb -D__thumb__  -std=gnu99 conftest.c >&5
configure:12138: $? = 0
configure:12152: result: 2
configure:12166: checking size of void *
configure:12171: /home/jun-young/android-ndk-r9//toolchains/arm-linux-androideabi-4.4.3/prebuilt/linux-x86_64/bin/arm-linux-androideabi-gcc --sysroot=/home/jun-young/android-ndk-r9//platforms/android-9/arch-arm/ -c -mfloat-abi=softfp -mfpu=neon -marm -march=armv7-a -mtune=cortex-a8 -mthumb -D__thumb__  -std=gnu99 -mfloat-abi=softfp -mfpu=neon -marm -march=armv7-a -mtune=cortex-a8 -mthumb -D__thumb__  -std=gnu99 conftest.c >&5
configure:12171: $? = 0
configure:12171: /home/jun-young/android-ndk-r9//toolchains/arm-linux-androideabi-4.4.3/prebuilt/linux-x86_64/bin/arm-linux-androideabi-gcc --sysroot=/home/jun-young/android-ndk-r9//platforms/android-9/arch-arm/ -c -mfloat-abi=softfp -mfpu=neon -marm -march=armv7-a -mtune=cortex-a8 -mthumb -D__thumb__  -std=gnu99 -mfloat-abi=softfp -mfpu=neon -marm -march=armv7-a -mtune=cortex-a8 -mthumb -D__thumb__  -std=gnu99 conftest.c >&5
conftest.c: In function 'main':
conftest.c:70: error: size of array 'test_array' is negative
configure:12171: $? = 1
configure: failed program was:
| /* confdefs.h */
| #define PACKAGE_NAME "GNU FriBidi"
| #define PACKAGE_TARNAME "fribidi"
| #define PACKAGE_VERSION "0.19.2"
| #define PACKAGE_STRING "GNU FriBidi 0.19.2"
| #define PACKAGE_BUGREPORT "http://fribidi.org/bug"
| #define PACKAGE_URL "http://www.gnu.org/software/fribidi/"
| #define PACKAGE "fribidi"
| #define VERSION "0.19.2"
| #define STDC_HEADERS 1
| #define HAVE_SYS_TYPES_H 1
| #define HAVE_SYS_STAT_H 1
| #define HAVE_STDLIB_H 1
| #define HAVE_STRING_H 1
| #define HAVE_MEMORY_H 1
| #define HAVE_STRINGS_H 1
| #define HAVE_INTTYPES_H 1
| #define HAVE_STDINT_H 1
| #define HAVE_UNISTD_H 1
| #define HAVE_DLFCN_H 1
| #define LT_OBJDIR ".libs/"
| #define STDC_HEADERS 1
| #define HAVE_STDLIB_H 1
| #define HAVE_STRING_H 1
| #define HAVE_STRINGS_H 1
| #define HAVE_INTTYPES_H 1
| #define HAVE_WCHAR_H 1
| #define HAVE_ASM_PAGE_H 1
| #define HAVE_SYS_TIMES_H 1
| #define HAVE_STRINGIZE 1
| #define SIZEOF_INT 4
| #define SIZEOF_SHORT 2
| /* end confdefs.h.  */
| #include <stdio.h>
| #ifdef HAVE_SYS_TYPES_H
| # include <sys/types.h>
| #endif
| #ifdef HAVE_SYS_STAT_H
| # include <sys/stat.h>
| #endif
| #ifdef STDC_HEADERS
| # include <stdlib.h>
| # include <stddef.h>
| #else
| # ifdef HAVE_STDLIB_H
| #  include <stdlib.h>
| # endif
| #endif
| #ifdef HAVE_STRING_H
| # if !defined STDC_HEADERS && defined HAVE_MEMORY_H
| #  include <memory.h>
| # endif
| # include <string.h>
| #endif
| #ifdef HAVE_STRINGS_H
| # include <strings.h>
| #endif
| #ifdef HAVE_INTTYPES_H
| # include <inttypes.h>
| #endif
| #ifdef HAVE_STDINT_H
| # include <stdint.h>
| #endif
| #ifdef HAVE_UNISTD_H
| # include <unistd.h>
| #endif
| int
| main ()
| {
| static int test_array [1 - 2 * !(((long int) (sizeof (void *))) <= 0)];
| test_array [0] = 0
| 
|   ;
|   return 0;
| }
configure:12171: /home/jun-young/android-ndk-r9//toolchains/arm-linux-androideabi-4.4.3/prebuilt/linux-x86_64/bin/arm-linux-androideabi-gcc --sysroot=/home/jun-young/android-ndk-r9//platforms/android-9/arch-arm/ -c -mfloat-abi=softfp -mfpu=neon -marm -march=armv7-a -mtune=cortex-a8 -mthumb -D__thumb__  -std=gnu99 -mfloat-abi=softfp -mfpu=neon -marm -march=armv7-a -mtune=cortex-a8 -mthumb -D__thumb__  -std=gnu99 conftest.c >&5
conftest.c: In function 'main':
conftest.c:70: error: size of array 'test_array' is negative
configure:12171: $? = 1
configure: failed program was:
| /* confdefs.h */
| #define PACKAGE_NAME "GNU FriBidi"
| #define PACKAGE_TARNAME "fribidi"
| #define PACKAGE_VERSION "0.19.2"
| #define PACKAGE_STRING "GNU FriBidi 0.19.2"
| #define PACKAGE_BUGREPORT "http://fribidi.org/bug"
| #define PACKAGE_URL "http://www.gnu.org/software/fribidi/"
| #define PACKAGE "fribidi"
| #define VERSION "0.19.2"
| #define STDC_HEADERS 1
| #define HAVE_SYS_TYPES_H 1
| #define HAVE_SYS_STAT_H 1
| #define HAVE_STDLIB_H 1
| #define HAVE_STRING_H 1
| #define HAVE_MEMORY_H 1
| #define HAVE_STRINGS_H 1
| #define HAVE_INTTYPES_H 1
| #define HAVE_STDINT_H 1
| #define HAVE_UNISTD_H 1
| #define HAVE_DLFCN_H 1
| #define LT_OBJDIR ".libs/"
| #define STDC_HEADERS 1
| #define HAVE_STDLIB_H 1
| #define HAVE_STRING_H 1
| #define HAVE_STRINGS_H 1
| #define HAVE_INTTYPES_H 1
| #define HAVE_WCHAR_H 1
| #define HAVE_ASM_PAGE_H 1
| #define HAVE_SYS_TIMES_H 1
| #define HAVE_STRINGIZE 1
| #define SIZEOF_INT 4
| #define SIZEOF_SHORT 2
| /* end confdefs.h.  */
| #include <stdio.h>
| #ifdef HAVE_SYS_TYPES_H
| # include <sys/types.h>
| #endif
| #ifdef HAVE_SYS_STAT_H
| # include <sys/stat.h>
| #endif
| #ifdef STDC_HEADERS
| # include <stdlib.h>
| # include <stddef.h>
| #else
| # ifdef HAVE_STDLIB_H
| #  include <stdlib.h>
| # endif
| #endif
| #ifdef HAVE_STRING_H
| # if !defined STDC_HEADERS && defined HAVE_MEMORY_H
| #  include <memory.h>
| # endif
| # include <string.h>
| #endif
| #ifdef HAVE_STRINGS_H
| # include <strings.h>
| #endif
| #ifdef HAVE_INTTYPES_H
| # include <inttypes.h>
| #endif
| #ifdef HAVE_STDINT_H
| # include <stdint.h>
| #endif
| #ifdef HAVE_UNISTD_H
| # include <unistd.h>
| #endif
| int
| main ()
| {
| static int test_array [1 - 2 * !(((long int) (sizeof (void *))) <= 1)];
| test_array [0] = 0
| 
|   ;
|   return 0;
| }
configure:12171: /home/jun-young/android-ndk-r9//toolchains/arm-linux-androideabi-4.4.3/prebuilt/linux-x86_64/bin/arm-linux-androideabi-gcc --sysroot=/home/jun-young/android-ndk-r9//platforms/android-9/arch-arm/ -c -mfloat-abi=softfp -mfpu=neon -marm -march=armv7-a -mtune=cortex-a8 -mthumb -D__thumb__  -std=gnu99 -mfloat-abi=softfp -mfpu=neon -marm -march=armv7-a -mtune=cortex-a8 -mthumb -D__thumb__  -std=gnu99 conftest.c >&5
conftest.c: In function 'main':
conftest.c:70: error: size of array 'test_array' is negative
configure:12171: $? = 1
configure: failed program was:
| /* confdefs.h */
| #define PACKAGE_NAME "GNU FriBidi"
| #define PACKAGE_TARNAME "fribidi"
| #define PACKAGE_VERSION "0.19.2"
| #define PACKAGE_STRING "GNU FriBidi 0.19.2"
| #define PACKAGE_BUGREPORT "http://fribidi.org/bug"
| #define PACKAGE_URL "http://www.gnu.org/software/fribidi/"
| #define PACKAGE "fribidi"
| #define VERSION "0.19.2"
| #define STDC_HEADERS 1
| #define HAVE_SYS_TYPES_H 1
| #define HAVE_SYS_STAT_H 1
| #define HAVE_STDLIB_H 1
| #define HAVE_STRING_H 1
| #define HAVE_MEMORY_H 1
| #define HAVE_STRINGS_H 1
| #define HAVE_INTTYPES_H 1
| #define HAVE_STDINT_H 1
| #define HAVE_UNISTD_H 1
| #define HAVE_DLFCN_H 1
| #define LT_OBJDIR ".libs/"
| #define STDC_HEADERS 1
| #define HAVE_STDLIB_H 1
| #define HAVE_STRING_H 1
| #define HAVE_STRINGS_H 1
| #define HAVE_INTTYPES_H 1
| #define HAVE_WCHAR_H 1
| #define HAVE_ASM_PAGE_H 1
| #define HAVE_SYS_TIMES_H 1
| #define HAVE_STRINGIZE 1
| #define SIZEOF_INT 4
| #define SIZEOF_SHORT 2
| /* end confdefs.h.  */
| #include <stdio.h>
| #ifdef HAVE_SYS_TYPES_H
| # include <sys/types.h>
| #endif
| #ifdef HAVE_SYS_STAT_H
| # include <sys/stat.h>
| #endif
| #ifdef STDC_HEADERS
| # include <stdlib.h>
| # include <stddef.h>
| #else
| # ifdef HAVE_STDLIB_H
| #  include <stdlib.h>
| # endif
| #endif
| #ifdef HAVE_STRING_H
| # if !defined STDC_HEADERS && defined HAVE_MEMORY_H
| #  include <memory.h>
| # endif
| # include <string.h>
| #endif
| #ifdef HAVE_STRINGS_H
| # include <strings.h>
| #endif
| #ifdef HAVE_INTTYPES_H
| # include <inttypes.h>
| #endif
| #ifdef HAVE_STDINT_H
| # include <stdint.h>
| #endif
| #ifdef HAVE_UNISTD_H
| # include <unistd.h>
| #endif
| int
| main ()
| {
| static int test_array [1 - 2 * !(((long int) (sizeof (void *))) <= 3)];
| test_array [0] = 0
| 
|   ;
|   return 0;
| }
configure:12171: /home/jun-young/android-ndk-r9//toolchains/arm-linux-androideabi-4.4.3/prebuilt/linux-x86_64/bin/arm-linux-androideabi-gcc --sysroot=/home/jun-young/android-ndk-r9//platforms/android-9/arch-arm/ -c -mfloat-abi=softfp -mfpu=neon -marm -march=armv7-a -mtune=cortex-a8 -mthumb -D__thumb__  -std=gnu99 -mfloat-abi=softfp -mfpu=neon -marm -march=armv7-a -mtune=cortex-a8 -mthumb -D__thumb__  -std=gnu99 conftest.c >&5
configure:12171: $? = 0
configure:12171: /home/jun-young/android-ndk-r9//toolchains/arm-linux-androideabi-4.4.3/prebuilt/linux-x86_64/bin/arm-linux-androideabi-gcc --sysroot=/home/jun-young/android-ndk-r9//platforms/android-9/arch-arm/ -c -mfloat-abi=softfp -mfpu=neon -marm -march=armv7-a -mtune=cortex-a8 -mthumb -D__thumb__  -std=gnu99 -mfloat-abi=softfp -mfpu=neon -marm -march=armv7-a -mtune=cortex-a8 -mthumb -D__thumb__  -std=gnu99 conftest.c >&5
configure:12171: $? = 0
configure:12171: /home/jun-young/android-ndk-r9//toolchains/arm-linux-androideabi-4.4.3/prebuilt/linux-x86_64/bin/arm-linux-androideabi-gcc --sysroot=/home/jun-young/android-ndk-r9//platforms/android-9/arch-arm/ -c -mfloat-abi=softfp -mfpu=neon -marm -march=armv7-a -mtune=cortex-a8 -mthumb -D__thumb__  -std=gnu99 -mfloat-abi=softfp -mfpu=neon -marm -march=armv7-a -mtune=cortex-a8 -mthumb -D__thumb__  -std=gnu99 conftest.c >&5
configure:12171: $? = 0
configure:12185: result: 4
configure:12199: checking size of wchar_t
configure:12204: /home/jun-young/android-ndk-r9//toolchains/arm-linux-androideabi-4.4.3/prebuilt/linux-x86_64/bin/arm-linux-androideabi-gcc --sysroot=/home/jun-young/android-ndk-r9//platforms/android-9/arch-arm/ -c -mfloat-abi=softfp -mfpu=neon -marm -march=armv7-a -mtune=cortex-a8 -mthumb -D__thumb__  -std=gnu99 -mfloat-abi=softfp -mfpu=neon -marm -march=armv7-a -mtune=cortex-a8 -mthumb -D__thumb__  -std=gnu99 conftest.c >&5
configure:12204: $? = 0
configure:12204: /home/jun-young/android-ndk-r9//toolchains/arm-linux-androideabi-4.4.3/prebuilt/linux-x86_64/bin/arm-linux-androideabi-gcc --sysroot=/home/jun-young/android-ndk-r9//platforms/android-9/arch-arm/ -c -mfloat-abi=softfp -mfpu=neon -marm -march=armv7-a -mtune=cortex-a8 -mthumb -D__thumb__  -std=gnu99 -mfloat-abi=softfp -mfpu=neon -marm -march=armv7-a -mtune=cortex-a8 -mthumb -D__thumb__  -std=gnu99 conftest.c >&5
conftest.c: In function 'main':
conftest.c:71: error: size of array 'test_array' is negative
configure:12204: $? = 1
configure: failed program was:
| /* confdefs.h */
| #define PACKAGE_NAME "GNU FriBidi"
| #define PACKAGE_TARNAME "fribidi"
| #define PACKAGE_VERSION "0.19.2"
| #define PACKAGE_STRING "GNU FriBidi 0.19.2"
| #define PACKAGE_BUGREPORT "http://fribidi.org/bug"
| #define PACKAGE_URL "http://www.gnu.org/software/fribidi/"
| #define PACKAGE "fribidi"
| #define VERSION "0.19.2"
| #define STDC_HEADERS 1
| #define HAVE_SYS_TYPES_H 1
| #define HAVE_SYS_STAT_H 1
| #define HAVE_STDLIB_H 1
| #define HAVE_STRING_H 1
| #define HAVE_MEMORY_H 1
| #define HAVE_STRINGS_H 1
| #define HAVE_INTTYPES_H 1
| #define HAVE_STDINT_H 1
| #define HAVE_UNISTD_H 1
| #define HAVE_DLFCN_H 1
| #define LT_OBJDIR ".libs/"
| #define STDC_HEADERS 1
| #define HAVE_STDLIB_H 1
| #define HAVE_STRING_H 1
| #define HAVE_STRINGS_H 1
| #define HAVE_INTTYPES_H 1
| #define HAVE_WCHAR_H 1
| #define HAVE_ASM_PAGE_H 1
| #define HAVE_SYS_TIMES_H 1
| #define HAVE_STRINGIZE 1
| #define SIZEOF_INT 4
| #define SIZEOF_SHORT 2
| #define SIZEOF_VOID_P 4
| /* end confdefs.h.  */
| #include <stdio.h>
| #ifdef HAVE_SYS_TYPES_H
| # include <sys/types.h>
| #endif
| #ifdef HAVE_SYS_STAT_H
| # include <sys/stat.h>
| #endif
| #ifdef STDC_HEADERS
| # include <stdlib.h>
| # include <stddef.h>
| #else
| # ifdef HAVE_STDLIB_H
| #  include <stdlib.h>
| # endif
| #endif
| #ifdef HAVE_STRING_H
| # if !defined STDC_HEADERS && defined HAVE_MEMORY_H
| #  include <memory.h>
| # endif
| # include <string.h>
| #endif
| #ifdef HAVE_STRINGS_H
| # include <strings.h>
| #endif
| #ifdef HAVE_INTTYPES_H
| # include <inttypes.h>
| #endif
| #ifdef HAVE_STDINT_H
| # include <stdint.h>
| #endif
| #ifdef HAVE_UNISTD_H
| # include <unistd.h>
| #endif
| int
| main ()
| {
| static int test_array [1 - 2 * !(((long int) (sizeof (wchar_t))) <= 0)];
| test_array [0] = 0
| 
|   ;
|   return 0;
| }
configure:12204: /home/jun-young/android-ndk-r9//toolchains/arm-linux-androideabi-4.4.3/prebuilt/linux-x86_64/bin/arm-linux-androideabi-gcc --sysroot=/home/jun-young/android-ndk-r9//platforms/android-9/arch-arm/ -c -mfloat-abi=softfp -mfpu=neon -marm -march=armv7-a -mtune=cortex-a8 -mthumb -D__thumb__  -std=gnu99 -mfloat-abi=softfp -mfpu=neon -marm -march=armv7-a -mtune=cortex-a8 -mthumb -D__thumb__  -std=gnu99 conftest.c >&5
conftest.c: In function 'main':
conftest.c:71: error: size of array 'test_array' is negative
configure:12204: $? = 1
configure: failed program was:
| /* confdefs.h */
| #define PACKAGE_NAME "GNU FriBidi"
| #define PACKAGE_TARNAME "fribidi"
| #define PACKAGE_VERSION "0.19.2"
| #define PACKAGE_STRING "GNU FriBidi 0.19.2"
| #define PACKAGE_BUGREPORT "http://fribidi.org/bug"
| #define PACKAGE_URL "http://www.gnu.org/software/fribidi/"
| #define PACKAGE "fribidi"
| #define VERSION "0.19.2"
| #define STDC_HEADERS 1
| #define HAVE_SYS_TYPES_H 1
| #define HAVE_SYS_STAT_H 1
| #define HAVE_STDLIB_H 1
| #define HAVE_STRING_H 1
| #define HAVE_MEMORY_H 1
| #define HAVE_STRINGS_H 1
| #define HAVE_INTTYPES_H 1
| #define HAVE_STDINT_H 1
| #define HAVE_UNISTD_H 1
| #define HAVE_DLFCN_H 1
| #define LT_OBJDIR ".libs/"
| #define STDC_HEADERS 1
| #define HAVE_STDLIB_H 1
| #define HAVE_STRING_H 1
| #define HAVE_STRINGS_H 1
| #define HAVE_INTTYPES_H 1
| #define HAVE_WCHAR_H 1
| #define HAVE_ASM_PAGE_H 1
| #define HAVE_SYS_TIMES_H 1
| #define HAVE_STRINGIZE 1
| #define SIZEOF_INT 4
| #define SIZEOF_SHORT 2
| #define SIZEOF_VOID_P 4
| /* end confdefs.h.  */
| #include <stdio.h>
| #ifdef HAVE_SYS_TYPES_H
| # include <sys/types.h>
| #endif
| #ifdef HAVE_SYS_STAT_H
| # include <sys/stat.h>
| #endif
| #ifdef STDC_HEADERS
| # include <stdlib.h>
| # include <stddef.h>
| #else
| # ifdef HAVE_STDLIB_H
| #  include <stdlib.h>
| # endif
| #endif
| #ifdef HAVE_STRING_H
| # if !defined STDC_HEADERS && defined HAVE_MEMORY_H
| #  include <memory.h>
| # endif
| # include <string.h>
| #endif
| #ifdef HAVE_STRINGS_H
| # include <strings.h>
| #endif
| #ifdef HAVE_INTTYPES_H
| # include <inttypes.h>
| #endif
| #ifdef HAVE_STDINT_H
| # include <stdint.h>
| #endif
| #ifdef HAVE_UNISTD_H
| # include <unistd.h>
| #endif
| int
| main ()
| {
| static int test_array [1 - 2 * !(((long int) (sizeof (wchar_t))) <= 1)];
| test_array [0] = 0
| 
|   ;
|   return 0;
| }
configure:12204: /home/jun-young/android-ndk-r9//toolchains/arm-linux-androideabi-4.4.3/prebuilt/linux-x86_64/bin/arm-linux-androideabi-gcc --sysroot=/home/jun-young/android-ndk-r9//platforms/android-9/arch-arm/ -c -mfloat-abi=softfp -mfpu=neon -marm -march=armv7-a -mtune=cortex-a8 -mthumb -D__thumb__  -std=gnu99 -mfloat-abi=softfp -mfpu=neon -marm -march=armv7-a -mtune=cortex-a8 -mthumb -D__thumb__  -std=gnu99 conftest.c >&5
conftest.c: In function 'main':
conftest.c:71: error: size of array 'test_array' is negative
configure:12204: $? = 1
configure: failed program was:
| /* confdefs.h */
| #define PACKAGE_NAME "GNU FriBidi"
| #define PACKAGE_TARNAME "fribidi"
| #define PACKAGE_VERSION "0.19.2"
| #define PACKAGE_STRING "GNU FriBidi 0.19.2"
| #define PACKAGE_BUGREPORT "http://fribidi.org/bug"
| #define PACKAGE_URL "http://www.gnu.org/software/fribidi/"
| #define PACKAGE "fribidi"
| #define VERSION "0.19.2"
| #define STDC_HEADERS 1
| #define HAVE_SYS_TYPES_H 1
| #define HAVE_SYS_STAT_H 1
| #define HAVE_STDLIB_H 1
| #define HAVE_STRING_H 1
| #define HAVE_MEMORY_H 1
| #define HAVE_STRINGS_H 1
| #define HAVE_INTTYPES_H 1
| #define HAVE_STDINT_H 1
| #define HAVE_UNISTD_H 1
| #define HAVE_DLFCN_H 1
| #define LT_OBJDIR ".libs/"
| #define STDC_HEADERS 1
| #define HAVE_STDLIB_H 1
| #define HAVE_STRING_H 1
| #define HAVE_STRINGS_H 1
| #define HAVE_INTTYPES_H 1
| #define HAVE_WCHAR_H 1
| #define HAVE_ASM_PAGE_H 1
| #define HAVE_SYS_TIMES_H 1
| #define HAVE_STRINGIZE 1
| #define SIZEOF_INT 4
| #define SIZEOF_SHORT 2
| #define SIZEOF_VOID_P 4
| /* end confdefs.h.  */
| #include <stdio.h>
| #ifdef HAVE_SYS_TYPES_H
| # include <sys/types.h>
| #endif
| #ifdef HAVE_SYS_STAT_H
| # include <sys/stat.h>
| #endif
| #ifdef STDC_HEADERS
| # include <stdlib.h>
| # include <stddef.h>
| #else
| # ifdef HAVE_STDLIB_H
| #  include <stdlib.h>
| # endif
| #endif
| #ifdef HAVE_STRING_H
| # if !defined STDC_HEADERS && defined HAVE_MEMORY_H
| #  include <memory.h>
| # endif
| # include <string.h>
| #endif
| #ifdef HAVE_STRINGS_H
| # include <strings.h>
| #endif
| #ifdef HAVE_INTTYPES_H
| # include <inttypes.h>
| #endif
| #ifdef HAVE_STDINT_H
| # include <stdint.h>
| #endif
| #ifdef HAVE_UNISTD_H
| # include <unistd.h>
| #endif
| int
| main ()
| {
| static int test_array [1 - 2 * !(((long int) (sizeof (wchar_t))) <= 3)];
| test_array [0] = 0
| 
|   ;
|   return 0;
| }
configure:12204: /home/jun-young/android-ndk-r9//toolchains/arm-linux-androideabi-4.4.3/prebuilt/linux-x86_64/bin/arm-linux-androideabi-gcc --sysroot=/home/jun-young/android-ndk-r9//platforms/android-9/arch-arm/ -c -mfloat-abi=softfp -mfpu=neon -marm -march=armv7-a -mtune=cortex-a8 -mthumb -D__thumb__  -std=gnu99 -mfloat-abi=softfp -mfpu=neon -marm -march=armv7-a -mtune=cortex-a8 -mthumb -D__thumb__  -std=gnu99 conftest.c >&5
configure:12204: $? = 0
configure:12204: /home/jun-young/android-ndk-r9//toolchains/arm-linux-androideabi-4.4.3/prebuilt/linux-x86_64/bin/arm-linux-androideabi-gcc --sysroot=/home/jun-young/android-ndk-r9//platforms/android-9/arch-arm/ -c -mfloat-abi=softfp -mfpu=neon -marm -march=armv7-a -mtune=cortex-a8 -mthumb -D__thumb__  -std=gnu99 -mfloat-abi=softfp -mfpu=neon -marm -march=armv7-a -mtune=cortex-a8 -mthumb -D__thumb__  -std=gnu99 conftest.c >&5
configure:12204: $? = 0
configure:12204: /home/jun-young/android-ndk-r9//toolchains/arm-linux-androideabi-4.4.3/prebuilt/linux-x86_64/bin/arm-linux-androideabi-gcc --sysroot=/home/jun-young/android-ndk-r9//platforms/android-9/arch-arm/ -c -mfloat-abi=softfp -mfpu=neon -marm -march=armv7-a -mtune=cortex-a8 -mthumb -D__thumb__  -std=gnu99 -mfloat-abi=softfp -mfpu=neon -marm -march=armv7-a -mtune=cortex-a8 -mthumb -D__thumb__  -std=gnu99 conftest.c >&5
configure:12204: $? = 0
configure:12218: result: 4
configure:12238: checking for memmove
configure:12238: /home/jun-young/android-ndk-r9//toolchains/arm-linux-androideabi-4.4.3/prebuilt/linux-x86_64/bin/arm-linux-androideabi-gcc --sysroot=/home/jun-young/android-ndk-r9//platforms/android-9/arch-arm/ -o conftest -mfloat-abi=softfp -mfpu=neon -marm -march=armv7-a -mtune=cortex-a8 -mthumb -D__thumb__  -std=gnu99 -Wall  -mfloat-abi=softfp -mfpu=neon -marm -march=armv7-a -mtune=cortex-a8 -mthumb -D__thumb__  -std=gnu99 -Wl,-rpath-link=/home/jun-young/android-ndk-r9//platforms/android-9/arch-arm//usr/lib -L/home/jun-young/android-ndk-r9//platforms/android-9/arch-arm//usr/lib -nostdlib -lc -lm -ldl -llog conftest.c  >&5
conftest.c:59: warning: conflicting types for built-in function 'memmove'
/home/jun-young/android-ndk-r9//toolchains/arm-linux-androideabi-4.4.3/prebuilt/linux-x86_64/bin/../lib/gcc/arm-linux-androideabi/4.4.3/../../../../arm-linux-androideabi/bin/ld: warning: cannot find entry symbol _start; defaulting to 000000000000820c
configure:12238: $? = 0
configure:12238: result: yes
configure:12238: checking for memset
configure:12238: /home/jun-young/android-ndk-r9//toolchains/arm-linux-androideabi-4.4.3/prebuilt/linux-x86_64/bin/arm-linux-androideabi-gcc --sysroot=/home/jun-young/android-ndk-r9//platforms/android-9/arch-arm/ -o conftest -mfloat-abi=softfp -mfpu=neon -marm -march=armv7-a -mtune=cortex-a8 -mthumb -D__thumb__  -std=gnu99 -Wall  -mfloat-abi=softfp -mfpu=neon -marm -march=armv7-a -mtune=cortex-a8 -mthumb -D__thumb__  -std=gnu99 -Wl,-rpath-link=/home/jun-young/android-ndk-r9//platforms/android-9/arch-arm//usr/lib -L/home/jun-young/android-ndk-r9//platforms/android-9/arch-arm//usr/lib -nostdlib -lc -lm -ldl -llog conftest.c  >&5
conftest.c:60: warning: conflicting types for built-in function 'memset'
/home/jun-young/android-ndk-r9//toolchains/arm-linux-androideabi-4.4.3/prebuilt/linux-x86_64/bin/../lib/gcc/arm-linux-androideabi/4.4.3/../../../../arm-linux-androideabi/bin/ld: warning: cannot find entry symbol _start; defaulting to 000000000000820c
configure:12238: $? = 0
configure:12238: result: yes
configure:12238: checking for strdup
configure:12238: /home/jun-young/android-ndk-r9//toolchains/arm-linux-androideabi-4.4.3/prebuilt/linux-x86_64/bin/arm-linux-androideabi-gcc --sysroot=/home/jun-young/android-ndk-r9//platforms/android-9/arch-arm/ -o conftest -mfloat-abi=softfp -mfpu=neon -marm -march=armv7-a -mtune=cortex-a8 -mthumb -D__thumb__  -std=gnu99 -Wall  -mfloat-abi=softfp -mfpu=neon -marm -march=armv7-a -mtune=cortex-a8 -mthumb -D__thumb__  -std=gnu99 -Wl,-rpath-link=/home/jun-young/android-ndk-r9//platforms/android-9/arch-arm//usr/lib -L/home/jun-young/android-ndk-r9//platforms/android-9/arch-arm//usr/lib -nostdlib -lc -lm -ldl -llog conftest.c  >&5
conftest.c:61: warning: conflicting types for built-in function 'strdup'
/home/jun-young/android-ndk-r9//toolchains/arm-linux-androideabi-4.4.3/prebuilt/linux-x86_64/bin/../lib/gcc/arm-linux-androideabi/4.4.3/../../../../arm-linux-androideabi/bin/ld: warning: cannot find entry symbol _start; defaulting to 000000000000820c
configure:12238: $? = 0
configure:12238: result: yes
configure:12247: checking return type of signal handlers
configure:12265: /home/jun-young/android-ndk-r9//toolchains/arm-linux-androideabi-4.4.3/prebuilt/linux-x86_64/bin/arm-linux-androideabi-gcc --sysroot=/home/jun-young/android-ndk-r9//platforms/android-9/arch-arm/ -c -mfloat-abi=softfp -mfpu=neon -marm -march=armv7-a -mtune=cortex-a8 -mthumb -D__thumb__  -std=gnu99 -Wall  -mfloat-abi=softfp -mfpu=neon -marm -march=armv7-a -mtune=cortex-a8 -mthumb -D__thumb__  -std=gnu99 conftest.c >&5
conftest.c: In function 'main':
conftest.c:45: error: void value not ignored as it ought to be
configure:12265: $? = 1
configure: failed program was:
| /* confdefs.h */
| #define PACKAGE_NAME "GNU FriBidi"
| #define PACKAGE_TARNAME "fribidi"
| #define PACKAGE_VERSION "0.19.2"
| #define PACKAGE_STRING "GNU FriBidi 0.19.2"
| #define PACKAGE_BUGREPORT "http://fribidi.org/bug"
| #define PACKAGE_URL "http://www.gnu.org/software/fribidi/"
| #define PACKAGE "fribidi"
| #define VERSION "0.19.2"
| #define STDC_HEADERS 1
| #define HAVE_SYS_TYPES_H 1
| #define HAVE_SYS_STAT_H 1
| #define HAVE_STDLIB_H 1
| #define HAVE_STRING_H 1
| #define HAVE_MEMORY_H 1
| #define HAVE_STRINGS_H 1
| #define HAVE_INTTYPES_H 1
| #define HAVE_STDINT_H 1
| #define HAVE_UNISTD_H 1
| #define HAVE_DLFCN_H 1
| #define LT_OBJDIR ".libs/"
| #define STDC_HEADERS 1
| #define HAVE_STDLIB_H 1
| #define HAVE_STRING_H 1
| #define HAVE_STRINGS_H 1
| #define HAVE_INTTYPES_H 1
| #define HAVE_WCHAR_H 1
| #define HAVE_ASM_PAGE_H 1
| #define HAVE_SYS_TIMES_H 1
| #define HAVE_STRINGIZE 1
| #define SIZEOF_INT 4
| #define SIZEOF_SHORT 2
| #define SIZEOF_VOID_P 4
| #define SIZEOF_WCHAR_T 4
| #define HAVE_MEMMOVE 1
| #define HAVE_MEMSET 1
| #define HAVE_STRDUP 1
| /* end confdefs.h.  */
| #include <sys/types.h>
| #include <signal.h>
| 
| int
| main ()
| {
| return *(signal (0, 0)) (0) == 1;
|   ;
|   return 0;
| }
configure:12272: result: void
configure:12595: checking for GLIB
configure:12654: result: no
configure:12840: creating ./config.status

## ---------------------- ##
## Running config.status. ##
## ---------------------- ##

This file was extended by GNU FriBidi config.status 0.19.2, which was
generated by GNU Autoconf 2.68.  Invocation command line was

  CONFIG_FILES    = 
  CONFIG_HEADERS  = 
  CONFIG_LINKS    = 
  CONFIG_COMMANDS = 
  $ ./config.status 

on Developer

config.status:1153: creating fribidi.pc
config.status:1153: creating lib/fribidi-config.h
config.status:1153: creating Makefile
config.status:1153: creating charset/Makefile
config.status:1153: creating gen.tab/Makefile
config.status:1153: creating lib/Makefile
config.status:1153: creating bin/Makefile
config.status:1153: creating doc/Makefile
config.status:1153: creating test/Makefile
config.status:1153: creating config.h
config.status:1334: config.h is unchanged
config.status:1382: executing depfiles commands
config.status:1382: executing libtool commands
configure:15089: WARNING: unrecognized options: --enable-neon

## ---------------- ##
## Cache variables. ##
## ---------------- ##

ac_cv_build=x86_64-unknown-linux-gnu
ac_cv_c_compiler_gnu=yes
ac_cv_c_const=yes
ac_cv_c_stringize=yes
ac_cv_env_CC_set=set
ac_cv_env_CC_value='/home/jun-young/android-ndk-r9//toolchains/arm-linux-androideabi-4.4.3/prebuilt/linux-x86_64/bin/arm-linux-androideabi-gcc --sysroot=/home/jun-young/android-ndk-r9//platforms/android-9/arch-arm/'
ac_cv_env_CFLAGS_set=set
ac_cv_env_CFLAGS_value='-mfloat-abi=softfp -mfpu=neon -marm -march=armv7-a -mtune=cortex-a8 -mthumb -D__thumb__  -std=gnu99'
ac_cv_env_CPPFLAGS_set=set
ac_cv_env_CPPFLAGS_value='-mfloat-abi=softfp -mfpu=neon -marm -march=armv7-a -mtune=cortex-a8 -mthumb -D__thumb__  -std=gnu99'
ac_cv_env_CPP_set=
ac_cv_env_CPP_value=
ac_cv_env_GLIB_CFLAGS_set=
ac_cv_env_GLIB_CFLAGS_value=
ac_cv_env_GLIB_LIBS_set=
ac_cv_env_GLIB_LIBS_value=
ac_cv_env_LDFLAGS_set=set
ac_cv_env_LDFLAGS_value='-Wl,-rpath-link=/home/jun-young/android-ndk-r9//platforms/android-9/arch-arm//usr/lib -L/home/jun-young/android-ndk-r9//platforms/android-9/arch-arm//usr/lib -nostdlib -lc -lm -ldl -llog'
ac_cv_env_LIBS_set=
ac_cv_env_LIBS_value=
ac_cv_env_PKG_CONFIG_LIBDIR_set=set
ac_cv_env_PKG_CONFIG_LIBDIR_value=/home/jun-young/workspace/Catch-Player/FFmpegLibrary/jni/vo-aacenc/../ffmpeg-build/armeabi-v7a-neon/lib/pkgconfig/
ac_cv_env_PKG_CONFIG_PATH_set=set
ac_cv_env_PKG_CONFIG_PATH_value=/home/jun-young/workspace/Catch-Player/FFmpegLibrary/jni/vo-aacenc/../ffmpeg-build/armeabi-v7a-neon/lib/pkgconfig/
ac_cv_env_PKG_CONFIG_set=
ac_cv_env_PKG_CONFIG_value=
ac_cv_env_build_alias_set=
ac_cv_env_build_alias_value=
ac_cv_env_host_alias_set=set
ac_cv_env_host_alias_value=arm-linux
ac_cv_env_target_alias_set=
ac_cv_env_target_alias_value=
ac_cv_func_memmove=yes
ac_cv_func_memset=yes
ac_cv_func_strdup=yes
ac_cv_header_asm_page_h=yes
ac_cv_header_dlfcn_h=yes
ac_cv_header_inttypes_h=yes
ac_cv_header_memory_h=yes
ac_cv_header_stdc=yes
ac_cv_header_stdint_h=yes
ac_cv_header_stdlib_h=yes
ac_cv_header_string_h=yes
ac_cv_header_strings_h=yes
ac_cv_header_sys_stat_h=yes
ac_cv_header_sys_times_h=yes
ac_cv_header_sys_types_h=yes
ac_cv_header_unistd_h=yes
ac_cv_header_wchar_h=yes
ac_cv_host=arm-unknown-linux-gnu
ac_cv_objext=o
ac_cv_path_EGREP='/bin/grep -E'
ac_cv_path_FGREP='/bin/grep -F'
ac_cv_path_GREP=/bin/grep
ac_cv_path_SED=/bin/sed
ac_cv_path_install='/usr/bin/install -c'
ac_cv_path_mkdir=/bin/mkdir
ac_cv_prog_AR=/home/jun-young/android-ndk-r9//toolchains/arm-linux-androideabi-4.4.3/prebuilt/linux-x86_64/bin/arm-linux-androideabi-ar
ac_cv_prog_AWK=gawk
ac_cv_prog_CC='/home/jun-young/android-ndk-r9//toolchains/arm-linux-androideabi-4.4.3/prebuilt/linux-x86_64/bin/arm-linux-androideabi-gcc --sysroot=/home/jun-young/android-ndk-r9//platforms/android-9/arch-arm/'
ac_cv_prog_CPP='/home/jun-young/android-ndk-r9//toolchains/arm-linux-androideabi-4.4.3/prebuilt/linux-x86_64/bin/arm-linux-androideabi-gcc --sysroot=/home/jun-young/android-ndk-r9//platforms/android-9/arch-arm/ -E'
ac_cv_prog_DLLTOOL=dlltool
ac_cv_prog_OBJDUMP=objdump
ac_cv_prog_RANLIB=/home/jun-young/android-ndk-r9//toolchains/arm-linux-androideabi-4.4.3/prebuilt/linux-x86_64/bin/arm-linux-androideabi-ranlib
ac_cv_prog_STRIP=/home/jun-young/android-ndk-r9//toolchains/arm-linux-androideabi-4.4.3/prebuilt/linux-x86_64/bin/arm-linux-androideabi-strip
ac_cv_prog_ac_ct_MANIFEST_TOOL=mt
ac_cv_prog_cc_c89=
ac_cv_prog_cc_g=yes
ac_cv_prog_make_make_set=yes
ac_cv_sizeof_int=4
ac_cv_sizeof_short=2
ac_cv_sizeof_void_p=4
ac_cv_sizeof_wchar_t=4
ac_cv_type_signal=void
am_cv_CC_dependencies_compiler_type=none
lt_cv_ar_at_file=@
lt_cv_deplibs_check_method=pass_all
lt_cv_file_magic_cmd='$MAGIC_CMD'
lt_cv_file_magic_test_file=
lt_cv_ld_reload_flag=-r
lt_cv_nm_interface='BSD nm'
lt_cv_objdir=.libs
lt_cv_path_LD=/home/jun-young/android-ndk-r9//toolchains/arm-linux-androideabi-4.4.3/prebuilt/linux-x86_64/arm-linux-androideabi/bin/ld
lt_cv_path_NM=/home/jun-young/android-ndk-r9//toolchains/arm-linux-androideabi-4.4.3/prebuilt/linux-x86_64/bin/arm-linux-androideabi-nm
lt_cv_path_mainfest_tool=no
lt_cv_prog_compiler_c_o=yes
lt_cv_prog_compiler_pic='-fPIC -DPIC'
lt_cv_prog_compiler_pic_works=yes
lt_cv_prog_compiler_rtti_exceptions=no
lt_cv_prog_compiler_static_works=no
lt_cv_prog_gnu_ld=yes
lt_cv_sharedlib_from_linklib_cmd='printf %s\n'
lt_cv_shlibpath_overrides_runpath=no
lt_cv_sys_global_symbol_pipe='sed -n -e '\''s/^.*[	 ]\([ABCDGIRSTW][ABCDGIRSTW]*\)[	 ][	 ]*\([_A-Za-z][_A-Za-z0-9]*\)$/\1 \2 \2/p'\'' | sed '\''/ __gnu_lto/d'\'''
lt_cv_sys_global_symbol_to_c_name_address='sed -n -e '\''s/^: \([^ ]*\)[ ]*$/  {\"\1\", (void *) 0},/p'\'' -e '\''s/^[ABCDGIRSTW]* \([^ ]*\) \([^ ]*\)$/  {"\2", (void *) \&\2},/p'\'''
lt_cv_sys_global_symbol_to_c_name_address_lib_prefix='sed -n -e '\''s/^: \([^ ]*\)[ ]*$/  {\"\1\", (void *) 0},/p'\'' -e '\''s/^[ABCDGIRSTW]* \([^ ]*\) \(lib[^ ]*\)$/  {"\2", (void *) \&\2},/p'\'' -e '\''s/^[ABCDGIRSTW]* \([^ ]*\) \([^ ]*\)$/  {"lib\2", (void *) \&\2},/p'\'''
lt_cv_sys_global_symbol_to_cdecl='sed -n -e '\''s/^T .* \(.*\)$/extern int \1();/p'\'' -e '\''s/^[ABCDGIRSTW]* .* \(.*\)$/extern char \1;/p'\'''
lt_cv_sys_max_cmd_len=1572864
lt_cv_to_host_file_cmd=func_convert_file_noop
lt_cv_to_tool_file_cmd=func_convert_file_noop

## ----------------- ##
## Output variables. ##
## ----------------- ##

ACLOCAL='${SHELL} /home/jun-young/workspace/Catch-Player/FFmpegLibrary/jni/fribidi/missing --run aclocal-1.11'
AMDEPBACKSLASH=''
AMDEP_FALSE=''
AMDEP_TRUE='#'
AMTAR='$${TAR-tar}'
AR='/home/jun-young/android-ndk-r9//toolchains/arm-linux-androideabi-4.4.3/prebuilt/linux-x86_64/bin/arm-linux-androideabi-ar'
AS='as'
AUTOCONF='${SHELL} /home/jun-young/workspace/Catch-Player/FFmpegLibrary/jni/fribidi/missing --run autoconf'
AUTOHEADER='${SHELL} /home/jun-young/workspace/Catch-Player/FFmpegLibrary/jni/fribidi/missing --run autoheader'
AUTOMAKE='${SHELL} /home/jun-young/workspace/Catch-Player/FFmpegLibrary/jni/fribidi/missing --run automake-1.11'
AWK='gawk'
CC='/home/jun-young/android-ndk-r9//toolchains/arm-linux-androideabi-4.4.3/prebuilt/linux-x86_64/bin/arm-linux-androideabi-gcc --sysroot=/home/jun-young/android-ndk-r9//platforms/android-9/arch-arm/'
CCDEPMODE='depmode=none'
CFLAGS='-mfloat-abi=softfp -mfpu=neon -marm -march=armv7-a -mtune=cortex-a8 -mthumb -D__thumb__  -std=gnu99 -Wall '
CPP='/home/jun-young/android-ndk-r9//toolchains/arm-linux-androideabi-4.4.3/prebuilt/linux-x86_64/bin/arm-linux-androideabi-gcc --sysroot=/home/jun-young/android-ndk-r9//platforms/android-9/arch-arm/ -E'
CPPFLAGS='-mfloat-abi=softfp -mfpu=neon -marm -march=armv7-a -mtune=cortex-a8 -mthumb -D__thumb__  -std=gnu99'
CYGPATH_W='echo'
DEFS='-DHAVE_CONFIG_H'
DEPDIR='.deps'
DLLTOOL='dlltool'
DSYMUTIL=''
DUMPBIN=''
ECHO_C=''
ECHO_N='-n'
ECHO_T=''
EGREP='/bin/grep -E'
EXEEXT=''
FGREP='/bin/grep -F'
FRIBIDI_BIN='0'
FRIBIDI_BINARY_AGE='3'
FRIBIDI_BIN_FALSE=''
FRIBIDI_BIN_TRUE='#'
FRIBIDI_CHARSETS='1'
FRIBIDI_CHARSETS_FALSE='#'
FRIBIDI_CHARSETS_TRUE=''
FRIBIDI_INTERFACE_AGE='1'
FRIBIDI_INTERFACE_VERSION='3'
FRIBIDI_MAJOR_VERSION='0'
FRIBIDI_MICRO_VERSION='2'
FRIBIDI_MINOR_VERSION='19'
FRIBIDI_NO_DEPRECATED='0'
FRIBIDI_USE_GLIB='0'
FRIBIDI_USE_GLIB_FALSE=''
FRIBIDI_USE_GLIB_TRUE='#'
FRIBIDI_VERSION='0.19.2'
GLIB_CFLAGS=''
GLIB_LIBS=''
GREP='/bin/grep'
INSTALL_DATA='${INSTALL} -m 644'
INSTALL_PROGRAM='${INSTALL}'
INSTALL_SCRIPT='${INSTALL}'
INSTALL_STRIP_PROGRAM='$(install_sh) -c -s'
LD='/home/jun-young/android-ndk-r9//toolchains/arm-linux-androideabi-4.4.3/prebuilt/linux-x86_64/arm-linux-androideabi/bin/ld'
LDFLAGS='-Wl,-rpath-link=/home/jun-young/android-ndk-r9//platforms/android-9/arch-arm//usr/lib -L/home/jun-young/android-ndk-r9//platforms/android-9/arch-arm//usr/lib -nostdlib -lc -lm -ldl -llog'
LIBOBJS=''
LIBS=''
LIBTOOL='$(SHELL) $(top_builddir)/libtool'
LIPO=''
LN_S='ln -s'
LTLIBOBJS=''
LT_CURRENT_MINUS_AGE='0'
LT_VERSION_INFO='3:1:3'
MAKEINFO='${SHELL} /home/jun-young/workspace/Catch-Player/FFmpegLibrary/jni/fribidi/missing --run makeinfo'
MANIFEST_TOOL=':'
MISC_CFLAGS=''
MISC_LIBS=''
MISC_PACKAGES=''
MKDIR_P='/bin/mkdir -p'
NM='/home/jun-young/android-ndk-r9//toolchains/arm-linux-androideabi-4.4.3/prebuilt/linux-x86_64/bin/arm-linux-androideabi-nm'
NMEDIT=''
OBJDUMP='objdump'
OBJEXT='o'
OS_WIN32_FALSE=''
OS_WIN32_TRUE='#'
OTOOL64=''
OTOOL=''
PACKAGE='fribidi'
PACKAGE_BUGREPORT='http://fribidi.org/bug'
PACKAGE_NAME='GNU FriBidi'
PACKAGE_STRING='GNU FriBidi 0.19.2'
PACKAGE_TARNAME='fribidi'
PACKAGE_URL='http://www.gnu.org/software/fribidi/'
PACKAGE_VERSION='0.19.2'
PATH_SEPARATOR=':'
PKG_CONFIG=''
PKG_CONFIG_LIBDIR='/home/jun-young/workspace/Catch-Player/FFmpegLibrary/jni/vo-aacenc/../ffmpeg-build/armeabi-v7a-neon/lib/pkgconfig/'
PKG_CONFIG_PATH='/home/jun-young/workspace/Catch-Player/FFmpegLibrary/jni/vo-aacenc/../ffmpeg-build/armeabi-v7a-neon/lib/pkgconfig/'
PLATFORM_WIN32_FALSE=''
PLATFORM_WIN32_TRUE='#'
RANLIB='/home/jun-young/android-ndk-r9//toolchains/arm-linux-androideabi-4.4.3/prebuilt/linux-x86_64/bin/arm-linux-androideabi-ranlib'
SED='/bin/sed'
SET_MAKE=''
SHELL='/bin/bash'
SIZEOF_INT='4'
STRIP='/home/jun-young/android-ndk-r9//toolchains/arm-linux-androideabi-4.4.3/prebuilt/linux-x86_64/bin/arm-linux-androideabi-strip'
VERSION='0.19.2'
ac_ct_AR=''
ac_ct_CC=''
ac_ct_DUMPBIN=''
am__EXEEXT_FALSE=''
am__EXEEXT_TRUE='#'
am__fastdepCC_FALSE=''
am__fastdepCC_TRUE='#'
am__include='include'
am__isrc=''
am__leading_dot='.'
am__nodep=''
am__quote=''
am__tar='$${TAR-tar} chof - "$$tardir"'
am__untar='$${TAR-tar} xf -'
bindir='${exec_prefix}/bin'
build='x86_64-unknown-linux-gnu'
build_alias=''
build_cpu='x86_64'
build_os='linux-gnu'
build_vendor='unknown'
datadir='${datarootdir}'
datarootdir='${prefix}/share'
docdir='${datarootdir}/doc/${PACKAGE_TARNAME}'
dvidir='${docdir}'
exec_prefix='${prefix}'
host='arm-unknown-linux-gnu'
host_alias='arm-linux'
host_cpu='arm'
host_os='linux-gnu'
host_vendor='unknown'
htmldir='${docdir}'
includedir='${prefix}/include'
infodir='${datarootdir}/info'
install_sh='${SHELL} /home/jun-young/workspace/Catch-Player/FFmpegLibrary/jni/fribidi/install-sh'
libdir='${exec_prefix}/lib'
libexecdir='${exec_prefix}/libexec'
localedir='${datarootdir}/locale'
localstatedir='${prefix}/var'
mandir='${datarootdir}/man'
mkdir_p='/bin/mkdir -p'
oldincludedir='/usr/include'
pdfdir='${docdir}'
prefix='/home/jun-young/workspace/Catch-Player/FFmpegLibrary/jni/fribidi/../ffmpeg-build/armeabi-v7a-neon'
program_transform_name='s,x,x,'
psdir='${docdir}'
sbindir='${exec_prefix}/sbin'
sharedstatedir='${prefix}/com'
sysconfdir='${prefix}/etc'
target_alias=''

## ----------- ##
## confdefs.h. ##
## ----------- ##

/* confdefs.h */
#define PACKAGE_NAME "GNU FriBidi"
#define PACKAGE_TARNAME "fribidi"
#define PACKAGE_VERSION "0.19.2"
#define PACKAGE_STRING "GNU FriBidi 0.19.2"
#define PACKAGE_BUGREPORT "http://fribidi.org/bug"
#define PACKAGE_URL "http://www.gnu.org/software/fribidi/"
#define PACKAGE "fribidi"
#define VERSION "0.19.2"
#define STDC_HEADERS 1
#define HAVE_SYS_TYPES_H 1
#define HAVE_SYS_STAT_H 1
#define HAVE_STDLIB_H 1
#define HAVE_STRING_H 1
#define HAVE_MEMORY_H 1
#define HAVE_STRINGS_H 1
#define HAVE_INTTYPES_H 1
#define HAVE_STDINT_H 1
#define HAVE_UNISTD_H 1
#define HAVE_DLFCN_H 1
#define LT_OBJDIR ".libs/"
#define STDC_HEADERS 1
#define HAVE_STDLIB_H 1
#define HAVE_STRING_H 1
#define HAVE_STRINGS_H 1
#define HAVE_INTTYPES_H 1
#define HAVE_WCHAR_H 1
#define HAVE_ASM_PAGE_H 1
#define HAVE_SYS_TIMES_H 1
#define HAVE_STRINGIZE 1
#define SIZEOF_INT 4
#define SIZEOF_SHORT 2
#define SIZEOF_VOID_P 4
#define SIZEOF_WCHAR_T 4
#define HAVE_MEMMOVE 1
#define HAVE_MEMSET 1
#define HAVE_STRDUP 1
#define RETSIGTYPE void
#define DEBUG 1

configure: exit 0
