This file contains any messages produced by compilers while
running configure, to aid debugging if configure makes a mistake.

It was created by libass configure 0.10.0, which was
generated by GNU Autoconf 2.68.  Invocation command line was

  $ ./configure --prefix=/home/jun-young/workspace/Catch-Player/FFmpegLibrary/jni/libass/../ffmpeg-build/armeabi-v7a-neon --host=arm-linux --disable-fontconfig --disable-dependency-tracking --disable-shared --enable-static --with-pic --enable-neon

## --------- ##
## Platform. ##
## --------- ##

hostname = Developer
uname -m = x86_64
uname -r = 3.5.0-42-generic
uname -s = Linux
uname -v = #65~precise1-Ubuntu SMP Wed Oct 2 20:57:18 UTC 2013

/usr/bin/uname -p = unknown
/bin/uname -X     = unknown

/bin/arch              = unknown
/usr/bin/arch -k       = unknown
/usr/convex/getsysinfo = unknown
/usr/bin/hostinfo      = unknown
/bin/machine           = unknown
/usr/bin/oslevel       = unknown
/bin/universe          = unknown

PATH: /usr/local/sbin
PATH: /usr/local/bin
PATH: /usr/sbin
PATH: /usr/bin
PATH: /sbin
PATH: /bin
PATH: /home/jun-young/android-ndk-r9//toolchains/arm-linux-androideabi-4.4.3/prebuilt/linux-x86_64/bin/
PATH: /home/jun-young/android-ndk-r9//toolchains/arm-linux-androideabi-4.4.3/prebuilt/linux-x86_64/bin/
PATH: /home/jun-young/android-ndk-r9//toolchains/arm-linux-androideabi-4.4.3/prebuilt/linux-x86_64/bin/
PATH: /home/jun-young/android-ndk-r9//toolchains/arm-linux-androideabi-4.4.3/prebuilt/linux-x86_64/bin/
PATH: /home/jun-young/android-ndk-r9//toolchains/arm-linux-androideabi-4.4.3/prebuilt/linux-x86_64/bin/
PATH: /home/jun-young/android-ndk-r9//toolchains/x86-4.4.3/prebuilt/linux-x86_64/bin/
PATH: /home/jun-young/android-ndk-r9//toolchains/x86-4.4.3/prebuilt/linux-x86_64/bin/
PATH: /home/jun-young/android-ndk-r9//toolchains/x86-4.4.3/prebuilt/linux-x86_64/bin/
PATH: /home/jun-young/android-ndk-r9//toolchains/x86-4.4.3/prebuilt/linux-x86_64/bin/
PATH: /home/jun-young/android-ndk-r9//toolchains/x86-4.4.3/prebuilt/linux-x86_64/bin/
PATH: /home/jun-young/android-ndk-r9//toolchains/mipsel-linux-android-4.4.3/prebuilt/linux-x86_64/bin/
PATH: /home/jun-young/android-ndk-r9//toolchains/mipsel-linux-android-4.4.3/prebuilt/linux-x86_64/bin/
PATH: /home/jun-young/android-ndk-r9//toolchains/mipsel-linux-android-4.4.3/prebuilt/linux-x86_64/bin/
PATH: /home/jun-young/android-ndk-r9//toolchains/mipsel-linux-android-4.4.3/prebuilt/linux-x86_64/bin/
PATH: /home/jun-young/android-ndk-r9//toolchains/mipsel-linux-android-4.4.3/prebuilt/linux-x86_64/bin/
PATH: /home/jun-young/android-ndk-r9//toolchains/arm-linux-androideabi-4.4.3/prebuilt/linux-x86_64/bin/
PATH: /home/jun-young/android-ndk-r9//toolchains/arm-linux-androideabi-4.4.3/prebuilt/linux-x86_64/bin/
PATH: /home/jun-young/android-ndk-r9//toolchains/arm-linux-androideabi-4.4.3/prebuilt/linux-x86_64/bin/
PATH: /home/jun-young/android-ndk-r9//toolchains/arm-linux-androideabi-4.4.3/prebuilt/linux-x86_64/bin/
PATH: /home/jun-young/android-ndk-r9//toolchains/arm-linux-androideabi-4.4.3/prebuilt/linux-x86_64/bin/
PATH: /home/jun-young/android-ndk-r9//toolchains/arm-linux-androideabi-4.4.3/prebuilt/linux-x86_64/bin/
PATH: /home/jun-young/android-ndk-r9//toolchains/arm-linux-androideabi-4.4.3/prebuilt/linux-x86_64/bin/
PATH: /home/jun-young/android-ndk-r9//toolchains/arm-linux-androideabi-4.4.3/prebuilt/linux-x86_64/bin/
PATH: /home/jun-young/android-ndk-r9//toolchains/arm-linux-androideabi-4.4.3/prebuilt/linux-x86_64/bin/
PATH: /home/jun-young/android-ndk-r9//toolchains/arm-linux-androideabi-4.4.3/prebuilt/linux-x86_64/bin/


## ----------- ##
## Core tests. ##
## ----------- ##

configure:2475: checking for a BSD-compatible install
configure:2543: result: /usr/bin/install -c
configure:2554: checking whether build environment is sane
configure:2604: result: yes
configure:2653: checking for arm-linux-strip
configure:2680: result: /home/jun-young/android-ndk-r9//toolchains/arm-linux-androideabi-4.4.3/prebuilt/linux-x86_64/bin/arm-linux-androideabi-strip
configure:2745: checking for a thread-safe mkdir -p
configure:2784: result: /bin/mkdir -p
configure:2797: checking for gawk
configure:2813: found /usr/bin/gawk
configure:2824: result: gawk
configure:2835: checking whether make sets $(MAKE)
configure:2857: result: yes
configure:2970: checking build system type
configure:2984: result: x86_64-unknown-linux-gnu
configure:3004: checking host system type
configure:3017: result: arm-unknown-linux-gnu
configure:3058: checking how to print strings
configure:3085: result: printf
configure:3118: checking for style of include used by make
configure:3146: result: GNU
configure:3177: checking for arm-linux-gcc
configure:3204: result: /home/jun-young/android-ndk-r9//toolchains/arm-linux-androideabi-4.4.3/prebuilt/linux-x86_64/bin/arm-linux-androideabi-gcc --sysroot=/home/jun-young/android-ndk-r9//platforms/android-9/arch-arm/
configure:3473: checking for C compiler version
configure:3482: /home/jun-young/android-ndk-r9//toolchains/arm-linux-androideabi-4.4.3/prebuilt/linux-x86_64/bin/arm-linux-androideabi-gcc --sysroot=/home/jun-young/android-ndk-r9//platforms/android-9/arch-arm/ --version >&5
arm-linux-androideabi-gcc (GCC) 4.4.3
Copyright (C) 2009 Free Software Foundation, Inc.
This is free software; see the source for copying conditions.  There is NO
warranty; not even for MERCHANTABILITY or FITNESS FOR A PARTICULAR PURPOSE.

configure:3493: $? = 0
configure:3482: /home/jun-young/android-ndk-r9//toolchains/arm-linux-androideabi-4.4.3/prebuilt/linux-x86_64/bin/arm-linux-androideabi-gcc --sysroot=/home/jun-young/android-ndk-r9//platforms/android-9/arch-arm/ -v >&5
Using built-in specs.
Target: arm-linux-androideabi
Configured with: /s/ndk-toolchain/src/build/../gcc/gcc-4.4.3/configure --prefix=/tmp/ndk-andrewhsieh/build/toolchain/prefix --target=arm-linux-androideabi --host=x86_64-linux-gnu --build=x86_64-linux-gnu --with-gnu-as --with-gnu-ld --enable-languages=c,c++ --with-gmp=/tmp/ndk-andrewhsieh/build/toolchain/temp-install --with-mpfr=/tmp/ndk-andrewhsieh/build/toolchain/temp-install --without-ppl --without-cloog --without-isl --disable-libssp --enable-threads --disable-nls --disable-libmudflap --disable-libgomp --disable-libstdc__-v3 --disable-sjlj-exceptions --disable-shared --disable-tls --disable-libitm --with-float=soft --with-fpu=vfp --with-arch=armv5te --enable-target-optspace --enable-initfini-array --disable-nls --prefix=/tmp/ndk-andrewhsieh/build/toolchain/prefix --with-sysroot=/tmp/ndk-andrewhsieh/build/toolchain/prefix/sysroot --with-binutils-version=2.19 --with-mpfr-version=3.1.1 --with-mpc-version=1.0.1 --with-gmp-version=5.0.5 --with-gcc-version=4.4.3 --with-gdb-version=7.3.x --with-python=/usr/local/google/home/andrewhsieh/mydroid/ndk/prebuilt/linux-x86_64/bin/python-config.sh --with-gxx-include-dir=/tmp/ndk-andrewhsieh/build/toolchain/prefix/include/c++/4.4.3 --with-bugurl=http://source.android.com/source/report-bugs.html --disable-bootstrap --disable-libquadmath --disable-plugin --enable-libgomp --disable-libsanitizer --with-arch=armv5te --program-transform-name='s&^&arm-linux-androideabi-&'
Thread model: posix
gcc version 4.4.3 (GCC) 
configure:3493: $? = 0
configure:3482: /home/jun-young/android-ndk-r9//toolchains/arm-linux-androideabi-4.4.3/prebuilt/linux-x86_64/bin/arm-linux-androideabi-gcc --sysroot=/home/jun-young/android-ndk-r9//platforms/android-9/arch-arm/ -V >&5
arm-linux-androideabi-gcc: '-V' must come at the start of the command line
configure:3493: $? = 1
configure:3482: /home/jun-young/android-ndk-r9//toolchains/arm-linux-androideabi-4.4.3/prebuilt/linux-x86_64/bin/arm-linux-androideabi-gcc --sysroot=/home/jun-young/android-ndk-r9//platforms/android-9/arch-arm/ -qversion >&5
arm-linux-androideabi-gcc: unrecognized option '-qversion'
arm-linux-androideabi-gcc: no input files
configure:3493: $? = 1
configure:3513: checking whether the C compiler works
configure:3535: /home/jun-young/android-ndk-r9//toolchains/arm-linux-androideabi-4.4.3/prebuilt/linux-x86_64/bin/arm-linux-androideabi-gcc --sysroot=/home/jun-young/android-ndk-r9//platforms/android-9/arch-arm/ -mfloat-abi=softfp -mfpu=neon -marm -march=armv7-a -mtune=cortex-a8 -mthumb -D__thumb__  -mfloat-abi=softfp -mfpu=neon -marm -march=armv7-a -mtune=cortex-a8 -mthumb -D__thumb__  -Wl,-rpath-link=/home/jun-young/android-ndk-r9//platforms/android-9/arch-arm//usr/lib -L/home/jun-young/android-ndk-r9//platforms/android-9/arch-arm//usr/lib  -nostdlib -lc -lm -ldl -llog conftest.c  >&5
/home/jun-young/android-ndk-r9//toolchains/arm-linux-androideabi-4.4.3/prebuilt/linux-x86_64/bin/../lib/gcc/arm-linux-androideabi/4.4.3/../../../../arm-linux-androideabi/bin/ld: warning: cannot find entry symbol _start; defaulting to 00000000000081c8
configure:3539: $? = 0
configure:3587: result: yes
configure:3590: checking for C compiler default output file name
configure:3592: result: a.out
configure:3598: checking for suffix of executables
configure:3605: /home/jun-young/android-ndk-r9//toolchains/arm-linux-androideabi-4.4.3/prebuilt/linux-x86_64/bin/arm-linux-androideabi-gcc --sysroot=/home/jun-young/android-ndk-r9//platforms/android-9/arch-arm/ -o conftest -mfloat-abi=softfp -mfpu=neon -marm -march=armv7-a -mtune=cortex-a8 -mthumb -D__thumb__  -mfloat-abi=softfp -mfpu=neon -marm -march=armv7-a -mtune=cortex-a8 -mthumb -D__thumb__  -Wl,-rpath-link=/home/jun-young/android-ndk-r9//platforms/android-9/arch-arm//usr/lib -L/home/jun-young/android-ndk-r9//platforms/android-9/arch-arm//usr/lib  -nostdlib -lc -lm -ldl -llog conftest.c  >&5
/home/jun-young/android-ndk-r9//toolchains/arm-linux-androideabi-4.4.3/prebuilt/linux-x86_64/bin/../lib/gcc/arm-linux-androideabi/4.4.3/../../../../arm-linux-androideabi/bin/ld: warning: cannot find entry symbol _start; defaulting to 00000000000081c8
configure:3609: $? = 0
configure:3631: result: 
configure:3653: checking whether we are cross compiling
configure:3661: /home/jun-young/android-ndk-r9//toolchains/arm-linux-androideabi-4.4.3/prebuilt/linux-x86_64/bin/arm-linux-androideabi-gcc --sysroot=/home/jun-young/android-ndk-r9//platforms/android-9/arch-arm/ -o conftest -mfloat-abi=softfp -mfpu=neon -marm -march=armv7-a -mtune=cortex-a8 -mthumb -D__thumb__  -mfloat-abi=softfp -mfpu=neon -marm -march=armv7-a -mtune=cortex-a8 -mthumb -D__thumb__  -Wl,-rpath-link=/home/jun-young/android-ndk-r9//platforms/android-9/arch-arm//usr/lib -L/home/jun-young/android-ndk-r9//platforms/android-9/arch-arm//usr/lib  -nostdlib -lc -lm -ldl -llog conftest.c  >&5
/home/jun-young/android-ndk-r9//toolchains/arm-linux-androideabi-4.4.3/prebuilt/linux-x86_64/bin/../lib/gcc/arm-linux-androideabi/4.4.3/../../../../arm-linux-androideabi/bin/ld: warning: cannot find entry symbol _start; defaulting to 000000000000823c
configure:3665: $? = 0
configure:3672: ./conftest
./configure: line 3674: ./conftest: cannot execute binary file
configure:3676: $? = 126
configure:3691: result: yes
configure:3696: checking for suffix of object files
configure:3718: /home/jun-young/android-ndk-r9//toolchains/arm-linux-androideabi-4.4.3/prebuilt/linux-x86_64/bin/arm-linux-androideabi-gcc --sysroot=/home/jun-young/android-ndk-r9//platforms/android-9/arch-arm/ -c -mfloat-abi=softfp -mfpu=neon -marm -march=armv7-a -mtune=cortex-a8 -mthumb -D__thumb__  -mfloat-abi=softfp -mfpu=neon -marm -march=armv7-a -mtune=cortex-a8 -mthumb -D__thumb__  conftest.c >&5
configure:3722: $? = 0
configure:3743: result: o
configure:3747: checking whether we are using the GNU C compiler
configure:3766: /home/jun-young/android-ndk-r9//toolchains/arm-linux-androideabi-4.4.3/prebuilt/linux-x86_64/bin/arm-linux-androideabi-gcc --sysroot=/home/jun-young/android-ndk-r9//platforms/android-9/arch-arm/ -c -mfloat-abi=softfp -mfpu=neon -marm -march=armv7-a -mtune=cortex-a8 -mthumb -D__thumb__  -mfloat-abi=softfp -mfpu=neon -marm -march=armv7-a -mtune=cortex-a8 -mthumb -D__thumb__  conftest.c >&5
configure:3766: $? = 0
configure:3775: result: yes
configure:3784: checking whether /home/jun-young/android-ndk-r9//toolchains/arm-linux-androideabi-4.4.3/prebuilt/linux-x86_64/bin/arm-linux-androideabi-gcc --sysroot=/home/jun-young/android-ndk-r9//platforms/android-9/arch-arm/ accepts -g
configure:3804: /home/jun-young/android-ndk-r9//toolchains/arm-linux-androideabi-4.4.3/prebuilt/linux-x86_64/bin/arm-linux-androideabi-gcc --sysroot=/home/jun-young/android-ndk-r9//platforms/android-9/arch-arm/ -c -g -mfloat-abi=softfp -mfpu=neon -marm -march=armv7-a -mtune=cortex-a8 -mthumb -D__thumb__  conftest.c >&5
configure:3804: $? = 0
configure:3845: result: yes
configure:3862: checking for /home/jun-young/android-ndk-r9//toolchains/arm-linux-androideabi-4.4.3/prebuilt/linux-x86_64/bin/arm-linux-androideabi-gcc --sysroot=/home/jun-young/android-ndk-r9//platforms/android-9/arch-arm/ option to accept ISO C89
configure:3926: /home/jun-young/android-ndk-r9//toolchains/arm-linux-androideabi-4.4.3/prebuilt/linux-x86_64/bin/arm-linux-androideabi-gcc --sysroot=/home/jun-young/android-ndk-r9//platforms/android-9/arch-arm/  -c -mfloat-abi=softfp -mfpu=neon -marm -march=armv7-a -mtune=cortex-a8 -mthumb -D__thumb__  -mfloat-abi=softfp -mfpu=neon -marm -march=armv7-a -mtune=cortex-a8 -mthumb -D__thumb__  conftest.c >&5
configure:3926: $? = 0
configure:3939: result: none needed
configure:3961: checking dependency style of /home/jun-young/android-ndk-r9//toolchains/arm-linux-androideabi-4.4.3/prebuilt/linux-x86_64/bin/arm-linux-androideabi-gcc --sysroot=/home/jun-young/android-ndk-r9//platforms/android-9/arch-arm/
configure:4072: result: none
configure:4087: checking for a sed that does not truncate output
configure:4151: result: /bin/sed
configure:4169: checking for grep that handles long lines and -e
configure:4227: result: /bin/grep
configure:4232: checking for egrep
configure:4294: result: /bin/grep -E
configure:4299: checking for fgrep
configure:4361: result: /bin/grep -F
configure:4396: checking for ld used by /home/jun-young/android-ndk-r9//toolchains/arm-linux-androideabi-4.4.3/prebuilt/linux-x86_64/bin/arm-linux-androideabi-gcc --sysroot=/home/jun-young/android-ndk-r9//platforms/android-9/arch-arm/
configure:4463: result: /home/jun-young/android-ndk-r9//toolchains/arm-linux-androideabi-4.4.3/prebuilt/linux-x86_64/arm-linux-androideabi/bin/ld
configure:4470: checking if the linker (/home/jun-young/android-ndk-r9//toolchains/arm-linux-androideabi-4.4.3/prebuilt/linux-x86_64/arm-linux-androideabi/bin/ld) is GNU ld
configure:4485: result: yes
configure:4497: checking for BSD- or MS-compatible name lister (nm)
configure:4546: result: /home/jun-young/android-ndk-r9//toolchains/arm-linux-androideabi-4.4.3/prebuilt/linux-x86_64/bin/arm-linux-androideabi-nm
configure:4676: checking the name lister (/home/jun-young/android-ndk-r9//toolchains/arm-linux-androideabi-4.4.3/prebuilt/linux-x86_64/bin/arm-linux-androideabi-nm) interface
configure:4683: /home/jun-young/android-ndk-r9//toolchains/arm-linux-androideabi-4.4.3/prebuilt/linux-x86_64/bin/arm-linux-androideabi-gcc --sysroot=/home/jun-young/android-ndk-r9//platforms/android-9/arch-arm/ -c -mfloat-abi=softfp -mfpu=neon -marm -march=armv7-a -mtune=cortex-a8 -mthumb -D__thumb__  -mfloat-abi=softfp -mfpu=neon -marm -march=armv7-a -mtune=cortex-a8 -mthumb -D__thumb__  conftest.c >&5
configure:4686: /home/jun-young/android-ndk-r9//toolchains/arm-linux-androideabi-4.4.3/prebuilt/linux-x86_64/bin/arm-linux-androideabi-nm "conftest.o"
configure:4689: output
00000000 B some_variable
configure:4696: result: BSD nm
configure:4699: checking whether ln -s works
configure:4703: result: yes
configure:4711: checking the maximum length of command line arguments
configure:4841: result: 1572864
configure:4858: checking whether the shell understands some XSI constructs
configure:4868: result: yes
configure:4872: checking whether the shell understands "+="
configure:4878: result: yes
configure:4913: checking how to convert x86_64-unknown-linux-gnu file names to arm-unknown-linux-gnu format
configure:4953: result: func_convert_file_noop
configure:4960: checking how to convert x86_64-unknown-linux-gnu file names to toolchain format
configure:4980: result: func_convert_file_noop
configure:4987: checking for /home/jun-young/android-ndk-r9//toolchains/arm-linux-androideabi-4.4.3/prebuilt/linux-x86_64/arm-linux-androideabi/bin/ld option to reload object files
configure:4994: result: -r
configure:5028: checking for arm-linux-objdump
configure:5058: result: no
configure:5068: checking for objdump
configure:5084: found /usr/bin/objdump
configure:5095: result: objdump
configure:5107: WARNING: using cross tools not prefixed with host triplet
configure:5127: checking how to recognize dependent libraries
configure:5329: result: pass_all
configure:5374: checking for arm-linux-dlltool
configure:5404: result: no
configure:5414: checking for dlltool
configure:5444: result: no
configure:5474: checking how to associate runtime and link libraries
configure:5501: result: printf %s\n
configure:5518: checking for arm-linux-ar
configure:5545: result: /home/jun-young/android-ndk-r9//toolchains/arm-linux-androideabi-4.4.3/prebuilt/linux-x86_64/bin/arm-linux-androideabi-ar
configure:5626: checking for archiver @FILE support
configure:5643: /home/jun-young/android-ndk-r9//toolchains/arm-linux-androideabi-4.4.3/prebuilt/linux-x86_64/bin/arm-linux-androideabi-gcc --sysroot=/home/jun-young/android-ndk-r9//platforms/android-9/arch-arm/ -c -mfloat-abi=softfp -mfpu=neon -marm -march=armv7-a -mtune=cortex-a8 -mthumb -D__thumb__  -mfloat-abi=softfp -mfpu=neon -marm -march=armv7-a -mtune=cortex-a8 -mthumb -D__thumb__  conftest.c >&5
configure:5643: $? = 0
configure:5646: /home/jun-young/android-ndk-r9//toolchains/arm-linux-androideabi-4.4.3/prebuilt/linux-x86_64/bin/arm-linux-androideabi-ar cru libconftest.a @conftest.lst >&5
configure:5649: $? = 0
configure:5654: /home/jun-young/android-ndk-r9//toolchains/arm-linux-androideabi-4.4.3/prebuilt/linux-x86_64/bin/arm-linux-androideabi-ar cru libconftest.a @conftest.lst >&5
/home/jun-young/android-ndk-r9//toolchains/arm-linux-androideabi-4.4.3/prebuilt/linux-x86_64/bin/arm-linux-androideabi-ar: conftest.o: No such file or directory
configure:5657: $? = 1
configure:5669: result: @
configure:5687: checking for arm-linux-strip
configure:5714: result: /home/jun-young/android-ndk-r9//toolchains/arm-linux-androideabi-4.4.3/prebuilt/linux-x86_64/bin/arm-linux-androideabi-strip
configure:5786: checking for arm-linux-ranlib
configure:5813: result: /home/jun-young/android-ndk-r9//toolchains/arm-linux-androideabi-4.4.3/prebuilt/linux-x86_64/bin/arm-linux-androideabi-ranlib
configure:5955: checking command to parse /home/jun-young/android-ndk-r9//toolchains/arm-linux-androideabi-4.4.3/prebuilt/linux-x86_64/bin/arm-linux-androideabi-nm output from /home/jun-young/android-ndk-r9//toolchains/arm-linux-androideabi-4.4.3/prebuilt/linux-x86_64/bin/arm-linux-androideabi-gcc --sysroot=/home/jun-young/android-ndk-r9//platforms/android-9/arch-arm/ object
configure:6075: /home/jun-young/android-ndk-r9//toolchains/arm-linux-androideabi-4.4.3/prebuilt/linux-x86_64/bin/arm-linux-androideabi-gcc --sysroot=/home/jun-young/android-ndk-r9//platforms/android-9/arch-arm/ -c -mfloat-abi=softfp -mfpu=neon -marm -march=armv7-a -mtune=cortex-a8 -mthumb -D__thumb__  -mfloat-abi=softfp -mfpu=neon -marm -march=armv7-a -mtune=cortex-a8 -mthumb -D__thumb__  conftest.c >&5
configure:6078: $? = 0
configure:6082: /home/jun-young/android-ndk-r9//toolchains/arm-linux-androideabi-4.4.3/prebuilt/linux-x86_64/bin/arm-linux-androideabi-nm conftest.o \| sed -n -e 's/^.*[ ]\([ABCDGIRSTW][ABCDGIRSTW]*\)[ ][ ]*\([_A-Za-z][_A-Za-z0-9]*\)$/\1 \2 \2/p' | sed '/ __gnu_lto/d' \> conftest.nm
configure:6085: $? = 0
configure:6151: /home/jun-young/android-ndk-r9//toolchains/arm-linux-androideabi-4.4.3/prebuilt/linux-x86_64/bin/arm-linux-androideabi-gcc --sysroot=/home/jun-young/android-ndk-r9//platforms/android-9/arch-arm/ -o conftest -mfloat-abi=softfp -mfpu=neon -marm -march=armv7-a -mtune=cortex-a8 -mthumb -D__thumb__  -mfloat-abi=softfp -mfpu=neon -marm -march=armv7-a -mtune=cortex-a8 -mthumb -D__thumb__  -Wl,-rpath-link=/home/jun-young/android-ndk-r9//platforms/android-9/arch-arm//usr/lib -L/home/jun-young/android-ndk-r9//platforms/android-9/arch-arm//usr/lib  -nostdlib -lc -lm -ldl -llog conftest.c conftstm.o >&5
/home/jun-young/android-ndk-r9//toolchains/arm-linux-androideabi-4.4.3/prebuilt/linux-x86_64/bin/../lib/gcc/arm-linux-androideabi/4.4.3/../../../../arm-linux-androideabi/bin/ld: warning: cannot find entry symbol _start; defaulting to 00000000000081f0
configure:6154: $? = 0
configure:6192: result: ok
configure:6229: checking for sysroot
configure:6259: result: no
configure:6475: checking for arm-linux-mt
configure:6505: result: no
configure:6515: checking for mt
configure:6531: found /bin/mt
configure:6542: result: mt
configure:6565: checking if mt is a manifest tool
configure:6571: mt '-?'
configure:6579: result: no
configure:7221: checking how to run the C preprocessor
configure:7252: /home/jun-young/android-ndk-r9//toolchains/arm-linux-androideabi-4.4.3/prebuilt/linux-x86_64/bin/arm-linux-androideabi-gcc --sysroot=/home/jun-young/android-ndk-r9//platforms/android-9/arch-arm/ -E -mfloat-abi=softfp -mfpu=neon -marm -march=armv7-a -mtune=cortex-a8 -mthumb -D__thumb__  conftest.c
configure:7252: $? = 0
configure:7266: /home/jun-young/android-ndk-r9//toolchains/arm-linux-androideabi-4.4.3/prebuilt/linux-x86_64/bin/arm-linux-androideabi-gcc --sysroot=/home/jun-young/android-ndk-r9//platforms/android-9/arch-arm/ -E -mfloat-abi=softfp -mfpu=neon -marm -march=armv7-a -mtune=cortex-a8 -mthumb -D__thumb__  conftest.c
conftest.c:11:28: error: ac_nonexistent.h: No such file or directory
configure:7266: $? = 1
configure: failed program was:
| /* confdefs.h */
| #define PACKAGE_NAME "libass"
| #define PACKAGE_TARNAME "libass"
| #define PACKAGE_VERSION "0.10.0"
| #define PACKAGE_STRING "libass 0.10.0"
| #define PACKAGE_BUGREPORT ""
| #define PACKAGE_URL ""
| #define PACKAGE "libass"
| #define VERSION "0.10.0"
| /* end confdefs.h.  */
| #include <ac_nonexistent.h>
configure:7291: result: /home/jun-young/android-ndk-r9//toolchains/arm-linux-androideabi-4.4.3/prebuilt/linux-x86_64/bin/arm-linux-androideabi-gcc --sysroot=/home/jun-young/android-ndk-r9//platforms/android-9/arch-arm/ -E
configure:7311: /home/jun-young/android-ndk-r9//toolchains/arm-linux-androideabi-4.4.3/prebuilt/linux-x86_64/bin/arm-linux-androideabi-gcc --sysroot=/home/jun-young/android-ndk-r9//platforms/android-9/arch-arm/ -E -mfloat-abi=softfp -mfpu=neon -marm -march=armv7-a -mtune=cortex-a8 -mthumb -D__thumb__  conftest.c
configure:7311: $? = 0
configure:7325: /home/jun-young/android-ndk-r9//toolchains/arm-linux-androideabi-4.4.3/prebuilt/linux-x86_64/bin/arm-linux-androideabi-gcc --sysroot=/home/jun-young/android-ndk-r9//platforms/android-9/arch-arm/ -E -mfloat-abi=softfp -mfpu=neon -marm -march=armv7-a -mtune=cortex-a8 -mthumb -D__thumb__  conftest.c
conftest.c:11:28: error: ac_nonexistent.h: No such file or directory
configure:7325: $? = 1
configure: failed program was:
| /* confdefs.h */
| #define PACKAGE_NAME "libass"
| #define PACKAGE_TARNAME "libass"
| #define PACKAGE_VERSION "0.10.0"
| #define PACKAGE_STRING "libass 0.10.0"
| #define PACKAGE_BUGREPORT ""
| #define PACKAGE_URL ""
| #define PACKAGE "libass"
| #define VERSION "0.10.0"
| /* end confdefs.h.  */
| #include <ac_nonexistent.h>
configure:7354: checking for ANSI C header files
configure:7374: /home/jun-young/android-ndk-r9//toolchains/arm-linux-androideabi-4.4.3/prebuilt/linux-x86_64/bin/arm-linux-androideabi-gcc --sysroot=/home/jun-young/android-ndk-r9//platforms/android-9/arch-arm/ -c -mfloat-abi=softfp -mfpu=neon -marm -march=armv7-a -mtune=cortex-a8 -mthumb -D__thumb__  -mfloat-abi=softfp -mfpu=neon -marm -march=armv7-a -mtune=cortex-a8 -mthumb -D__thumb__  conftest.c >&5
configure:7374: $? = 0
configure:7458: result: yes
configure:7471: checking for sys/types.h
configure:7471: /home/jun-young/android-ndk-r9//toolchains/arm-linux-androideabi-4.4.3/prebuilt/linux-x86_64/bin/arm-linux-androideabi-gcc --sysroot=/home/jun-young/android-ndk-r9//platforms/android-9/arch-arm/ -c -mfloat-abi=softfp -mfpu=neon -marm -march=armv7-a -mtune=cortex-a8 -mthumb -D__thumb__  -mfloat-abi=softfp -mfpu=neon -marm -march=armv7-a -mtune=cortex-a8 -mthumb -D__thumb__  conftest.c >&5
configure:7471: $? = 0
configure:7471: result: yes
configure:7471: checking for sys/stat.h
configure:7471: /home/jun-young/android-ndk-r9//toolchains/arm-linux-androideabi-4.4.3/prebuilt/linux-x86_64/bin/arm-linux-androideabi-gcc --sysroot=/home/jun-young/android-ndk-r9//platforms/android-9/arch-arm/ -c -mfloat-abi=softfp -mfpu=neon -marm -march=armv7-a -mtune=cortex-a8 -mthumb -D__thumb__  -mfloat-abi=softfp -mfpu=neon -marm -march=armv7-a -mtune=cortex-a8 -mthumb -D__thumb__  conftest.c >&5
configure:7471: $? = 0
configure:7471: result: yes
configure:7471: checking for stdlib.h
configure:7471: /home/jun-young/android-ndk-r9//toolchains/arm-linux-androideabi-4.4.3/prebuilt/linux-x86_64/bin/arm-linux-androideabi-gcc --sysroot=/home/jun-young/android-ndk-r9//platforms/android-9/arch-arm/ -c -mfloat-abi=softfp -mfpu=neon -marm -march=armv7-a -mtune=cortex-a8 -mthumb -D__thumb__  -mfloat-abi=softfp -mfpu=neon -marm -march=armv7-a -mtune=cortex-a8 -mthumb -D__thumb__  conftest.c >&5
configure:7471: $? = 0
configure:7471: result: yes
configure:7471: checking for string.h
configure:7471: /home/jun-young/android-ndk-r9//toolchains/arm-linux-androideabi-4.4.3/prebuilt/linux-x86_64/bin/arm-linux-androideabi-gcc --sysroot=/home/jun-young/android-ndk-r9//platforms/android-9/arch-arm/ -c -mfloat-abi=softfp -mfpu=neon -marm -march=armv7-a -mtune=cortex-a8 -mthumb -D__thumb__  -mfloat-abi=softfp -mfpu=neon -marm -march=armv7-a -mtune=cortex-a8 -mthumb -D__thumb__  conftest.c >&5
configure:7471: $? = 0
configure:7471: result: yes
configure:7471: checking for memory.h
configure:7471: /home/jun-young/android-ndk-r9//toolchains/arm-linux-androideabi-4.4.3/prebuilt/linux-x86_64/bin/arm-linux-androideabi-gcc --sysroot=/home/jun-young/android-ndk-r9//platforms/android-9/arch-arm/ -c -mfloat-abi=softfp -mfpu=neon -marm -march=armv7-a -mtune=cortex-a8 -mthumb -D__thumb__  -mfloat-abi=softfp -mfpu=neon -marm -march=armv7-a -mtune=cortex-a8 -mthumb -D__thumb__  conftest.c >&5
configure:7471: $? = 0
configure:7471: result: yes
configure:7471: checking for strings.h
configure:7471: /home/jun-young/android-ndk-r9//toolchains/arm-linux-androideabi-4.4.3/prebuilt/linux-x86_64/bin/arm-linux-androideabi-gcc --sysroot=/home/jun-young/android-ndk-r9//platforms/android-9/arch-arm/ -c -mfloat-abi=softfp -mfpu=neon -marm -march=armv7-a -mtune=cortex-a8 -mthumb -D__thumb__  -mfloat-abi=softfp -mfpu=neon -marm -march=armv7-a -mtune=cortex-a8 -mthumb -D__thumb__  conftest.c >&5
configure:7471: $? = 0
configure:7471: result: yes
configure:7471: checking for inttypes.h
configure:7471: /home/jun-young/android-ndk-r9//toolchains/arm-linux-androideabi-4.4.3/prebuilt/linux-x86_64/bin/arm-linux-androideabi-gcc --sysroot=/home/jun-young/android-ndk-r9//platforms/android-9/arch-arm/ -c -mfloat-abi=softfp -mfpu=neon -marm -march=armv7-a -mtune=cortex-a8 -mthumb -D__thumb__  -mfloat-abi=softfp -mfpu=neon -marm -march=armv7-a -mtune=cortex-a8 -mthumb -D__thumb__  conftest.c >&5
configure:7471: $? = 0
configure:7471: result: yes
configure:7471: checking for stdint.h
configure:7471: /home/jun-young/android-ndk-r9//toolchains/arm-linux-androideabi-4.4.3/prebuilt/linux-x86_64/bin/arm-linux-androideabi-gcc --sysroot=/home/jun-young/android-ndk-r9//platforms/android-9/arch-arm/ -c -mfloat-abi=softfp -mfpu=neon -marm -march=armv7-a -mtune=cortex-a8 -mthumb -D__thumb__  -mfloat-abi=softfp -mfpu=neon -marm -march=armv7-a -mtune=cortex-a8 -mthumb -D__thumb__  conftest.c >&5
configure:7471: $? = 0
configure:7471: result: yes
configure:7471: checking for unistd.h
configure:7471: /home/jun-young/android-ndk-r9//toolchains/arm-linux-androideabi-4.4.3/prebuilt/linux-x86_64/bin/arm-linux-androideabi-gcc --sysroot=/home/jun-young/android-ndk-r9//platforms/android-9/arch-arm/ -c -mfloat-abi=softfp -mfpu=neon -marm -march=armv7-a -mtune=cortex-a8 -mthumb -D__thumb__  -mfloat-abi=softfp -mfpu=neon -marm -march=armv7-a -mtune=cortex-a8 -mthumb -D__thumb__  conftest.c >&5
configure:7471: $? = 0
configure:7471: result: yes
configure:7485: checking for dlfcn.h
configure:7485: /home/jun-young/android-ndk-r9//toolchains/arm-linux-androideabi-4.4.3/prebuilt/linux-x86_64/bin/arm-linux-androideabi-gcc --sysroot=/home/jun-young/android-ndk-r9//platforms/android-9/arch-arm/ -c -mfloat-abi=softfp -mfpu=neon -marm -march=armv7-a -mtune=cortex-a8 -mthumb -D__thumb__  -mfloat-abi=softfp -mfpu=neon -marm -march=armv7-a -mtune=cortex-a8 -mthumb -D__thumb__  conftest.c >&5
configure:7485: $? = 0
configure:7485: result: yes
configure:7691: checking for objdir
configure:7706: result: .libs
configure:7977: checking if /home/jun-young/android-ndk-r9//toolchains/arm-linux-androideabi-4.4.3/prebuilt/linux-x86_64/bin/arm-linux-androideabi-gcc --sysroot=/home/jun-young/android-ndk-r9//platforms/android-9/arch-arm/ supports -fno-rtti -fno-exceptions
configure:7995: /home/jun-young/android-ndk-r9//toolchains/arm-linux-androideabi-4.4.3/prebuilt/linux-x86_64/bin/arm-linux-androideabi-gcc --sysroot=/home/jun-young/android-ndk-r9//platforms/android-9/arch-arm/ -c -mfloat-abi=softfp -mfpu=neon -marm -march=armv7-a -mtune=cortex-a8 -mthumb -D__thumb__  -mfloat-abi=softfp -mfpu=neon -marm -march=armv7-a -mtune=cortex-a8 -mthumb -D__thumb__  -fno-rtti -fno-exceptions conftest.c >&5
cc1: warning: command line option "-fno-rtti" is valid for C++/ObjC++ but not for C
configure:7999: $? = 0
configure:8012: result: no
configure:8339: checking for /home/jun-young/android-ndk-r9//toolchains/arm-linux-androideabi-4.4.3/prebuilt/linux-x86_64/bin/arm-linux-androideabi-gcc --sysroot=/home/jun-young/android-ndk-r9//platforms/android-9/arch-arm/ option to produce PIC
configure:8346: result: -fPIC -DPIC
configure:8354: checking if /home/jun-young/android-ndk-r9//toolchains/arm-linux-androideabi-4.4.3/prebuilt/linux-x86_64/bin/arm-linux-androideabi-gcc --sysroot=/home/jun-young/android-ndk-r9//platforms/android-9/arch-arm/ PIC flag -fPIC -DPIC works
configure:8372: /home/jun-young/android-ndk-r9//toolchains/arm-linux-androideabi-4.4.3/prebuilt/linux-x86_64/bin/arm-linux-androideabi-gcc --sysroot=/home/jun-young/android-ndk-r9//platforms/android-9/arch-arm/ -c -mfloat-abi=softfp -mfpu=neon -marm -march=armv7-a -mtune=cortex-a8 -mthumb -D__thumb__  -mfloat-abi=softfp -mfpu=neon -marm -march=armv7-a -mtune=cortex-a8 -mthumb -D__thumb__  -fPIC -DPIC -DPIC conftest.c >&5
configure:8376: $? = 0
configure:8389: result: yes
configure:8418: checking if /home/jun-young/android-ndk-r9//toolchains/arm-linux-androideabi-4.4.3/prebuilt/linux-x86_64/bin/arm-linux-androideabi-gcc --sysroot=/home/jun-young/android-ndk-r9//platforms/android-9/arch-arm/ static flag -static works
configure:8446: result: no
configure:8461: checking if /home/jun-young/android-ndk-r9//toolchains/arm-linux-androideabi-4.4.3/prebuilt/linux-x86_64/bin/arm-linux-androideabi-gcc --sysroot=/home/jun-young/android-ndk-r9//platforms/android-9/arch-arm/ supports -c -o file.o
configure:8482: /home/jun-young/android-ndk-r9//toolchains/arm-linux-androideabi-4.4.3/prebuilt/linux-x86_64/bin/arm-linux-androideabi-gcc --sysroot=/home/jun-young/android-ndk-r9//platforms/android-9/arch-arm/ -c -mfloat-abi=softfp -mfpu=neon -marm -march=armv7-a -mtune=cortex-a8 -mthumb -D__thumb__  -mfloat-abi=softfp -mfpu=neon -marm -march=armv7-a -mtune=cortex-a8 -mthumb -D__thumb__  -o out/conftest2.o conftest.c >&5
configure:8486: $? = 0
configure:8508: result: yes
configure:8516: checking if /home/jun-young/android-ndk-r9//toolchains/arm-linux-androideabi-4.4.3/prebuilt/linux-x86_64/bin/arm-linux-androideabi-gcc --sysroot=/home/jun-young/android-ndk-r9//platforms/android-9/arch-arm/ supports -c -o file.o
configure:8563: result: yes
configure:8596: checking whether the /home/jun-young/android-ndk-r9//toolchains/arm-linux-androideabi-4.4.3/prebuilt/linux-x86_64/bin/arm-linux-androideabi-gcc --sysroot=/home/jun-young/android-ndk-r9//platforms/android-9/arch-arm/ linker (/home/jun-young/android-ndk-r9//toolchains/arm-linux-androideabi-4.4.3/prebuilt/linux-x86_64/arm-linux-androideabi/bin/ld) supports shared libraries
configure:9753: result: yes
configure:9993: checking dynamic linker characteristics
configure:10504: /home/jun-young/android-ndk-r9//toolchains/arm-linux-androideabi-4.4.3/prebuilt/linux-x86_64/bin/arm-linux-androideabi-gcc --sysroot=/home/jun-young/android-ndk-r9//platforms/android-9/arch-arm/ -o conftest -mfloat-abi=softfp -mfpu=neon -marm -march=armv7-a -mtune=cortex-a8 -mthumb -D__thumb__  -mfloat-abi=softfp -mfpu=neon -marm -march=armv7-a -mtune=cortex-a8 -mthumb -D__thumb__  -Wl,-rpath-link=/home/jun-young/android-ndk-r9//platforms/android-9/arch-arm//usr/lib -L/home/jun-young/android-ndk-r9//platforms/android-9/arch-arm//usr/lib  -nostdlib -lc -lm -ldl -llog -Wl,-rpath -Wl,/foo conftest.c  >&5
/home/jun-young/android-ndk-r9//toolchains/arm-linux-androideabi-4.4.3/prebuilt/linux-x86_64/bin/../lib/gcc/arm-linux-androideabi/4.4.3/../../../../arm-linux-androideabi/bin/ld: warning: cannot find entry symbol _start; defaulting to 00000000000081d0
configure:10504: $? = 0
configure:10738: result: GNU/Linux ld.so
configure:10845: checking how to hardcode library paths into programs
configure:10870: result: immediate
configure:11410: checking whether stripping libraries is possible
configure:11415: result: yes
configure:11450: checking if libtool supports shared libraries
configure:11452: result: yes
configure:11455: checking whether to build shared libraries
configure:11476: result: no
configure:11479: checking whether to build static libraries
configure:11483: result: yes
configure:11533: checking for arm-linux-gcc
configure:11560: result: /home/jun-young/android-ndk-r9//toolchains/arm-linux-androideabi-4.4.3/prebuilt/linux-x86_64/bin/arm-linux-androideabi-gcc --sysroot=/home/jun-young/android-ndk-r9//platforms/android-9/arch-arm/
configure:11829: checking for C compiler version
configure:11838: /home/jun-young/android-ndk-r9//toolchains/arm-linux-androideabi-4.4.3/prebuilt/linux-x86_64/bin/arm-linux-androideabi-gcc --sysroot=/home/jun-young/android-ndk-r9//platforms/android-9/arch-arm/ --version >&5
arm-linux-androideabi-gcc (GCC) 4.4.3
Copyright (C) 2009 Free Software Foundation, Inc.
This is free software; see the source for copying conditions.  There is NO
warranty; not even for MERCHANTABILITY or FITNESS FOR A PARTICULAR PURPOSE.

configure:11849: $? = 0
configure:11838: /home/jun-young/android-ndk-r9//toolchains/arm-linux-androideabi-4.4.3/prebuilt/linux-x86_64/bin/arm-linux-androideabi-gcc --sysroot=/home/jun-young/android-ndk-r9//platforms/android-9/arch-arm/ -v >&5
Using built-in specs.
Target: arm-linux-androideabi
Configured with: /s/ndk-toolchain/src/build/../gcc/gcc-4.4.3/configure --prefix=/tmp/ndk-andrewhsieh/build/toolchain/prefix --target=arm-linux-androideabi --host=x86_64-linux-gnu --build=x86_64-linux-gnu --with-gnu-as --with-gnu-ld --enable-languages=c,c++ --with-gmp=/tmp/ndk-andrewhsieh/build/toolchain/temp-install --with-mpfr=/tmp/ndk-andrewhsieh/build/toolchain/temp-install --without-ppl --without-cloog --without-isl --disable-libssp --enable-threads --disable-nls --disable-libmudflap --disable-libgomp --disable-libstdc__-v3 --disable-sjlj-exceptions --disable-shared --disable-tls --disable-libitm --with-float=soft --with-fpu=vfp --with-arch=armv5te --enable-target-optspace --enable-initfini-array --disable-nls --prefix=/tmp/ndk-andrewhsieh/build/toolchain/prefix --with-sysroot=/tmp/ndk-andrewhsieh/build/toolchain/prefix/sysroot --with-binutils-version=2.19 --with-mpfr-version=3.1.1 --with-mpc-version=1.0.1 --with-gmp-version=5.0.5 --with-gcc-version=4.4.3 --with-gdb-version=7.3.x --with-python=/usr/local/google/home/andrewhsieh/mydroid/ndk/prebuilt/linux-x86_64/bin/python-config.sh --with-gxx-include-dir=/tmp/ndk-andrewhsieh/build/toolchain/prefix/include/c++/4.4.3 --with-bugurl=http://source.android.com/source/report-bugs.html --disable-bootstrap --disable-libquadmath --disable-plugin --enable-libgomp --disable-libsanitizer --with-arch=armv5te --program-transform-name='s&^&arm-linux-androideabi-&'
Thread model: posix
gcc version 4.4.3 (GCC) 
configure:11849: $? = 0
configure:11838: /home/jun-young/android-ndk-r9//toolchains/arm-linux-androideabi-4.4.3/prebuilt/linux-x86_64/bin/arm-linux-androideabi-gcc --sysroot=/home/jun-young/android-ndk-r9//platforms/android-9/arch-arm/ -V >&5
arm-linux-androideabi-gcc: '-V' must come at the start of the command line
configure:11849: $? = 1
configure:11838: /home/jun-young/android-ndk-r9//toolchains/arm-linux-androideabi-4.4.3/prebuilt/linux-x86_64/bin/arm-linux-androideabi-gcc --sysroot=/home/jun-young/android-ndk-r9//platforms/android-9/arch-arm/ -qversion >&5
arm-linux-androideabi-gcc: unrecognized option '-qversion'
arm-linux-androideabi-gcc: no input files
configure:11849: $? = 1
configure:11853: checking whether we are using the GNU C compiler
configure:11881: result: yes
configure:11890: checking whether /home/jun-young/android-ndk-r9//toolchains/arm-linux-androideabi-4.4.3/prebuilt/linux-x86_64/bin/arm-linux-androideabi-gcc --sysroot=/home/jun-young/android-ndk-r9//platforms/android-9/arch-arm/ accepts -g
configure:11951: result: yes
configure:11968: checking for /home/jun-young/android-ndk-r9//toolchains/arm-linux-androideabi-4.4.3/prebuilt/linux-x86_64/bin/arm-linux-androideabi-gcc --sysroot=/home/jun-young/android-ndk-r9//platforms/android-9/arch-arm/ option to accept ISO C89
configure:12045: result: none needed
configure:12067: checking dependency style of /home/jun-young/android-ndk-r9//toolchains/arm-linux-androideabi-4.4.3/prebuilt/linux-x86_64/bin/arm-linux-androideabi-gcc --sysroot=/home/jun-young/android-ndk-r9//platforms/android-9/arch-arm/
configure:12178: result: none
configure:12198: checking how to run the C preprocessor
configure:12268: result: /home/jun-young/android-ndk-r9//toolchains/arm-linux-androideabi-4.4.3/prebuilt/linux-x86_64/bin/arm-linux-androideabi-gcc --sysroot=/home/jun-young/android-ndk-r9//platforms/android-9/arch-arm/ -E
configure:12288: /home/jun-young/android-ndk-r9//toolchains/arm-linux-androideabi-4.4.3/prebuilt/linux-x86_64/bin/arm-linux-androideabi-gcc --sysroot=/home/jun-young/android-ndk-r9//platforms/android-9/arch-arm/ -E -mfloat-abi=softfp -mfpu=neon -marm -march=armv7-a -mtune=cortex-a8 -mthumb -D__thumb__  conftest.c
configure:12288: $? = 0
configure:12302: /home/jun-young/android-ndk-r9//toolchains/arm-linux-androideabi-4.4.3/prebuilt/linux-x86_64/bin/arm-linux-androideabi-gcc --sysroot=/home/jun-young/android-ndk-r9//platforms/android-9/arch-arm/ -E -mfloat-abi=softfp -mfpu=neon -marm -march=armv7-a -mtune=cortex-a8 -mthumb -D__thumb__  conftest.c
conftest.c:23:28: error: ac_nonexistent.h: No such file or directory
configure:12302: $? = 1
configure: failed program was:
| /* confdefs.h */
| #define PACKAGE_NAME "libass"
| #define PACKAGE_TARNAME "libass"
| #define PACKAGE_VERSION "0.10.0"
| #define PACKAGE_STRING "libass 0.10.0"
| #define PACKAGE_BUGREPORT ""
| #define PACKAGE_URL ""
| #define PACKAGE "libass"
| #define VERSION "0.10.0"
| #define STDC_HEADERS 1
| #define HAVE_SYS_TYPES_H 1
| #define HAVE_SYS_STAT_H 1
| #define HAVE_STDLIB_H 1
| #define HAVE_STRING_H 1
| #define HAVE_MEMORY_H 1
| #define HAVE_STRINGS_H 1
| #define HAVE_INTTYPES_H 1
| #define HAVE_STDINT_H 1
| #define HAVE_UNISTD_H 1
| #define HAVE_DLFCN_H 1
| #define LT_OBJDIR ".libs/"
| /* end confdefs.h.  */
| #include <ac_nonexistent.h>
configure:12331: checking whether /home/jun-young/android-ndk-r9//toolchains/arm-linux-androideabi-4.4.3/prebuilt/linux-x86_64/bin/arm-linux-androideabi-gcc --sysroot=/home/jun-young/android-ndk-r9//platforms/android-9/arch-arm/ and cc understand -c and -o together
configure:12362: /home/jun-young/android-ndk-r9//toolchains/arm-linux-androideabi-4.4.3/prebuilt/linux-x86_64/bin/arm-linux-androideabi-gcc --sysroot=/home/jun-young/android-ndk-r9//platforms/android-9/arch-arm/ -c conftest.c -o conftest2.o >&5
configure:12366: $? = 0
configure:12372: /home/jun-young/android-ndk-r9//toolchains/arm-linux-androideabi-4.4.3/prebuilt/linux-x86_64/bin/arm-linux-androideabi-gcc --sysroot=/home/jun-young/android-ndk-r9//platforms/android-9/arch-arm/ -c conftest.c -o conftest2.o >&5
configure:12376: $? = 0
configure:12387: cc -c conftest.c >&5
configure:12391: $? = 0
configure:12399: cc -c conftest.c -o conftest2.o >&5
configure:12403: $? = 0
configure:12409: cc -c conftest.c -o conftest2.o >&5
configure:12413: $? = 0
configure:12431: result: yes
configure:12458: checking for ANSI C header files
configure:12562: result: yes
configure:12570: checking for stdbool.h that conforms to C99
configure:12637: /home/jun-young/android-ndk-r9//toolchains/arm-linux-androideabi-4.4.3/prebuilt/linux-x86_64/bin/arm-linux-androideabi-gcc --sysroot=/home/jun-young/android-ndk-r9//platforms/android-9/arch-arm/ -c -mfloat-abi=softfp -mfpu=neon -marm -march=armv7-a -mtune=cortex-a8 -mthumb -D__thumb__  -mfloat-abi=softfp -mfpu=neon -marm -march=armv7-a -mtune=cortex-a8 -mthumb -D__thumb__  conftest.c >&5
configure:12637: $? = 0
configure:12644: result: yes
configure:12646: checking for _Bool
configure:12646: /home/jun-young/android-ndk-r9//toolchains/arm-linux-androideabi-4.4.3/prebuilt/linux-x86_64/bin/arm-linux-androideabi-gcc --sysroot=/home/jun-young/android-ndk-r9//platforms/android-9/arch-arm/ -c -mfloat-abi=softfp -mfpu=neon -marm -march=armv7-a -mtune=cortex-a8 -mthumb -D__thumb__  -mfloat-abi=softfp -mfpu=neon -marm -march=armv7-a -mtune=cortex-a8 -mthumb -D__thumb__  conftest.c >&5
configure:12646: $? = 0
configure:12646: /home/jun-young/android-ndk-r9//toolchains/arm-linux-androideabi-4.4.3/prebuilt/linux-x86_64/bin/arm-linux-androideabi-gcc --sysroot=/home/jun-young/android-ndk-r9//platforms/android-9/arch-arm/ -c -mfloat-abi=softfp -mfpu=neon -marm -march=armv7-a -mtune=cortex-a8 -mthumb -D__thumb__  -mfloat-abi=softfp -mfpu=neon -marm -march=armv7-a -mtune=cortex-a8 -mthumb -D__thumb__  conftest.c >&5
conftest.c: In function 'main':
conftest.c:60: error: expected expression before ')' token
configure:12646: $? = 1
configure: failed program was:
| /* confdefs.h */
| #define PACKAGE_NAME "libass"
| #define PACKAGE_TARNAME "libass"
| #define PACKAGE_VERSION "0.10.0"
| #define PACKAGE_STRING "libass 0.10.0"
| #define PACKAGE_BUGREPORT ""
| #define PACKAGE_URL ""
| #define PACKAGE "libass"
| #define VERSION "0.10.0"
| #define STDC_HEADERS 1
| #define HAVE_SYS_TYPES_H 1
| #define HAVE_SYS_STAT_H 1
| #define HAVE_STDLIB_H 1
| #define HAVE_STRING_H 1
| #define HAVE_MEMORY_H 1
| #define HAVE_STRINGS_H 1
| #define HAVE_INTTYPES_H 1
| #define HAVE_STDINT_H 1
| #define HAVE_UNISTD_H 1
| #define HAVE_DLFCN_H 1
| #define LT_OBJDIR ".libs/"
| #define STDC_HEADERS 1
| /* end confdefs.h.  */
| #include <stdio.h>
| #ifdef HAVE_SYS_TYPES_H
| # include <sys/types.h>
| #endif
| #ifdef HAVE_SYS_STAT_H
| # include <sys/stat.h>
| #endif
| #ifdef STDC_HEADERS
| # include <stdlib.h>
| # include <stddef.h>
| #else
| # ifdef HAVE_STDLIB_H
| #  include <stdlib.h>
| # endif
| #endif
| #ifdef HAVE_STRING_H
| # if !defined STDC_HEADERS && defined HAVE_MEMORY_H
| #  include <memory.h>
| # endif
| # include <string.h>
| #endif
| #ifdef HAVE_STRINGS_H
| # include <strings.h>
| #endif
| #ifdef HAVE_INTTYPES_H
| # include <inttypes.h>
| #endif
| #ifdef HAVE_STDINT_H
| # include <stdint.h>
| #endif
| #ifdef HAVE_UNISTD_H
| # include <unistd.h>
| #endif
| int
| main ()
| {
| if (sizeof ((_Bool)))
| 	    return 0;
|   ;
|   return 0;
| }
configure:12646: result: yes
configure:12665: checking for inttypes.h
configure:12665: result: yes
configure:12665: checking for stdint.h
configure:12665: result: yes
configure:12665: checking for stdlib.h
configure:12665: result: yes
configure:12665: checking for string.h
configure:12665: result: yes
configure:12665: checking sys/time.h usability
configure:12665: /home/jun-young/android-ndk-r9//toolchains/arm-linux-androideabi-4.4.3/prebuilt/linux-x86_64/bin/arm-linux-androideabi-gcc --sysroot=/home/jun-young/android-ndk-r9//platforms/android-9/arch-arm/ -c -mfloat-abi=softfp -mfpu=neon -marm -march=armv7-a -mtune=cortex-a8 -mthumb -D__thumb__  -mfloat-abi=softfp -mfpu=neon -marm -march=armv7-a -mtune=cortex-a8 -mthumb -D__thumb__  conftest.c >&5
configure:12665: $? = 0
configure:12665: result: yes
configure:12665: checking sys/time.h presence
configure:12665: /home/jun-young/android-ndk-r9//toolchains/arm-linux-androideabi-4.4.3/prebuilt/linux-x86_64/bin/arm-linux-androideabi-gcc --sysroot=/home/jun-young/android-ndk-r9//platforms/android-9/arch-arm/ -E -mfloat-abi=softfp -mfpu=neon -marm -march=armv7-a -mtune=cortex-a8 -mthumb -D__thumb__  conftest.c
configure:12665: $? = 0
configure:12665: result: yes
configure:12665: checking for sys/time.h
configure:12665: result: yes
configure:12665: checking for unistd.h
configure:12665: result: yes
configure:12665: checking iconv.h usability
configure:12665: /home/jun-young/android-ndk-r9//toolchains/arm-linux-androideabi-4.4.3/prebuilt/linux-x86_64/bin/arm-linux-androideabi-gcc --sysroot=/home/jun-young/android-ndk-r9//platforms/android-9/arch-arm/ -c -mfloat-abi=softfp -mfpu=neon -marm -march=armv7-a -mtune=cortex-a8 -mthumb -D__thumb__  -mfloat-abi=softfp -mfpu=neon -marm -march=armv7-a -mtune=cortex-a8 -mthumb -D__thumb__  conftest.c >&5
conftest.c:65:19: error: iconv.h: No such file or directory
configure:12665: $? = 1
configure: failed program was:
| /* confdefs.h */
| #define PACKAGE_NAME "libass"
| #define PACKAGE_TARNAME "libass"
| #define PACKAGE_VERSION "0.10.0"
| #define PACKAGE_STRING "libass 0.10.0"
| #define PACKAGE_BUGREPORT ""
| #define PACKAGE_URL ""
| #define PACKAGE "libass"
| #define VERSION "0.10.0"
| #define STDC_HEADERS 1
| #define HAVE_SYS_TYPES_H 1
| #define HAVE_SYS_STAT_H 1
| #define HAVE_STDLIB_H 1
| #define HAVE_STRING_H 1
| #define HAVE_MEMORY_H 1
| #define HAVE_STRINGS_H 1
| #define HAVE_INTTYPES_H 1
| #define HAVE_STDINT_H 1
| #define HAVE_UNISTD_H 1
| #define HAVE_DLFCN_H 1
| #define LT_OBJDIR ".libs/"
| #define STDC_HEADERS 1
| #define HAVE__BOOL 1
| #define HAVE_STDBOOL_H 1
| #define HAVE_INTTYPES_H 1
| #define HAVE_STDINT_H 1
| #define HAVE_STDLIB_H 1
| #define HAVE_STRING_H 1
| #define HAVE_SYS_TIME_H 1
| #define HAVE_UNISTD_H 1
| /* end confdefs.h.  */
| #include <stdio.h>
| #ifdef HAVE_SYS_TYPES_H
| # include <sys/types.h>
| #endif
| #ifdef HAVE_SYS_STAT_H
| # include <sys/stat.h>
| #endif
| #ifdef STDC_HEADERS
| # include <stdlib.h>
| # include <stddef.h>
| #else
| # ifdef HAVE_STDLIB_H
| #  include <stdlib.h>
| # endif
| #endif
| #ifdef HAVE_STRING_H
| # if !defined STDC_HEADERS && defined HAVE_MEMORY_H
| #  include <memory.h>
| # endif
| # include <string.h>
| #endif
| #ifdef HAVE_STRINGS_H
| # include <strings.h>
| #endif
| #ifdef HAVE_INTTYPES_H
| # include <inttypes.h>
| #endif
| #ifdef HAVE_STDINT_H
| # include <stdint.h>
| #endif
| #ifdef HAVE_UNISTD_H
| # include <unistd.h>
| #endif
| #include <iconv.h>
configure:12665: result: no
configure:12665: checking iconv.h presence
configure:12665: /home/jun-young/android-ndk-r9//toolchains/arm-linux-androideabi-4.4.3/prebuilt/linux-x86_64/bin/arm-linux-androideabi-gcc --sysroot=/home/jun-young/android-ndk-r9//platforms/android-9/arch-arm/ -E -mfloat-abi=softfp -mfpu=neon -marm -march=armv7-a -mtune=cortex-a8 -mthumb -D__thumb__  conftest.c
conftest.c:32:19: error: iconv.h: No such file or directory
configure:12665: $? = 1
configure: failed program was:
| /* confdefs.h */
| #define PACKAGE_NAME "libass"
| #define PACKAGE_TARNAME "libass"
| #define PACKAGE_VERSION "0.10.0"
| #define PACKAGE_STRING "libass 0.10.0"
| #define PACKAGE_BUGREPORT ""
| #define PACKAGE_URL ""
| #define PACKAGE "libass"
| #define VERSION "0.10.0"
| #define STDC_HEADERS 1
| #define HAVE_SYS_TYPES_H 1
| #define HAVE_SYS_STAT_H 1
| #define HAVE_STDLIB_H 1
| #define HAVE_STRING_H 1
| #define HAVE_MEMORY_H 1
| #define HAVE_STRINGS_H 1
| #define HAVE_INTTYPES_H 1
| #define HAVE_STDINT_H 1
| #define HAVE_UNISTD_H 1
| #define HAVE_DLFCN_H 1
| #define LT_OBJDIR ".libs/"
| #define STDC_HEADERS 1
| #define HAVE__BOOL 1
| #define HAVE_STDBOOL_H 1
| #define HAVE_INTTYPES_H 1
| #define HAVE_STDINT_H 1
| #define HAVE_STDLIB_H 1
| #define HAVE_STRING_H 1
| #define HAVE_SYS_TIME_H 1
| #define HAVE_UNISTD_H 1
| /* end confdefs.h.  */
| #include <iconv.h>
configure:12665: result: no
configure:12665: checking for iconv.h
configure:12665: result: no
configure:12677: checking for an ANSI C-conforming const
configure:12742: /home/jun-young/android-ndk-r9//toolchains/arm-linux-androideabi-4.4.3/prebuilt/linux-x86_64/bin/arm-linux-androideabi-gcc --sysroot=/home/jun-young/android-ndk-r9//platforms/android-9/arch-arm/ -c -mfloat-abi=softfp -mfpu=neon -marm -march=armv7-a -mtune=cortex-a8 -mthumb -D__thumb__  -mfloat-abi=softfp -mfpu=neon -marm -march=armv7-a -mtune=cortex-a8 -mthumb -D__thumb__  conftest.c >&5
configure:12742: $? = 0
configure:12749: result: yes
configure:12757: checking for inline
configure:12773: /home/jun-young/android-ndk-r9//toolchains/arm-linux-androideabi-4.4.3/prebuilt/linux-x86_64/bin/arm-linux-androideabi-gcc --sysroot=/home/jun-young/android-ndk-r9//platforms/android-9/arch-arm/ -c -mfloat-abi=softfp -mfpu=neon -marm -march=armv7-a -mtune=cortex-a8 -mthumb -D__thumb__  -mfloat-abi=softfp -mfpu=neon -marm -march=armv7-a -mtune=cortex-a8 -mthumb -D__thumb__  conftest.c >&5
configure:12773: $? = 0
configure:12781: result: inline
configure:12799: checking for int64_t
configure:12799: /home/jun-young/android-ndk-r9//toolchains/arm-linux-androideabi-4.4.3/prebuilt/linux-x86_64/bin/arm-linux-androideabi-gcc --sysroot=/home/jun-young/android-ndk-r9//platforms/android-9/arch-arm/ -c -mfloat-abi=softfp -mfpu=neon -marm -march=armv7-a -mtune=cortex-a8 -mthumb -D__thumb__  -mfloat-abi=softfp -mfpu=neon -marm -march=armv7-a -mtune=cortex-a8 -mthumb -D__thumb__  conftest.c >&5
configure:12799: $? = 0
configure:12799: /home/jun-young/android-ndk-r9//toolchains/arm-linux-androideabi-4.4.3/prebuilt/linux-x86_64/bin/arm-linux-androideabi-gcc --sysroot=/home/jun-young/android-ndk-r9//platforms/android-9/arch-arm/ -c -mfloat-abi=softfp -mfpu=neon -marm -march=armv7-a -mtune=cortex-a8 -mthumb -D__thumb__  -mfloat-abi=softfp -mfpu=neon -marm -march=armv7-a -mtune=cortex-a8 -mthumb -D__thumb__  conftest.c >&5
conftest.c: In function 'main':
conftest.c:70: warning: integer overflow in expression
conftest.c:70: error: size of array 'test_array' is negative
configure:12799: $? = 1
configure: failed program was:
| /* confdefs.h */
| #define PACKAGE_NAME "libass"
| #define PACKAGE_TARNAME "libass"
| #define PACKAGE_VERSION "0.10.0"
| #define PACKAGE_STRING "libass 0.10.0"
| #define PACKAGE_BUGREPORT ""
| #define PACKAGE_URL ""
| #define PACKAGE "libass"
| #define VERSION "0.10.0"
| #define STDC_HEADERS 1
| #define HAVE_SYS_TYPES_H 1
| #define HAVE_SYS_STAT_H 1
| #define HAVE_STDLIB_H 1
| #define HAVE_STRING_H 1
| #define HAVE_MEMORY_H 1
| #define HAVE_STRINGS_H 1
| #define HAVE_INTTYPES_H 1
| #define HAVE_STDINT_H 1
| #define HAVE_UNISTD_H 1
| #define HAVE_DLFCN_H 1
| #define LT_OBJDIR ".libs/"
| #define STDC_HEADERS 1
| #define HAVE__BOOL 1
| #define HAVE_STDBOOL_H 1
| #define HAVE_INTTYPES_H 1
| #define HAVE_STDINT_H 1
| #define HAVE_STDLIB_H 1
| #define HAVE_STRING_H 1
| #define HAVE_SYS_TIME_H 1
| #define HAVE_UNISTD_H 1
| /* end confdefs.h.  */
| #include <stdio.h>
| #ifdef HAVE_SYS_TYPES_H
| # include <sys/types.h>
| #endif
| #ifdef HAVE_SYS_STAT_H
| # include <sys/stat.h>
| #endif
| #ifdef STDC_HEADERS
| # include <stdlib.h>
| # include <stddef.h>
| #else
| # ifdef HAVE_STDLIB_H
| #  include <stdlib.h>
| # endif
| #endif
| #ifdef HAVE_STRING_H
| # if !defined STDC_HEADERS && defined HAVE_MEMORY_H
| #  include <memory.h>
| # endif
| # include <string.h>
| #endif
| #ifdef HAVE_STRINGS_H
| # include <strings.h>
| #endif
| #ifdef HAVE_INTTYPES_H
| # include <inttypes.h>
| #endif
| #ifdef HAVE_STDINT_H
| # include <stdint.h>
| #endif
| #ifdef HAVE_UNISTD_H
| # include <unistd.h>
| #endif
| 	        enum { N = 64 / 2 - 1 };
| int
| main ()
| {
| static int test_array [1 - 2 * !((int64_t) (((((int64_t) 1 << N) << N) - 1) * 2 + 1)
| 		 < (int64_t) (((((int64_t) 1 << N) << N) - 1) * 2 + 2))];
| test_array [0] = 0
| 
|   ;
|   return 0;
| }
configure:12799: result: yes
configure:12810: checking for size_t
configure:12810: /home/jun-young/android-ndk-r9//toolchains/arm-linux-androideabi-4.4.3/prebuilt/linux-x86_64/bin/arm-linux-androideabi-gcc --sysroot=/home/jun-young/android-ndk-r9//platforms/android-9/arch-arm/ -c -mfloat-abi=softfp -mfpu=neon -marm -march=armv7-a -mtune=cortex-a8 -mthumb -D__thumb__  -mfloat-abi=softfp -mfpu=neon -marm -march=armv7-a -mtune=cortex-a8 -mthumb -D__thumb__  conftest.c >&5
configure:12810: $? = 0
configure:12810: /home/jun-young/android-ndk-r9//toolchains/arm-linux-androideabi-4.4.3/prebuilt/linux-x86_64/bin/arm-linux-androideabi-gcc --sysroot=/home/jun-young/android-ndk-r9//platforms/android-9/arch-arm/ -c -mfloat-abi=softfp -mfpu=neon -marm -march=armv7-a -mtune=cortex-a8 -mthumb -D__thumb__  -mfloat-abi=softfp -mfpu=neon -marm -march=armv7-a -mtune=cortex-a8 -mthumb -D__thumb__  conftest.c >&5
conftest.c: In function 'main':
conftest.c:68: error: expected expression before ')' token
configure:12810: $? = 1
configure: failed program was:
| /* confdefs.h */
| #define PACKAGE_NAME "libass"
| #define PACKAGE_TARNAME "libass"
| #define PACKAGE_VERSION "0.10.0"
| #define PACKAGE_STRING "libass 0.10.0"
| #define PACKAGE_BUGREPORT ""
| #define PACKAGE_URL ""
| #define PACKAGE "libass"
| #define VERSION "0.10.0"
| #define STDC_HEADERS 1
| #define HAVE_SYS_TYPES_H 1
| #define HAVE_SYS_STAT_H 1
| #define HAVE_STDLIB_H 1
| #define HAVE_STRING_H 1
| #define HAVE_MEMORY_H 1
| #define HAVE_STRINGS_H 1
| #define HAVE_INTTYPES_H 1
| #define HAVE_STDINT_H 1
| #define HAVE_UNISTD_H 1
| #define HAVE_DLFCN_H 1
| #define LT_OBJDIR ".libs/"
| #define STDC_HEADERS 1
| #define HAVE__BOOL 1
| #define HAVE_STDBOOL_H 1
| #define HAVE_INTTYPES_H 1
| #define HAVE_STDINT_H 1
| #define HAVE_STDLIB_H 1
| #define HAVE_STRING_H 1
| #define HAVE_SYS_TIME_H 1
| #define HAVE_UNISTD_H 1
| /* end confdefs.h.  */
| #include <stdio.h>
| #ifdef HAVE_SYS_TYPES_H
| # include <sys/types.h>
| #endif
| #ifdef HAVE_SYS_STAT_H
| # include <sys/stat.h>
| #endif
| #ifdef STDC_HEADERS
| # include <stdlib.h>
| # include <stddef.h>
| #else
| # ifdef HAVE_STDLIB_H
| #  include <stdlib.h>
| # endif
| #endif
| #ifdef HAVE_STRING_H
| # if !defined STDC_HEADERS && defined HAVE_MEMORY_H
| #  include <memory.h>
| # endif
| # include <string.h>
| #endif
| #ifdef HAVE_STRINGS_H
| # include <strings.h>
| #endif
| #ifdef HAVE_INTTYPES_H
| # include <inttypes.h>
| #endif
| #ifdef HAVE_STDINT_H
| # include <stdint.h>
| #endif
| #ifdef HAVE_UNISTD_H
| # include <unistd.h>
| #endif
| int
| main ()
| {
| if (sizeof ((size_t)))
| 	    return 0;
|   ;
|   return 0;
| }
configure:12810: result: yes
configure:12821: checking for uint32_t
configure:12821: /home/jun-young/android-ndk-r9//toolchains/arm-linux-androideabi-4.4.3/prebuilt/linux-x86_64/bin/arm-linux-androideabi-gcc --sysroot=/home/jun-young/android-ndk-r9//platforms/android-9/arch-arm/ -c -mfloat-abi=softfp -mfpu=neon -marm -march=armv7-a -mtune=cortex-a8 -mthumb -D__thumb__  -mfloat-abi=softfp -mfpu=neon -marm -march=armv7-a -mtune=cortex-a8 -mthumb -D__thumb__  conftest.c >&5
configure:12821: $? = 0
configure:12821: result: yes
configure:12835: checking for uint8_t
configure:12835: /home/jun-young/android-ndk-r9//toolchains/arm-linux-androideabi-4.4.3/prebuilt/linux-x86_64/bin/arm-linux-androideabi-gcc --sysroot=/home/jun-young/android-ndk-r9//platforms/android-9/arch-arm/ -c -mfloat-abi=softfp -mfpu=neon -marm -march=armv7-a -mtune=cortex-a8 -mthumb -D__thumb__  -mfloat-abi=softfp -mfpu=neon -marm -march=armv7-a -mtune=cortex-a8 -mthumb -D__thumb__  conftest.c >&5
configure:12835: $? = 0
configure:12835: result: yes
configure:12854: checking for mkdir
configure:12854: /home/jun-young/android-ndk-r9//toolchains/arm-linux-androideabi-4.4.3/prebuilt/linux-x86_64/bin/arm-linux-androideabi-gcc --sysroot=/home/jun-young/android-ndk-r9//platforms/android-9/arch-arm/ -o conftest -mfloat-abi=softfp -mfpu=neon -marm -march=armv7-a -mtune=cortex-a8 -mthumb -D__thumb__  -mfloat-abi=softfp -mfpu=neon -marm -march=armv7-a -mtune=cortex-a8 -mthumb -D__thumb__  -Wl,-rpath-link=/home/jun-young/android-ndk-r9//platforms/android-9/arch-arm//usr/lib -L/home/jun-young/android-ndk-r9//platforms/android-9/arch-arm//usr/lib  -nostdlib -lc -lm -ldl -llog conftest.c  >&5
/home/jun-young/android-ndk-r9//toolchains/arm-linux-androideabi-4.4.3/prebuilt/linux-x86_64/bin/../lib/gcc/arm-linux-androideabi/4.4.3/../../../../arm-linux-androideabi/bin/ld: warning: cannot find entry symbol _start; defaulting to 000000000000820c
configure:12854: $? = 0
configure:12854: result: yes
configure:12854: checking for strcasecmp
configure:12854: /home/jun-young/android-ndk-r9//toolchains/arm-linux-androideabi-4.4.3/prebuilt/linux-x86_64/bin/arm-linux-androideabi-gcc --sysroot=/home/jun-young/android-ndk-r9//platforms/android-9/arch-arm/ -o conftest -mfloat-abi=softfp -mfpu=neon -marm -march=armv7-a -mtune=cortex-a8 -mthumb -D__thumb__  -mfloat-abi=softfp -mfpu=neon -marm -march=armv7-a -mtune=cortex-a8 -mthumb -D__thumb__  -Wl,-rpath-link=/home/jun-young/android-ndk-r9//platforms/android-9/arch-arm//usr/lib -L/home/jun-young/android-ndk-r9//platforms/android-9/arch-arm//usr/lib  -nostdlib -lc -lm -ldl -llog conftest.c  >&5
conftest.c:56: warning: conflicting types for built-in function 'strcasecmp'
/home/jun-young/android-ndk-r9//toolchains/arm-linux-androideabi-4.4.3/prebuilt/linux-x86_64/bin/../lib/gcc/arm-linux-androideabi/4.4.3/../../../../arm-linux-androideabi/bin/ld: warning: cannot find entry symbol _start; defaulting to 0000000000008210
configure:12854: $? = 0
configure:12854: result: yes
configure:12854: checking for strdup
configure:12854: /home/jun-young/android-ndk-r9//toolchains/arm-linux-androideabi-4.4.3/prebuilt/linux-x86_64/bin/arm-linux-androideabi-gcc --sysroot=/home/jun-young/android-ndk-r9//platforms/android-9/arch-arm/ -o conftest -mfloat-abi=softfp -mfpu=neon -marm -march=armv7-a -mtune=cortex-a8 -mthumb -D__thumb__  -mfloat-abi=softfp -mfpu=neon -marm -march=armv7-a -mtune=cortex-a8 -mthumb -D__thumb__  -Wl,-rpath-link=/home/jun-young/android-ndk-r9//platforms/android-9/arch-arm//usr/lib -L/home/jun-young/android-ndk-r9//platforms/android-9/arch-arm//usr/lib  -nostdlib -lc -lm -ldl -llog conftest.c  >&5
conftest.c:57: warning: conflicting types for built-in function 'strdup'
/home/jun-young/android-ndk-r9//toolchains/arm-linux-androideabi-4.4.3/prebuilt/linux-x86_64/bin/../lib/gcc/arm-linux-androideabi/4.4.3/../../../../arm-linux-androideabi/bin/ld: warning: cannot find entry symbol _start; defaulting to 000000000000820c
configure:12854: $? = 0
configure:12854: result: yes
configure:12854: checking for strtol
configure:12854: /home/jun-young/android-ndk-r9//toolchains/arm-linux-androideabi-4.4.3/prebuilt/linux-x86_64/bin/arm-linux-androideabi-gcc --sysroot=/home/jun-young/android-ndk-r9//platforms/android-9/arch-arm/ -o conftest -mfloat-abi=softfp -mfpu=neon -marm -march=armv7-a -mtune=cortex-a8 -mthumb -D__thumb__  -mfloat-abi=softfp -mfpu=neon -marm -march=armv7-a -mtune=cortex-a8 -mthumb -D__thumb__  -Wl,-rpath-link=/home/jun-young/android-ndk-r9//platforms/android-9/arch-arm//usr/lib -L/home/jun-young/android-ndk-r9//platforms/android-9/arch-arm//usr/lib  -nostdlib -lc -lm -ldl -llog conftest.c  >&5
/home/jun-young/android-ndk-r9//toolchains/arm-linux-androideabi-4.4.3/prebuilt/linux-x86_64/bin/../lib/gcc/arm-linux-androideabi/4.4.3/../../../../arm-linux-androideabi/bin/ld: warning: cannot find entry symbol _start; defaulting to 000000000000820c
configure:12854: $? = 0
configure:12854: result: yes
configure:12865: checking for library containing iconv_open
configure:12896: /home/jun-young/android-ndk-r9//toolchains/arm-linux-androideabi-4.4.3/prebuilt/linux-x86_64/bin/arm-linux-androideabi-gcc --sysroot=/home/jun-young/android-ndk-r9//platforms/android-9/arch-arm/ -o conftest -mfloat-abi=softfp -mfpu=neon -marm -march=armv7-a -mtune=cortex-a8 -mthumb -D__thumb__  -mfloat-abi=softfp -mfpu=neon -marm -march=armv7-a -mtune=cortex-a8 -mthumb -D__thumb__  -Wl,-rpath-link=/home/jun-young/android-ndk-r9//platforms/android-9/arch-arm//usr/lib -L/home/jun-young/android-ndk-r9//platforms/android-9/arch-arm//usr/lib  -nostdlib -lc -lm -ldl -llog conftest.c  >&5
/home/jun-young/android-ndk-r9//toolchains/arm-linux-androideabi-4.4.3/prebuilt/linux-x86_64/bin/../lib/gcc/arm-linux-androideabi/4.4.3/../../../../arm-linux-androideabi/bin/ld: warning: cannot find entry symbol _start; defaulting to 0000000000008210
/tmp/cc6SilOs.o: In function `main':
conftest.c:(.text+0x4): undefined reference to `iconv_open'
collect2: ld returned 1 exit status
configure:12896: $? = 1
configure: failed program was:
| /* confdefs.h */
| #define PACKAGE_NAME "libass"
| #define PACKAGE_TARNAME "libass"
| #define PACKAGE_VERSION "0.10.0"
| #define PACKAGE_STRING "libass 0.10.0"
| #define PACKAGE_BUGREPORT ""
| #define PACKAGE_URL ""
| #define PACKAGE "libass"
| #define VERSION "0.10.0"
| #define STDC_HEADERS 1
| #define HAVE_SYS_TYPES_H 1
| #define HAVE_SYS_STAT_H 1
| #define HAVE_STDLIB_H 1
| #define HAVE_STRING_H 1
| #define HAVE_MEMORY_H 1
| #define HAVE_STRINGS_H 1
| #define HAVE_INTTYPES_H 1
| #define HAVE_STDINT_H 1
| #define HAVE_UNISTD_H 1
| #define HAVE_DLFCN_H 1
| #define LT_OBJDIR ".libs/"
| #define STDC_HEADERS 1
| #define HAVE__BOOL 1
| #define HAVE_STDBOOL_H 1
| #define HAVE_INTTYPES_H 1
| #define HAVE_STDINT_H 1
| #define HAVE_STDLIB_H 1
| #define HAVE_STRING_H 1
| #define HAVE_SYS_TIME_H 1
| #define HAVE_UNISTD_H 1
| #define HAVE_MKDIR 1
| #define HAVE_STRCASECMP 1
| #define HAVE_STRDUP 1
| #define HAVE_STRTOL 1
| /* end confdefs.h.  */
| 
| /* Override any GCC internal prototype to avoid an error.
|    Use char because int might match the return type of a GCC
|    builtin and then its argument prototype would still apply.  */
| #ifdef __cplusplus
| extern "C"
| #endif
| char iconv_open ();
| int
| main ()
| {
| return iconv_open ();
|   ;
|   return 0;
| }
configure:12896: /home/jun-young/android-ndk-r9//toolchains/arm-linux-androideabi-4.4.3/prebuilt/linux-x86_64/bin/arm-linux-androideabi-gcc --sysroot=/home/jun-young/android-ndk-r9//platforms/android-9/arch-arm/ -o conftest -mfloat-abi=softfp -mfpu=neon -marm -march=armv7-a -mtune=cortex-a8 -mthumb -D__thumb__  -mfloat-abi=softfp -mfpu=neon -marm -march=armv7-a -mtune=cortex-a8 -mthumb -D__thumb__  -Wl,-rpath-link=/home/jun-young/android-ndk-r9//platforms/android-9/arch-arm//usr/lib -L/home/jun-young/android-ndk-r9//platforms/android-9/arch-arm//usr/lib  -nostdlib -lc -lm -ldl -llog conftest.c -liconv   >&5
/home/jun-young/android-ndk-r9//toolchains/arm-linux-androideabi-4.4.3/prebuilt/linux-x86_64/bin/../lib/gcc/arm-linux-androideabi/4.4.3/../../../../arm-linux-androideabi/bin/ld: cannot find -liconv
collect2: ld returned 1 exit status
configure:12896: $? = 1
configure: failed program was:
| /* confdefs.h */
| #define PACKAGE_NAME "libass"
| #define PACKAGE_TARNAME "libass"
| #define PACKAGE_VERSION "0.10.0"
| #define PACKAGE_STRING "libass 0.10.0"
| #define PACKAGE_BUGREPORT ""
| #define PACKAGE_URL ""
| #define PACKAGE "libass"
| #define VERSION "0.10.0"
| #define STDC_HEADERS 1
| #define HAVE_SYS_TYPES_H 1
| #define HAVE_SYS_STAT_H 1
| #define HAVE_STDLIB_H 1
| #define HAVE_STRING_H 1
| #define HAVE_MEMORY_H 1
| #define HAVE_STRINGS_H 1
| #define HAVE_INTTYPES_H 1
| #define HAVE_STDINT_H 1
| #define HAVE_UNISTD_H 1
| #define HAVE_DLFCN_H 1
| #define LT_OBJDIR ".libs/"
| #define STDC_HEADERS 1
| #define HAVE__BOOL 1
| #define HAVE_STDBOOL_H 1
| #define HAVE_INTTYPES_H 1
| #define HAVE_STDINT_H 1
| #define HAVE_STDLIB_H 1
| #define HAVE_STRING_H 1
| #define HAVE_SYS_TIME_H 1
| #define HAVE_UNISTD_H 1
| #define HAVE_MKDIR 1
| #define HAVE_STRCASECMP 1
| #define HAVE_STRDUP 1
| #define HAVE_STRTOL 1
| /* end confdefs.h.  */
| 
| /* Override any GCC internal prototype to avoid an error.
|    Use char because int might match the return type of a GCC
|    builtin and then its argument prototype would still apply.  */
| #ifdef __cplusplus
| extern "C"
| #endif
| char iconv_open ();
| int
| main ()
| {
| return iconv_open ();
|   ;
|   return 0;
| }
configure:12913: result: no
configure:12923: checking for fabs in -lm
configure:12948: /home/jun-young/android-ndk-r9//toolchains/arm-linux-androideabi-4.4.3/prebuilt/linux-x86_64/bin/arm-linux-androideabi-gcc --sysroot=/home/jun-young/android-ndk-r9//platforms/android-9/arch-arm/ -o conftest -mfloat-abi=softfp -mfpu=neon -marm -march=armv7-a -mtune=cortex-a8 -mthumb -D__thumb__  -mfloat-abi=softfp -mfpu=neon -marm -march=armv7-a -mtune=cortex-a8 -mthumb -D__thumb__  -Wl,-rpath-link=/home/jun-young/android-ndk-r9//platforms/android-9/arch-arm//usr/lib -L/home/jun-young/android-ndk-r9//platforms/android-9/arch-arm//usr/lib  -nostdlib -lc -lm -ldl -llog conftest.c -lm   >&5
conftest.c:43: warning: conflicting types for built-in function 'fabs'
/home/jun-young/android-ndk-r9//toolchains/arm-linux-androideabi-4.4.3/prebuilt/linux-x86_64/bin/../lib/gcc/arm-linux-androideabi/4.4.3/../../../../arm-linux-androideabi/bin/ld: warning: cannot find entry symbol _start; defaulting to 000000000000820c
configure:12948: $? = 0
configure:12957: result: yes
configure:13002: checking for arm-linux-pkg-config
configure:13035: result: no
configure:13045: checking for pkg-config
configure:13063: found /usr/bin/pkg-config
configure:13075: result: /usr/bin/pkg-config
configure:13100: checking pkg-config is at least version 0.9.0
configure:13103: result: yes
configure:13113: checking for FREETYPE
configure:13120: $PKG_CONFIG --exists --print-errors "freetype2 >= 9.10.3"
configure:13123: $? = 0
configure:13137: $PKG_CONFIG --exists --print-errors "freetype2 >= 9.10.3"
configure:13140: $? = 0
configure:13198: result: yes
configure:13211: checking for FRIBIDI
configure:13218: $PKG_CONFIG --exists --print-errors "fribidi >= 0.19.0"
configure:13221: $? = 0
configure:13235: $PKG_CONFIG --exists --print-errors "fribidi >= 0.19.0"
configure:13238: $? = 0
configure:13296: result: yes
configure:13411: checking for HARFBUZZ
configure:13418: $PKG_CONFIG --exists --print-errors "harfbuzz >= 0.7.0"
Package harfbuzz was not found in the pkg-config search path.
Perhaps you should add the directory containing `harfbuzz.pc'
to the PKG_CONFIG_PATH environment variable
No package 'harfbuzz' found
configure:13421: $? = 1
configure:13435: $PKG_CONFIG --exists --print-errors "harfbuzz >= 0.7.0"
Package harfbuzz was not found in the pkg-config search path.
Perhaps you should add the directory containing `harfbuzz.pc'
to the PKG_CONFIG_PATH environment variable
No package 'harfbuzz' found
configure:13438: $? = 1
configure:13452: result: no
No package 'harfbuzz' found
configure:13492: checking for ENCA
configure:13499: $PKG_CONFIG --exists --print-errors "enca"
Package enca was not found in the pkg-config search path.
Perhaps you should add the directory containing `enca.pc'
to the PKG_CONFIG_PATH environment variable
No package 'enca' found
configure:13502: $? = 1
configure:13516: $PKG_CONFIG --exists --print-errors "enca"
Package enca was not found in the pkg-config search path.
Perhaps you should add the directory containing `enca.pc'
to the PKG_CONFIG_PATH environment variable
No package 'enca' found
configure:13519: $? = 1
configure:13533: result: no
No package 'enca' found
configure:13714: checking whether make supports nested variables
configure:13731: result: yes
configure:13883: creating ./config.status

## ---------------------- ##
## Running config.status. ##
## ---------------------- ##

This file was extended by libass config.status 0.10.0, which was
generated by GNU Autoconf 2.68.  Invocation command line was

  CONFIG_FILES    = 
  CONFIG_HEADERS  = 
  CONFIG_LINKS    = 
  CONFIG_COMMANDS = 
  $ ./config.status 

on Developer

config.status:1139: creating Makefile
config.status:1139: creating libass/Makefile
config.status:1139: creating test/Makefile
config.status:1139: creating libass.pc
config.status:1139: creating config.h
config.status:1320: config.h is unchanged
config.status:1368: executing depfiles commands
config.status:1368: executing libtool commands
configure:16120: WARNING: unrecognized options: --enable-neon

## ---------------- ##
## Cache variables. ##
## ---------------- ##

ac_cv_build=x86_64-unknown-linux-gnu
ac_cv_c_compiler_gnu=yes
ac_cv_c_const=yes
ac_cv_c_inline=inline
ac_cv_c_int64_t=yes
ac_cv_c_uint32_t=yes
ac_cv_c_uint8_t=yes
ac_cv_env_CC_set=set
ac_cv_env_CC_value='/home/jun-young/android-ndk-r9//toolchains/arm-linux-androideabi-4.4.3/prebuilt/linux-x86_64/bin/arm-linux-androideabi-gcc --sysroot=/home/jun-young/android-ndk-r9//platforms/android-9/arch-arm/'
ac_cv_env_CFLAGS_set=set
ac_cv_env_CFLAGS_value='-mfloat-abi=softfp -mfpu=neon -marm -march=armv7-a -mtune=cortex-a8 -mthumb -D__thumb__ '
ac_cv_env_CPPFLAGS_set=set
ac_cv_env_CPPFLAGS_value='-mfloat-abi=softfp -mfpu=neon -marm -march=armv7-a -mtune=cortex-a8 -mthumb -D__thumb__ '
ac_cv_env_CPP_set=
ac_cv_env_CPP_value=
ac_cv_env_ENCA_CFLAGS_set=
ac_cv_env_ENCA_CFLAGS_value=
ac_cv_env_ENCA_LIBS_set=
ac_cv_env_ENCA_LIBS_value=
ac_cv_env_FONTCONFIG_CFLAGS_set=
ac_cv_env_FONTCONFIG_CFLAGS_value=
ac_cv_env_FONTCONFIG_LIBS_set=
ac_cv_env_FONTCONFIG_LIBS_value=
ac_cv_env_FREETYPE_CFLAGS_set=
ac_cv_env_FREETYPE_CFLAGS_value=
ac_cv_env_FREETYPE_LIBS_set=
ac_cv_env_FREETYPE_LIBS_value=
ac_cv_env_FRIBIDI_CFLAGS_set=
ac_cv_env_FRIBIDI_CFLAGS_value=
ac_cv_env_FRIBIDI_LIBS_set=
ac_cv_env_FRIBIDI_LIBS_value=
ac_cv_env_HARFBUZZ_CFLAGS_set=
ac_cv_env_HARFBUZZ_CFLAGS_value=
ac_cv_env_HARFBUZZ_LIBS_set=
ac_cv_env_HARFBUZZ_LIBS_value=
ac_cv_env_LDFLAGS_set=set
ac_cv_env_LDFLAGS_value='-Wl,-rpath-link=/home/jun-young/android-ndk-r9//platforms/android-9/arch-arm//usr/lib -L/home/jun-young/android-ndk-r9//platforms/android-9/arch-arm//usr/lib  -nostdlib -lc -lm -ldl -llog'
ac_cv_env_LIBPNG_CFLAGS_set=
ac_cv_env_LIBPNG_CFLAGS_value=
ac_cv_env_LIBPNG_LIBS_set=
ac_cv_env_LIBPNG_LIBS_value=
ac_cv_env_LIBS_set=
ac_cv_env_LIBS_value=
ac_cv_env_PKG_CONFIG_LIBDIR_set=set
ac_cv_env_PKG_CONFIG_LIBDIR_value=/home/jun-young/workspace/Catch-Player/FFmpegLibrary/jni/libass/../ffmpeg-build/armeabi-v7a-neon/lib/pkgconfig/
ac_cv_env_PKG_CONFIG_PATH_set=set
ac_cv_env_PKG_CONFIG_PATH_value=/home/jun-young/workspace/Catch-Player/FFmpegLibrary/jni/libass/../ffmpeg-build/armeabi-v7a-neon/lib/pkgconfig/
ac_cv_env_PKG_CONFIG_set=
ac_cv_env_PKG_CONFIG_value=
ac_cv_env_build_alias_set=
ac_cv_env_build_alias_value=
ac_cv_env_host_alias_set=set
ac_cv_env_host_alias_value=arm-linux
ac_cv_env_target_alias_set=
ac_cv_env_target_alias_value=
ac_cv_func_mkdir=yes
ac_cv_func_strcasecmp=yes
ac_cv_func_strdup=yes
ac_cv_func_strtol=yes
ac_cv_header_dlfcn_h=yes
ac_cv_header_iconv_h=no
ac_cv_header_inttypes_h=yes
ac_cv_header_memory_h=yes
ac_cv_header_stdbool_h=yes
ac_cv_header_stdc=yes
ac_cv_header_stdint_h=yes
ac_cv_header_stdlib_h=yes
ac_cv_header_string_h=yes
ac_cv_header_strings_h=yes
ac_cv_header_sys_stat_h=yes
ac_cv_header_sys_time_h=yes
ac_cv_header_sys_types_h=yes
ac_cv_header_unistd_h=yes
ac_cv_host=arm-unknown-linux-gnu
ac_cv_lib_m_fabs=yes
ac_cv_objext=o
ac_cv_path_EGREP='/bin/grep -E'
ac_cv_path_FGREP='/bin/grep -F'
ac_cv_path_GREP=/bin/grep
ac_cv_path_SED=/bin/sed
ac_cv_path_ac_pt_PKG_CONFIG=/usr/bin/pkg-config
ac_cv_path_install='/usr/bin/install -c'
ac_cv_path_mkdir=/bin/mkdir
ac_cv_prog_AR=/home/jun-young/android-ndk-r9//toolchains/arm-linux-androideabi-4.4.3/prebuilt/linux-x86_64/bin/arm-linux-androideabi-ar
ac_cv_prog_AWK=gawk
ac_cv_prog_CC='/home/jun-young/android-ndk-r9//toolchains/arm-linux-androideabi-4.4.3/prebuilt/linux-x86_64/bin/arm-linux-androideabi-gcc --sysroot=/home/jun-young/android-ndk-r9//platforms/android-9/arch-arm/'
ac_cv_prog_CPP='/home/jun-young/android-ndk-r9//toolchains/arm-linux-androideabi-4.4.3/prebuilt/linux-x86_64/bin/arm-linux-androideabi-gcc --sysroot=/home/jun-young/android-ndk-r9//platforms/android-9/arch-arm/ -E'
ac_cv_prog_RANLIB=/home/jun-young/android-ndk-r9//toolchains/arm-linux-androideabi-4.4.3/prebuilt/linux-x86_64/bin/arm-linux-androideabi-ranlib
ac_cv_prog_STRIP=/home/jun-young/android-ndk-r9//toolchains/arm-linux-androideabi-4.4.3/prebuilt/linux-x86_64/bin/arm-linux-androideabi-strip
ac_cv_prog_ac_ct_MANIFEST_TOOL=mt
ac_cv_prog_ac_ct_OBJDUMP=objdump
ac_cv_prog_cc__home_jun_young_android_ndk_r9__toolchains_arm_linux_androideabi_4_4_3_prebuilt_linux_x86_64_bin_arm_linux_androideabi_gcc_c_o=yes
ac_cv_prog_cc_c89=
ac_cv_prog_cc_g=yes
ac_cv_prog_make_make_set=yes
ac_cv_search_iconv_open=no
ac_cv_type__Bool=yes
ac_cv_type_size_t=yes
am_cv_CC_dependencies_compiler_type=none
am_cv_make_support_nested_variables=yes
lt_cv_ar_at_file=@
lt_cv_deplibs_check_method=pass_all
lt_cv_file_magic_cmd='$MAGIC_CMD'
lt_cv_file_magic_test_file=
lt_cv_ld_reload_flag=-r
lt_cv_nm_interface='BSD nm'
lt_cv_objdir=.libs
lt_cv_path_LD=/home/jun-young/android-ndk-r9//toolchains/arm-linux-androideabi-4.4.3/prebuilt/linux-x86_64/arm-linux-androideabi/bin/ld
lt_cv_path_NM=/home/jun-young/android-ndk-r9//toolchains/arm-linux-androideabi-4.4.3/prebuilt/linux-x86_64/bin/arm-linux-androideabi-nm
lt_cv_path_mainfest_tool=no
lt_cv_prog_compiler_c_o=yes
lt_cv_prog_compiler_pic='-fPIC -DPIC'
lt_cv_prog_compiler_pic_works=yes
lt_cv_prog_compiler_rtti_exceptions=no
lt_cv_prog_compiler_static_works=no
lt_cv_prog_gnu_ld=yes
lt_cv_sharedlib_from_linklib_cmd='printf %s\n'
lt_cv_shlibpath_overrides_runpath=no
lt_cv_sys_global_symbol_pipe='sed -n -e '\''s/^.*[	 ]\([ABCDGIRSTW][ABCDGIRSTW]*\)[	 ][	 ]*\([_A-Za-z][_A-Za-z0-9]*\)$/\1 \2 \2/p'\'' | sed '\''/ __gnu_lto/d'\'''
lt_cv_sys_global_symbol_to_c_name_address='sed -n -e '\''s/^: \([^ ]*\)[ ]*$/  {\"\1\", (void *) 0},/p'\'' -e '\''s/^[ABCDGIRSTW]* \([^ ]*\) \([^ ]*\)$/  {"\2", (void *) \&\2},/p'\'''
lt_cv_sys_global_symbol_to_c_name_address_lib_prefix='sed -n -e '\''s/^: \([^ ]*\)[ ]*$/  {\"\1\", (void *) 0},/p'\'' -e '\''s/^[ABCDGIRSTW]* \([^ ]*\) \(lib[^ ]*\)$/  {"\2", (void *) \&\2},/p'\'' -e '\''s/^[ABCDGIRSTW]* \([^ ]*\) \([^ ]*\)$/  {"lib\2", (void *) \&\2},/p'\'''
lt_cv_sys_global_symbol_to_cdecl='sed -n -e '\''s/^T .* \(.*\)$/extern int \1();/p'\'' -e '\''s/^[ABCDGIRSTW]* .* \(.*\)$/extern char \1;/p'\'''
lt_cv_sys_max_cmd_len=1572864
lt_cv_to_host_file_cmd=func_convert_file_noop
lt_cv_to_tool_file_cmd=func_convert_file_noop
pkg_cv_FREETYPE_CFLAGS='-I/home/jun-young/workspace/Catch-Player/FFmpegLibrary/jni/freetype2/../ffmpeg-build/armeabi-v7a-neon/include/freetype2 -I/home/jun-young/workspace/Catch-Player/FFmpegLibrary/jni/freetype2/../ffmpeg-build/armeabi-v7a-neon/include  '
pkg_cv_FREETYPE_LIBS='-L/home/jun-young/workspace/Catch-Player/FFmpegLibrary/jni/freetype2/../ffmpeg-build/armeabi-v7a-neon/lib -lfreetype  '
pkg_cv_FRIBIDI_CFLAGS='-I/home/jun-young/workspace/Catch-Player/FFmpegLibrary/jni/fribidi/../ffmpeg-build/armeabi-v7a-neon/include/fribidi  '
pkg_cv_FRIBIDI_LIBS='-L/home/jun-young/workspace/Catch-Player/FFmpegLibrary/jni/fribidi/../ffmpeg-build/armeabi-v7a-neon/lib -lfribidi  '

## ----------------- ##
## Output variables. ##
## ----------------- ##

ACLOCAL='${SHELL} /home/jun-young/workspace/Catch-Player/FFmpegLibrary/jni/libass/missing --run aclocal-1.11'
AMDEPBACKSLASH=''
AMDEP_FALSE=''
AMDEP_TRUE='#'
AMTAR='$${TAR-tar}'
AM_BACKSLASH='\'
AM_DEFAULT_V='$(AM_DEFAULT_VERBOSITY)'
AM_DEFAULT_VERBOSITY='0'
AM_V='$(V)'
AR='/home/jun-young/android-ndk-r9//toolchains/arm-linux-androideabi-4.4.3/prebuilt/linux-x86_64/bin/arm-linux-androideabi-ar'
AUTOCONF='${SHELL} /home/jun-young/workspace/Catch-Player/FFmpegLibrary/jni/libass/missing --run autoconf'
AUTOHEADER='${SHELL} /home/jun-young/workspace/Catch-Player/FFmpegLibrary/jni/libass/missing --run autoheader'
AUTOMAKE='${SHELL} /home/jun-young/workspace/Catch-Player/FFmpegLibrary/jni/libass/missing --run automake-1.11'
AWK='gawk'
CC='/home/jun-young/android-ndk-r9//toolchains/arm-linux-androideabi-4.4.3/prebuilt/linux-x86_64/bin/arm-linux-androideabi-gcc --sysroot=/home/jun-young/android-ndk-r9//platforms/android-9/arch-arm/'
CCDEPMODE='depmode=none'
CFLAGS='-mfloat-abi=softfp -mfpu=neon -marm -march=armv7-a -mtune=cortex-a8 -mthumb -D__thumb__  -I/home/jun-young/workspace/Catch-Player/FFmpegLibrary/jni/freetype2/../ffmpeg-build/armeabi-v7a-neon/include/freetype2 -I/home/jun-young/workspace/Catch-Player/FFmpegLibrary/jni/freetype2/../ffmpeg-build/armeabi-v7a-neon/include   -I/home/jun-young/workspace/Catch-Player/FFmpegLibrary/jni/fribidi/../ffmpeg-build/armeabi-v7a-neon/include/fribidi  '
CPP='/home/jun-young/android-ndk-r9//toolchains/arm-linux-androideabi-4.4.3/prebuilt/linux-x86_64/bin/arm-linux-androideabi-gcc --sysroot=/home/jun-young/android-ndk-r9//platforms/android-9/arch-arm/ -E'
CPPFLAGS='-mfloat-abi=softfp -mfpu=neon -marm -march=armv7-a -mtune=cortex-a8 -mthumb -D__thumb__ '
CYGPATH_W='echo'
DEFS='-DHAVE_CONFIG_H'
DEPDIR='.deps'
DLLTOOL='false'
DSYMUTIL=''
DUMPBIN=''
ECHO_C=''
ECHO_N='-n'
ECHO_T=''
EGREP='/bin/grep -E'
ENCA_CFLAGS=''
ENCA_LIBS=''
EXEEXT=''
FGREP='/bin/grep -F'
FONTCONFIG_CFLAGS=''
FONTCONFIG_LIBS=''
FREETYPE_CFLAGS='-I/home/jun-young/workspace/Catch-Player/FFmpegLibrary/jni/freetype2/../ffmpeg-build/armeabi-v7a-neon/include/freetype2 -I/home/jun-young/workspace/Catch-Player/FFmpegLibrary/jni/freetype2/../ffmpeg-build/armeabi-v7a-neon/include  '
FREETYPE_LIBS='-L/home/jun-young/workspace/Catch-Player/FFmpegLibrary/jni/freetype2/../ffmpeg-build/armeabi-v7a-neon/lib -lfreetype  '
FRIBIDI_CFLAGS='-I/home/jun-young/workspace/Catch-Player/FFmpegLibrary/jni/fribidi/../ffmpeg-build/armeabi-v7a-neon/include/fribidi  '
FRIBIDI_LIBS='-L/home/jun-young/workspace/Catch-Player/FFmpegLibrary/jni/fribidi/../ffmpeg-build/armeabi-v7a-neon/lib -lfribidi  '
GREP='/bin/grep'
HARFBUZZ_CFLAGS=''
HARFBUZZ_LIBS=''
HAVE_LIBPNG_FALSE=''
HAVE_LIBPNG_TRUE='#'
INSTALL_DATA='${INSTALL} -m 644'
INSTALL_PROGRAM='${INSTALL}'
INSTALL_SCRIPT='${INSTALL}'
INSTALL_STRIP_PROGRAM='$(install_sh) -c -s'
LD='/home/jun-young/android-ndk-r9//toolchains/arm-linux-androideabi-4.4.3/prebuilt/linux-x86_64/arm-linux-androideabi/bin/ld'
LDFLAGS='-Wl,-rpath-link=/home/jun-young/android-ndk-r9//platforms/android-9/arch-arm//usr/lib -L/home/jun-young/android-ndk-r9//platforms/android-9/arch-arm//usr/lib  -nostdlib -lc -lm -ldl -llog'
LIBOBJS=''
LIBPNG_CFLAGS=''
LIBPNG_LIBS=''
LIBS='-lm  -L/home/jun-young/workspace/Catch-Player/FFmpegLibrary/jni/freetype2/../ffmpeg-build/armeabi-v7a-neon/lib -lfreetype   -L/home/jun-young/workspace/Catch-Player/FFmpegLibrary/jni/fribidi/../ffmpeg-build/armeabi-v7a-neon/lib -lfribidi  '
LIBTOOL='$(SHELL) $(top_builddir)/libtool'
LIPO=''
LN_S='ln -s'
LTLIBOBJS=''
MAKEINFO='${SHELL} /home/jun-young/workspace/Catch-Player/FFmpegLibrary/jni/libass/missing --run makeinfo'
MANIFEST_TOOL=':'
MKDIR_P='/bin/mkdir -p'
NM='/home/jun-young/android-ndk-r9//toolchains/arm-linux-androideabi-4.4.3/prebuilt/linux-x86_64/bin/arm-linux-androideabi-nm'
NMEDIT=''
OBJDUMP='objdump'
OBJEXT='o'
OTOOL64=''
OTOOL=''
PACKAGE='libass'
PACKAGE_BUGREPORT=''
PACKAGE_NAME='libass'
PACKAGE_STRING='libass 0.10.0'
PACKAGE_TARNAME='libass'
PACKAGE_URL=''
PACKAGE_VERSION='0.10.0'
PATH_SEPARATOR=':'
PKG_CONFIG='/usr/bin/pkg-config'
PKG_CONFIG_LIBDIR='/home/jun-young/workspace/Catch-Player/FFmpegLibrary/jni/libass/../ffmpeg-build/armeabi-v7a-neon/lib/pkgconfig/'
PKG_CONFIG_PATH='/home/jun-young/workspace/Catch-Player/FFmpegLibrary/jni/libass/../ffmpeg-build/armeabi-v7a-neon/lib/pkgconfig/'
PKG_LIBS_DEFAULT='-lm'
PKG_LIBS_PRIVATE=''
PKG_REQUIRES_DEFAULT='fribidi >= 0.19.0, freetype2 >= 9.6.3'
PKG_REQUIRES_PRIVATE=''
RANLIB='/home/jun-young/android-ndk-r9//toolchains/arm-linux-androideabi-4.4.3/prebuilt/linux-x86_64/bin/arm-linux-androideabi-ranlib'
SED='/bin/sed'
SET_MAKE=''
SHELL='/bin/bash'
STRIP='/home/jun-young/android-ndk-r9//toolchains/arm-linux-androideabi-4.4.3/prebuilt/linux-x86_64/bin/arm-linux-androideabi-strip'
VERSION='0.10.0'
ac_ct_AR=''
ac_ct_CC=''
ac_ct_DUMPBIN=''
am__EXEEXT_FALSE=''
am__EXEEXT_TRUE='#'
am__fastdepCC_FALSE=''
am__fastdepCC_TRUE='#'
am__include='include'
am__isrc=''
am__leading_dot='.'
am__nodep=''
am__quote=''
am__tar='$${TAR-tar} chof - "$$tardir"'
am__untar='$${TAR-tar} xf -'
bindir='${exec_prefix}/bin'
build='x86_64-unknown-linux-gnu'
build_alias=''
build_cpu='x86_64'
build_os='linux-gnu'
build_vendor='unknown'
datadir='${datarootdir}'
datarootdir='${prefix}/share'
docdir='${datarootdir}/doc/${PACKAGE_TARNAME}'
dvidir='${docdir}'
exec_prefix='${prefix}'
host='arm-unknown-linux-gnu'
host_alias='arm-linux'
host_cpu='arm'
host_os='linux-gnu'
host_vendor='unknown'
htmldir='${docdir}'
includedir='${prefix}/include'
infodir='${datarootdir}/info'
install_sh='${SHELL} /home/jun-young/workspace/Catch-Player/FFmpegLibrary/jni/libass/install-sh'
libdir='${exec_prefix}/lib'
libexecdir='${exec_prefix}/libexec'
localedir='${datarootdir}/locale'
localstatedir='${prefix}/var'
mandir='${datarootdir}/man'
mkdir_p='/bin/mkdir -p'
oldincludedir='/usr/include'
pdfdir='${docdir}'
prefix='/home/jun-young/workspace/Catch-Player/FFmpegLibrary/jni/libass/../ffmpeg-build/armeabi-v7a-neon'
program_transform_name='s,x,x,'
psdir='${docdir}'
sbindir='${exec_prefix}/sbin'
sharedstatedir='${prefix}/com'
sysconfdir='${prefix}/etc'
target_alias=''

## ----------- ##
## confdefs.h. ##
## ----------- ##

/* confdefs.h */
#define PACKAGE_NAME "libass"
#define PACKAGE_TARNAME "libass"
#define PACKAGE_VERSION "0.10.0"
#define PACKAGE_STRING "libass 0.10.0"
#define PACKAGE_BUGREPORT ""
#define PACKAGE_URL ""
#define PACKAGE "libass"
#define VERSION "0.10.0"
#define STDC_HEADERS 1
#define HAVE_SYS_TYPES_H 1
#define HAVE_SYS_STAT_H 1
#define HAVE_STDLIB_H 1
#define HAVE_STRING_H 1
#define HAVE_MEMORY_H 1
#define HAVE_STRINGS_H 1
#define HAVE_INTTYPES_H 1
#define HAVE_STDINT_H 1
#define HAVE_UNISTD_H 1
#define HAVE_DLFCN_H 1
#define LT_OBJDIR ".libs/"
#define STDC_HEADERS 1
#define HAVE__BOOL 1
#define HAVE_STDBOOL_H 1
#define HAVE_INTTYPES_H 1
#define HAVE_STDINT_H 1
#define HAVE_STDLIB_H 1
#define HAVE_STRING_H 1
#define HAVE_SYS_TIME_H 1
#define HAVE_UNISTD_H 1
#define HAVE_MKDIR 1
#define HAVE_STRCASECMP 1
#define HAVE_STRDUP 1
#define HAVE_STRTOL 1
#define HAVE_LIBM 1
#define CONFIG_FREETYPE 1
#define CONFIG_FRIBIDI 1

configure: exit 0
